[35m[1mConsolidate compiler generated dependencies of target learn_share_ptr[0m
[ 33%] [32mBuilding CXX object CMakeFiles/learn_share_ptr.dir/src/learn_share_ptr.cpp.o[0m
[ 50%] Built target person_node
[ 83%] Built target cpp_node
[100%] [32m[1mLinking CXX executable learn_share_ptr[0m
[100%] Built target learn_share_ptr
-- Install configuration: ""
-- Up-to-date: /home/cat/WorkSpace/Code/ROS2/chapt2/chapt2_ws/install/demo_cpp_pkg/lib/demo_cpp_pkg/cpp_node
-- Up-to-date: /home/cat/WorkSpace/Code/ROS2/chapt2/chapt2_ws/install/demo_cpp_pkg/lib/demo_cpp_pkg/person_node
-- Installing: /home/cat/WorkSpace/Code/ROS2/chapt2/chapt2_ws/install/demo_cpp_pkg/lib/demo_cpp_pkg/learn_share_ptr
-- Up-to-date: /home/cat/WorkSpace/Code/ROS2/chapt2/chapt2_ws/install/demo_cpp_pkg/share/ament_index/resource_index/package_run_dependencies/demo_cpp_pkg
-- Up-to-date: /home/cat/WorkSpace/Code/ROS2/chapt2/chapt2_ws/install/demo_cpp_pkg/share/ament_index/resource_index/parent_prefix_path/demo_cpp_pkg
-- Up-to-date: /home/cat/WorkSpace/Code/ROS2/chapt2/chapt2_ws/install/demo_cpp_pkg/share/demo_cpp_pkg/environment/ament_prefix_path.sh
-- Up-to-date: /home/cat/WorkSpace/Code/ROS2/chapt2/chapt2_ws/install/demo_cpp_pkg/share/demo_cpp_pkg/environment/ament_prefix_path.dsv
-- Up-to-date: /home/cat/WorkSpace/Code/ROS2/chapt2/chapt2_ws/install/demo_cpp_pkg/share/demo_cpp_pkg/environment/path.sh
-- Up-to-date: /home/cat/WorkSpace/Code/ROS2/chapt2/chapt2_ws/install/demo_cpp_pkg/share/demo_cpp_pkg/environment/path.dsv
-- Up-to-date: /home/cat/WorkSpace/Code/ROS2/chapt2/chapt2_ws/install/demo_cpp_pkg/share/demo_cpp_pkg/local_setup.bash
-- Up-to-date: /home/cat/WorkSpace/Code/ROS2/chapt2/chapt2_ws/install/demo_cpp_pkg/share/demo_cpp_pkg/local_setup.sh
-- Up-to-date: /home/cat/WorkSpace/Code/ROS2/chapt2/chapt2_ws/install/demo_cpp_pkg/share/demo_cpp_pkg/local_setup.zsh
-- Up-to-date: /home/cat/WorkSpace/Code/ROS2/chapt2/chapt2_ws/install/demo_cpp_pkg/share/demo_cpp_pkg/local_setup.dsv
-- Up-to-date: /home/cat/WorkSpace/Code/ROS2/chapt2/chapt2_ws/install/demo_cpp_pkg/share/demo_cpp_pkg/package.dsv
-- Up-to-date: /home/cat/WorkSpace/Code/ROS2/chapt2/chapt2_ws/install/demo_cpp_pkg/share/ament_index/resource_index/packages/demo_cpp_pkg
-- Up-to-date: /home/cat/WorkSpace/Code/ROS2/chapt2/chapt2_ws/install/demo_cpp_pkg/share/demo_cpp_pkg/cmake/demo_cpp_pkgConfig.cmake
-- Up-to-date: /home/cat/WorkSpace/Code/ROS2/chapt2/chapt2_ws/install/demo_cpp_pkg/share/demo_cpp_pkg/cmake/demo_cpp_pkgConfig-version.cmake
-- Up-to-date: /home/cat/WorkSpace/Code/ROS2/chapt2/chapt2_ws/install/demo_cpp_pkg/share/demo_cpp_pkg/package.xml
