[0.088s] DEBUG:colcon:Command line arguments: ['/usr/bin/colcon', 'build']
[0.088s] DEBUG:colcon:Parsed command line arguments: Namespace(log_base=None, log_level=None, verb_name='build', build_base='build', install_base='install', merge_install=False, symlink_install=False, test_result_base=None, continue_on_error=False, executor='parallel', parallel_workers=16, event_handlers=None, ignore_user_meta=False, metas=['./colcon.meta'], base_paths=['.'], packages_ignore=None, packages_ignore_regex=None, paths=None, packages_up_to=None, packages_up_to_regex=None, packages_above=None, packages_above_and_dependencies=None, packages_above_depth=None, packages_select_by_dep=None, packages_skip_by_dep=None, packages_skip_up_to=None, packages_select_build_failed=False, packages_skip_build_finished=False, packages_select_test_failures=False, packages_skip_test_passed=False, packages_select=None, packages_skip=None, packages_select_regex=None, packages_skip_regex=None, packages_start=None, packages_end=None, allow_overriding=[], cmake_args=None, cmake_target=None, cmake_target_skip_unavailable=False, cmake_clean_cache=False, cmake_clean_first=False, cmake_force_configure=False, ament_cmake_args=None, catkin_cmake_args=None, catkin_skip_building_tests=False, verb_parser=<colcon_defaults.argument_parser.defaults.DefaultArgumentsDecorator object at 0x7cb148e31090>, verb_extension=<colcon_core.verb.build.BuildVerb object at 0x7cb148e30c10>, main=<bound method BuildVerb.main of <colcon_core.verb.build.BuildVerb object at 0x7cb148e30c10>>)
[0.221s] Level 1:colcon.colcon_core.package_discovery:discover_packages(colcon_meta) check parameters
[0.222s] Level 1:colcon.colcon_core.package_discovery:discover_packages(recursive) check parameters
[0.222s] Level 1:colcon.colcon_core.package_discovery:discover_packages(ignore) check parameters
[0.222s] Level 1:colcon.colcon_core.package_discovery:discover_packages(path) check parameters
[0.222s] Level 1:colcon.colcon_core.package_discovery:discover_packages(colcon_meta) discover
[0.222s] Level 1:colcon.colcon_core.package_discovery:discover_packages(recursive) discover
[0.222s] INFO:colcon.colcon_core.package_discovery:Crawling recursively for packages in '/home/cat/WorkSpace/Learning/ROS2/Code/chapt4'
[0.222s] Level 1:colcon.colcon_core.package_identification:_identify(.) by extensions ['ignore', 'ignore_ament_install']
[0.222s] Level 1:colcon.colcon_core.package_identification:_identify(.) by extension 'ignore'
[0.222s] Level 1:colcon.colcon_core.package_identification:_identify(.) by extension 'ignore_ament_install'
[0.222s] Level 1:colcon.colcon_core.package_identification:_identify(.) by extensions ['colcon_pkg']
[0.222s] Level 1:colcon.colcon_core.package_identification:_identify(.) by extension 'colcon_pkg'
[0.222s] Level 1:colcon.colcon_core.package_identification:_identify(.) by extensions ['colcon_meta']
[0.222s] Level 1:colcon.colcon_core.package_identification:_identify(.) by extension 'colcon_meta'
[0.222s] Level 1:colcon.colcon_core.package_identification:_identify(.) by extensions ['ros']
[0.222s] Level 1:colcon.colcon_core.package_identification:_identify(.) by extension 'ros'
[0.232s] Level 1:colcon.colcon_core.package_identification:_identify(.) by extensions ['cmake', 'python']
[0.232s] Level 1:colcon.colcon_core.package_identification:_identify(.) by extension 'cmake'
[0.232s] Level 1:colcon.colcon_core.package_identification:_identify(.) by extension 'python'
[0.232s] Level 1:colcon.colcon_core.package_identification:_identify(.) by extensions ['python_setup_py']
[0.232s] Level 1:colcon.colcon_core.package_identification:_identify(.) by extension 'python_setup_py'
[0.232s] Level 1:colcon.colcon_core.package_identification:_identify(build) by extensions ['ignore', 'ignore_ament_install']
[0.232s] Level 1:colcon.colcon_core.package_identification:_identify(build) by extension 'ignore'
[0.232s] Level 1:colcon.colcon_core.package_identification:_identify(build) ignored
[0.232s] Level 1:colcon.colcon_core.package_identification:_identify(install) by extensions ['ignore', 'ignore_ament_install']
[0.232s] Level 1:colcon.colcon_core.package_identification:_identify(install) by extension 'ignore'
[0.232s] Level 1:colcon.colcon_core.package_identification:_identify(install) ignored
[0.232s] Level 1:colcon.colcon_core.package_identification:_identify(log) by extensions ['ignore', 'ignore_ament_install']
[0.233s] Level 1:colcon.colcon_core.package_identification:_identify(log) by extension 'ignore'
[0.233s] Level 1:colcon.colcon_core.package_identification:_identify(log) ignored
[0.233s] Level 1:colcon.colcon_core.package_identification:_identify(src) by extensions ['ignore', 'ignore_ament_install']
[0.233s] Level 1:colcon.colcon_core.package_identification:_identify(src) by extension 'ignore'
[0.233s] Level 1:colcon.colcon_core.package_identification:_identify(src) by extension 'ignore_ament_install'
[0.233s] Level 1:colcon.colcon_core.package_identification:_identify(src) by extensions ['colcon_pkg']
[0.233s] Level 1:colcon.colcon_core.package_identification:_identify(src) by extension 'colcon_pkg'
[0.233s] Level 1:colcon.colcon_core.package_identification:_identify(src) by extensions ['colcon_meta']
[0.233s] Level 1:colcon.colcon_core.package_identification:_identify(src) by extension 'colcon_meta'
[0.233s] Level 1:colcon.colcon_core.package_identification:_identify(src) by extensions ['ros']
[0.233s] Level 1:colcon.colcon_core.package_identification:_identify(src) by extension 'ros'
[0.233s] Level 1:colcon.colcon_core.package_identification:_identify(src) by extensions ['cmake', 'python']
[0.233s] Level 1:colcon.colcon_core.package_identification:_identify(src) by extension 'cmake'
[0.233s] Level 1:colcon.colcon_core.package_identification:_identify(src) by extension 'python'
[0.233s] Level 1:colcon.colcon_core.package_identification:_identify(src) by extensions ['python_setup_py']
[0.233s] Level 1:colcon.colcon_core.package_identification:_identify(src) by extension 'python_setup_py'
[0.233s] Level 1:colcon.colcon_core.package_identification:_identify(src/chapt4_interfaces) by extensions ['ignore', 'ignore_ament_install']
[0.233s] Level 1:colcon.colcon_core.package_identification:_identify(src/chapt4_interfaces) by extension 'ignore'
[0.233s] Level 1:colcon.colcon_core.package_identification:_identify(src/chapt4_interfaces) by extension 'ignore_ament_install'
[0.233s] Level 1:colcon.colcon_core.package_identification:_identify(src/chapt4_interfaces) by extensions ['colcon_pkg']
[0.233s] Level 1:colcon.colcon_core.package_identification:_identify(src/chapt4_interfaces) by extension 'colcon_pkg'
[0.233s] Level 1:colcon.colcon_core.package_identification:_identify(src/chapt4_interfaces) by extensions ['colcon_meta']
[0.233s] Level 1:colcon.colcon_core.package_identification:_identify(src/chapt4_interfaces) by extension 'colcon_meta'
[0.233s] Level 1:colcon.colcon_core.package_identification:_identify(src/chapt4_interfaces) by extensions ['ros']
[0.233s] Level 1:colcon.colcon_core.package_identification:_identify(src/chapt4_interfaces) by extension 'ros'
[0.235s] DEBUG:colcon.colcon_core.package_identification:Package 'src/chapt4_interfaces' with type 'ros.ament_cmake' and name 'chapt4_interfaces'
[0.236s] Level 1:colcon.colcon_core.package_identification:_identify(src/demo_python_service) by extensions ['ignore', 'ignore_ament_install']
[0.236s] Level 1:colcon.colcon_core.package_identification:_identify(src/demo_python_service) by extension 'ignore'
[0.236s] Level 1:colcon.colcon_core.package_identification:_identify(src/demo_python_service) by extension 'ignore_ament_install'
[0.236s] Level 1:colcon.colcon_core.package_identification:_identify(src/demo_python_service) by extensions ['colcon_pkg']
[0.236s] Level 1:colcon.colcon_core.package_identification:_identify(src/demo_python_service) by extension 'colcon_pkg'
[0.236s] Level 1:colcon.colcon_core.package_identification:_identify(src/demo_python_service) by extensions ['colcon_meta']
[0.236s] Level 1:colcon.colcon_core.package_identification:_identify(src/demo_python_service) by extension 'colcon_meta'
[0.236s] Level 1:colcon.colcon_core.package_identification:_identify(src/demo_python_service) by extensions ['ros']
[0.236s] Level 1:colcon.colcon_core.package_identification:_identify(src/demo_python_service) by extension 'ros'
[0.237s] DEBUG:colcon.colcon_core.package_identification:Package 'src/demo_python_service' with type 'ros.ament_python' and name 'demo_python_service'
[0.237s] Level 1:colcon.colcon_core.package_discovery:discover_packages(recursive) using defaults
[0.237s] Level 1:colcon.colcon_core.package_discovery:discover_packages(ignore) discover
[0.237s] Level 1:colcon.colcon_core.package_discovery:discover_packages(ignore) using defaults
[0.237s] Level 1:colcon.colcon_core.package_discovery:discover_packages(path) discover
[0.237s] Level 1:colcon.colcon_core.package_discovery:discover_packages(path) using defaults
[0.253s] Level 1:colcon.colcon_core.package_discovery:discover_packages(prefix_path) check parameters
[0.253s] Level 1:colcon.colcon_core.package_discovery:discover_packages(prefix_path) discover
[0.253s] WARNING:colcon.colcon_ros.prefix_path.ament:The path '/home/cat/WorkSpace/Learning/ROS2/Code/chapt4/install/demo_python_service' in the environment variable AMENT_PREFIX_PATH doesn't exist
[0.253s] WARNING:colcon.colcon_ros.prefix_path.ament:The path '/home/cat/WorkSpace/Learning/ROS2/Code/chapt4/install/chapt4_interfaces' in the environment variable AMENT_PREFIX_PATH doesn't exist
[0.254s] WARNING:colcon.colcon_ros.prefix_path.catkin:The path '/home/cat/WorkSpace/Learning/ROS2/Code/chapt4/install/chapt4_interfaces' in the environment variable CMAKE_PREFIX_PATH doesn't exist
[0.254s] DEBUG:colcon.colcon_installed_package_information.package_discovery:Found 0 installed packages in /home/cat/WorkSpace/Learning/ROS2/Code/chapt4/install
[0.255s] DEBUG:colcon.colcon_installed_package_information.package_discovery:Found 316 installed packages in /opt/ros/humble
[0.270s] Level 1:colcon.colcon_core.package_discovery:discover_packages(prefix_path) using defaults
[0.304s] Level 5:colcon.colcon_core.verb:set package 'chapt4_interfaces' build argument 'cmake_args' from command line to 'None'
[0.305s] Level 5:colcon.colcon_core.verb:set package 'chapt4_interfaces' build argument 'cmake_target' from command line to 'None'
[0.305s] Level 5:colcon.colcon_core.verb:set package 'chapt4_interfaces' build argument 'cmake_target_skip_unavailable' from command line to 'False'
[0.305s] Level 5:colcon.colcon_core.verb:set package 'chapt4_interfaces' build argument 'cmake_clean_cache' from command line to 'False'
[0.305s] Level 5:colcon.colcon_core.verb:set package 'chapt4_interfaces' build argument 'cmake_clean_first' from command line to 'False'
[0.305s] Level 5:colcon.colcon_core.verb:set package 'chapt4_interfaces' build argument 'cmake_force_configure' from command line to 'False'
[0.305s] Level 5:colcon.colcon_core.verb:set package 'chapt4_interfaces' build argument 'ament_cmake_args' from command line to 'None'
[0.305s] Level 5:colcon.colcon_core.verb:set package 'chapt4_interfaces' build argument 'catkin_cmake_args' from command line to 'None'
[0.305s] Level 5:colcon.colcon_core.verb:set package 'chapt4_interfaces' build argument 'catkin_skip_building_tests' from command line to 'False'
[0.305s] DEBUG:colcon.colcon_core.verb:Building package 'chapt4_interfaces' with the following arguments: {'ament_cmake_args': None, 'build_base': '/home/cat/WorkSpace/Learning/ROS2/Code/chapt4/build/chapt4_interfaces', 'catkin_cmake_args': None, 'catkin_skip_building_tests': False, 'cmake_args': None, 'cmake_clean_cache': False, 'cmake_clean_first': False, 'cmake_force_configure': False, 'cmake_target': None, 'cmake_target_skip_unavailable': False, 'install_base': '/home/cat/WorkSpace/Learning/ROS2/Code/chapt4/install/chapt4_interfaces', 'merge_install': False, 'path': '/home/cat/WorkSpace/Learning/ROS2/Code/chapt4/src/chapt4_interfaces', 'symlink_install': False, 'test_result_base': None}
[0.305s] Level 5:colcon.colcon_core.verb:set package 'demo_python_service' build argument 'cmake_args' from command line to 'None'
[0.305s] Level 5:colcon.colcon_core.verb:set package 'demo_python_service' build argument 'cmake_target' from command line to 'None'
[0.305s] Level 5:colcon.colcon_core.verb:set package 'demo_python_service' build argument 'cmake_target_skip_unavailable' from command line to 'False'
[0.305s] Level 5:colcon.colcon_core.verb:set package 'demo_python_service' build argument 'cmake_clean_cache' from command line to 'False'
[0.305s] Level 5:colcon.colcon_core.verb:set package 'demo_python_service' build argument 'cmake_clean_first' from command line to 'False'
[0.305s] Level 5:colcon.colcon_core.verb:set package 'demo_python_service' build argument 'cmake_force_configure' from command line to 'False'
[0.305s] Level 5:colcon.colcon_core.verb:set package 'demo_python_service' build argument 'ament_cmake_args' from command line to 'None'
[0.305s] Level 5:colcon.colcon_core.verb:set package 'demo_python_service' build argument 'catkin_cmake_args' from command line to 'None'
[0.305s] Level 5:colcon.colcon_core.verb:set package 'demo_python_service' build argument 'catkin_skip_building_tests' from command line to 'False'
[0.305s] DEBUG:colcon.colcon_core.verb:Building package 'demo_python_service' with the following arguments: {'ament_cmake_args': None, 'build_base': '/home/cat/WorkSpace/Learning/ROS2/Code/chapt4/build/demo_python_service', 'catkin_cmake_args': None, 'catkin_skip_building_tests': False, 'cmake_args': None, 'cmake_clean_cache': False, 'cmake_clean_first': False, 'cmake_force_configure': False, 'cmake_target': None, 'cmake_target_skip_unavailable': False, 'install_base': '/home/cat/WorkSpace/Learning/ROS2/Code/chapt4/install/demo_python_service', 'merge_install': False, 'path': '/home/cat/WorkSpace/Learning/ROS2/Code/chapt4/src/demo_python_service', 'symlink_install': False, 'test_result_base': None}
[0.305s] INFO:colcon.colcon_core.executor:Executing jobs using 'parallel' executor
[0.306s] DEBUG:colcon.colcon_parallel_executor.executor.parallel:run_until_complete
[0.306s] INFO:colcon.colcon_ros.task.ament_cmake.build:Building ROS package in '/home/cat/WorkSpace/Learning/ROS2/Code/chapt4/src/chapt4_interfaces' with build type 'ament_cmake'
[0.307s] INFO:colcon.colcon_cmake.task.cmake.build:Building CMake package in '/home/cat/WorkSpace/Learning/ROS2/Code/chapt4/src/chapt4_interfaces'
[0.309s] INFO:colcon.colcon_core.plugin_system:Skipping extension 'colcon_core.shell.bat': Not used on non-Windows systems
[0.309s] INFO:colcon.colcon_core.shell:Skip shell extension 'powershell' for command environment: Not usable outside of PowerShell
[0.309s] DEBUG:colcon.colcon_core.shell:Skip shell extension 'dsv' for command environment
[0.318s] DEBUG:colcon.colcon_core.event_handler.log_command:Invoking command in '/home/cat/WorkSpace/Learning/ROS2/Code/chapt4/build/chapt4_interfaces': CMAKE_PREFIX_PATH=${CMAKE_PREFIX_PATH}:/home/cat/WorkSpace/Learning/ROS2/Code/chapt4/install/demo_python_service:/opt/ros/humble /usr/bin/cmake /home/cat/WorkSpace/Learning/ROS2/Code/chapt4/src/chapt4_interfaces -DCMAKE_INSTALL_PREFIX=/home/cat/WorkSpace/Learning/ROS2/Code/chapt4/install/chapt4_interfaces
[2.294s] DEBUG:colcon.colcon_core.event_handler.log_command:Invoked command in '/home/cat/WorkSpace/Learning/ROS2/Code/chapt4/build/chapt4_interfaces' returned '0': CMAKE_PREFIX_PATH=${CMAKE_PREFIX_PATH}:/home/cat/WorkSpace/Learning/ROS2/Code/chapt4/install/demo_python_service:/opt/ros/humble /usr/bin/cmake /home/cat/WorkSpace/Learning/ROS2/Code/chapt4/src/chapt4_interfaces -DCMAKE_INSTALL_PREFIX=/home/cat/WorkSpace/Learning/ROS2/Code/chapt4/install/chapt4_interfaces
[2.296s] DEBUG:colcon.colcon_core.event_handler.log_command:Invoking command in '/home/cat/WorkSpace/Learning/ROS2/Code/chapt4/build/chapt4_interfaces': CMAKE_PREFIX_PATH=${CMAKE_PREFIX_PATH}:/home/cat/WorkSpace/Learning/ROS2/Code/chapt4/install/demo_python_service:/opt/ros/humble /usr/bin/cmake --build /home/cat/WorkSpace/Learning/ROS2/Code/chapt4/build/chapt4_interfaces -- -j16 -l16
[4.432s] DEBUG:colcon.colcon_core.event_handler.log_command:Invoked command in '/home/cat/WorkSpace/Learning/ROS2/Code/chapt4/build/chapt4_interfaces' returned '0': CMAKE_PREFIX_PATH=${CMAKE_PREFIX_PATH}:/home/cat/WorkSpace/Learning/ROS2/Code/chapt4/install/demo_python_service:/opt/ros/humble /usr/bin/cmake --build /home/cat/WorkSpace/Learning/ROS2/Code/chapt4/build/chapt4_interfaces -- -j16 -l16
[4.531s] DEBUG:colcon.colcon_core.event_handler.log_command:Invoking command in '/home/cat/WorkSpace/Learning/ROS2/Code/chapt4/build/chapt4_interfaces': CMAKE_PREFIX_PATH=${CMAKE_PREFIX_PATH}:/home/cat/WorkSpace/Learning/ROS2/Code/chapt4/install/demo_python_service:/opt/ros/humble /usr/bin/cmake --install /home/cat/WorkSpace/Learning/ROS2/Code/chapt4/build/chapt4_interfaces
[4.603s] Level 1:colcon.colcon_core.environment:create_environment_scripts_only(chapt4_interfaces)
[4.604s] DEBUG:colcon.colcon_core.event_handler.log_command:Invoked command in '/home/cat/WorkSpace/Learning/ROS2/Code/chapt4/build/chapt4_interfaces' returned '0': CMAKE_PREFIX_PATH=${CMAKE_PREFIX_PATH}:/home/cat/WorkSpace/Learning/ROS2/Code/chapt4/install/demo_python_service:/opt/ros/humble /usr/bin/cmake --install /home/cat/WorkSpace/Learning/ROS2/Code/chapt4/build/chapt4_interfaces
[4.605s] Level 1:colcon.colcon_core.environment:checking '/home/cat/WorkSpace/Learning/ROS2/Code/chapt4/install/chapt4_interfaces' for CMake module files
[4.606s] Level 1:colcon.colcon_core.environment:checking '/home/cat/WorkSpace/Learning/ROS2/Code/chapt4/install/chapt4_interfaces' for CMake config files
[4.606s] Level 1:colcon.colcon_core.shell:create_environment_hook('chapt4_interfaces', 'cmake_prefix_path')
[4.606s] INFO:colcon.colcon_core.shell:Creating environment hook '/home/cat/WorkSpace/Learning/ROS2/Code/chapt4/install/chapt4_interfaces/share/chapt4_interfaces/hook/cmake_prefix_path.ps1'
[4.607s] INFO:colcon.colcon_core.shell:Creating environment descriptor '/home/cat/WorkSpace/Learning/ROS2/Code/chapt4/install/chapt4_interfaces/share/chapt4_interfaces/hook/cmake_prefix_path.dsv'
[4.607s] INFO:colcon.colcon_core.shell:Creating environment hook '/home/cat/WorkSpace/Learning/ROS2/Code/chapt4/install/chapt4_interfaces/share/chapt4_interfaces/hook/cmake_prefix_path.sh'
[4.608s] Level 1:colcon.colcon_core.environment:checking '/home/cat/WorkSpace/Learning/ROS2/Code/chapt4/install/chapt4_interfaces/lib'
[4.608s] Level 1:colcon.colcon_core.shell:create_environment_hook('chapt4_interfaces', 'ld_library_path_lib')
[4.608s] INFO:colcon.colcon_core.shell:Creating environment hook '/home/cat/WorkSpace/Learning/ROS2/Code/chapt4/install/chapt4_interfaces/share/chapt4_interfaces/hook/ld_library_path_lib.ps1'
[4.608s] INFO:colcon.colcon_core.shell:Creating environment descriptor '/home/cat/WorkSpace/Learning/ROS2/Code/chapt4/install/chapt4_interfaces/share/chapt4_interfaces/hook/ld_library_path_lib.dsv'
[4.609s] INFO:colcon.colcon_core.shell:Creating environment hook '/home/cat/WorkSpace/Learning/ROS2/Code/chapt4/install/chapt4_interfaces/share/chapt4_interfaces/hook/ld_library_path_lib.sh'
[4.609s] Level 1:colcon.colcon_core.environment:checking '/home/cat/WorkSpace/Learning/ROS2/Code/chapt4/install/chapt4_interfaces/bin'
[4.609s] Level 1:colcon.colcon_core.environment:checking '/home/cat/WorkSpace/Learning/ROS2/Code/chapt4/install/chapt4_interfaces/lib/pkgconfig/chapt4_interfaces.pc'
[4.609s] Level 1:colcon.colcon_core.environment:checking '/home/cat/WorkSpace/Learning/ROS2/Code/chapt4/install/chapt4_interfaces/lib/python3.10/site-packages'
[4.609s] Level 1:colcon.colcon_core.environment:checking '/home/cat/WorkSpace/Learning/ROS2/Code/chapt4/install/chapt4_interfaces/bin'
[4.610s] INFO:colcon.colcon_core.shell:Creating package script '/home/cat/WorkSpace/Learning/ROS2/Code/chapt4/install/chapt4_interfaces/share/chapt4_interfaces/package.ps1'
[4.610s] INFO:colcon.colcon_core.shell:Creating package descriptor '/home/cat/WorkSpace/Learning/ROS2/Code/chapt4/install/chapt4_interfaces/share/chapt4_interfaces/package.dsv'
[4.611s] INFO:colcon.colcon_core.shell:Creating package script '/home/cat/WorkSpace/Learning/ROS2/Code/chapt4/install/chapt4_interfaces/share/chapt4_interfaces/package.sh'
[4.612s] INFO:colcon.colcon_core.shell:Creating package script '/home/cat/WorkSpace/Learning/ROS2/Code/chapt4/install/chapt4_interfaces/share/chapt4_interfaces/package.bash'
[4.612s] INFO:colcon.colcon_core.shell:Creating package script '/home/cat/WorkSpace/Learning/ROS2/Code/chapt4/install/chapt4_interfaces/share/chapt4_interfaces/package.zsh'
[4.613s] Level 1:colcon.colcon_core.environment:create_file_with_runtime_dependencies(/home/cat/WorkSpace/Learning/ROS2/Code/chapt4/install/chapt4_interfaces/share/colcon-core/packages/chapt4_interfaces)
[4.710s] Level 1:colcon.colcon_core.environment:create_environment_scripts_only(chapt4_interfaces)
[4.710s] Level 1:colcon.colcon_core.environment:checking '/home/cat/WorkSpace/Learning/ROS2/Code/chapt4/install/chapt4_interfaces' for CMake module files
[4.710s] Level 1:colcon.colcon_core.environment:checking '/home/cat/WorkSpace/Learning/ROS2/Code/chapt4/install/chapt4_interfaces' for CMake config files
[4.711s] Level 1:colcon.colcon_core.shell:create_environment_hook('chapt4_interfaces', 'cmake_prefix_path')
[4.711s] INFO:colcon.colcon_core.shell:Creating environment hook '/home/cat/WorkSpace/Learning/ROS2/Code/chapt4/install/chapt4_interfaces/share/chapt4_interfaces/hook/cmake_prefix_path.ps1'
[4.712s] INFO:colcon.colcon_core.shell:Creating environment descriptor '/home/cat/WorkSpace/Learning/ROS2/Code/chapt4/install/chapt4_interfaces/share/chapt4_interfaces/hook/cmake_prefix_path.dsv'
[4.712s] INFO:colcon.colcon_core.shell:Creating environment hook '/home/cat/WorkSpace/Learning/ROS2/Code/chapt4/install/chapt4_interfaces/share/chapt4_interfaces/hook/cmake_prefix_path.sh'
[4.713s] Level 1:colcon.colcon_core.environment:checking '/home/cat/WorkSpace/Learning/ROS2/Code/chapt4/install/chapt4_interfaces/lib'
[4.713s] Level 1:colcon.colcon_core.shell:create_environment_hook('chapt4_interfaces', 'ld_library_path_lib')
[4.713s] INFO:colcon.colcon_core.shell:Creating environment hook '/home/cat/WorkSpace/Learning/ROS2/Code/chapt4/install/chapt4_interfaces/share/chapt4_interfaces/hook/ld_library_path_lib.ps1'
[4.713s] INFO:colcon.colcon_core.shell:Creating environment descriptor '/home/cat/WorkSpace/Learning/ROS2/Code/chapt4/install/chapt4_interfaces/share/chapt4_interfaces/hook/ld_library_path_lib.dsv'
[4.714s] INFO:colcon.colcon_core.shell:Creating environment hook '/home/cat/WorkSpace/Learning/ROS2/Code/chapt4/install/chapt4_interfaces/share/chapt4_interfaces/hook/ld_library_path_lib.sh'
[4.714s] Level 1:colcon.colcon_core.environment:checking '/home/cat/WorkSpace/Learning/ROS2/Code/chapt4/install/chapt4_interfaces/bin'
[4.714s] Level 1:colcon.colcon_core.environment:checking '/home/cat/WorkSpace/Learning/ROS2/Code/chapt4/install/chapt4_interfaces/lib/pkgconfig/chapt4_interfaces.pc'
[4.715s] Level 1:colcon.colcon_core.environment:checking '/home/cat/WorkSpace/Learning/ROS2/Code/chapt4/install/chapt4_interfaces/lib/python3.10/site-packages'
[4.715s] Level 1:colcon.colcon_core.environment:checking '/home/cat/WorkSpace/Learning/ROS2/Code/chapt4/install/chapt4_interfaces/bin'
[4.715s] INFO:colcon.colcon_core.shell:Creating package script '/home/cat/WorkSpace/Learning/ROS2/Code/chapt4/install/chapt4_interfaces/share/chapt4_interfaces/package.ps1'
[4.715s] INFO:colcon.colcon_core.shell:Creating package descriptor '/home/cat/WorkSpace/Learning/ROS2/Code/chapt4/install/chapt4_interfaces/share/chapt4_interfaces/package.dsv'
[4.716s] INFO:colcon.colcon_core.shell:Creating package script '/home/cat/WorkSpace/Learning/ROS2/Code/chapt4/install/chapt4_interfaces/share/chapt4_interfaces/package.sh'
[4.716s] INFO:colcon.colcon_core.shell:Creating package script '/home/cat/WorkSpace/Learning/ROS2/Code/chapt4/install/chapt4_interfaces/share/chapt4_interfaces/package.bash'
[4.717s] INFO:colcon.colcon_core.shell:Creating package script '/home/cat/WorkSpace/Learning/ROS2/Code/chapt4/install/chapt4_interfaces/share/chapt4_interfaces/package.zsh'
[4.717s] Level 1:colcon.colcon_core.environment:create_file_with_runtime_dependencies(/home/cat/WorkSpace/Learning/ROS2/Code/chapt4/install/chapt4_interfaces/share/colcon-core/packages/chapt4_interfaces)
[4.718s] INFO:colcon.colcon_ros.task.ament_python.build:Building ROS package in '/home/cat/WorkSpace/Learning/ROS2/Code/chapt4/src/demo_python_service' with build type 'ament_python'
[4.718s] Level 1:colcon.colcon_core.shell:create_environment_hook('demo_python_service', 'ament_prefix_path')
[4.718s] INFO:colcon.colcon_core.shell:Creating environment hook '/home/cat/WorkSpace/Learning/ROS2/Code/chapt4/install/demo_python_service/share/demo_python_service/hook/ament_prefix_path.ps1'
[4.719s] INFO:colcon.colcon_core.shell:Creating environment descriptor '/home/cat/WorkSpace/Learning/ROS2/Code/chapt4/install/demo_python_service/share/demo_python_service/hook/ament_prefix_path.dsv'
[4.720s] INFO:colcon.colcon_core.shell:Creating environment hook '/home/cat/WorkSpace/Learning/ROS2/Code/chapt4/install/demo_python_service/share/demo_python_service/hook/ament_prefix_path.sh'
[4.720s] INFO:colcon.colcon_core.shell:Skip shell extension 'powershell' for command environment: Not usable outside of PowerShell
[4.720s] DEBUG:colcon.colcon_core.shell:Skip shell extension 'dsv' for command environment
[4.951s] INFO:colcon.colcon_core.task.python.build:Building Python package in '/home/cat/WorkSpace/Learning/ROS2/Code/chapt4/src/demo_python_service'
[4.951s] INFO:colcon.colcon_core.shell:Skip shell extension 'powershell' for command environment: Not usable outside of PowerShell
[4.951s] DEBUG:colcon.colcon_core.shell:Skip shell extension 'dsv' for command environment
[5.269s] DEBUG:colcon.colcon_core.event_handler.log_command:Invoking command in '/home/cat/WorkSpace/Learning/ROS2/Code/chapt4/src/demo_python_service': PYTHONPATH=/home/cat/WorkSpace/Learning/ROS2/Code/chapt4/build/demo_python_service/prefix_override:/usr/lib/python3/dist-packages/colcon_core/task/python/colcon_distutils_commands:/home/cat/WorkSpace/Learning/ROS2/Code/chapt4/install/demo_python_service/lib/python3.10/site-packages:${PYTHONPATH} /usr/bin/python3 -W ignore:setup.py install is deprecated setup.py egg_info --egg-base ../../build/demo_python_service build --build-base /home/cat/WorkSpace/Learning/ROS2/Code/chapt4/build/demo_python_service/build install --record /home/cat/WorkSpace/Learning/ROS2/Code/chapt4/build/demo_python_service/install.log --single-version-externally-managed install_data
[5.530s] Level 1:colcon.colcon_core.environment:checking '/home/cat/WorkSpace/Learning/ROS2/Code/chapt4/install/demo_python_service' for CMake module files
[5.530s] DEBUG:colcon.colcon_core.event_handler.log_command:Invoked command in '/home/cat/WorkSpace/Learning/ROS2/Code/chapt4/src/demo_python_service' returned '0': PYTHONPATH=/home/cat/WorkSpace/Learning/ROS2/Code/chapt4/build/demo_python_service/prefix_override:/usr/lib/python3/dist-packages/colcon_core/task/python/colcon_distutils_commands:/home/cat/WorkSpace/Learning/ROS2/Code/chapt4/install/demo_python_service/lib/python3.10/site-packages:${PYTHONPATH} /usr/bin/python3 -W ignore:setup.py install is deprecated setup.py egg_info --egg-base ../../build/demo_python_service build --build-base /home/cat/WorkSpace/Learning/ROS2/Code/chapt4/build/demo_python_service/build install --record /home/cat/WorkSpace/Learning/ROS2/Code/chapt4/build/demo_python_service/install.log --single-version-externally-managed install_data
[5.531s] Level 1:colcon.colcon_core.environment:checking '/home/cat/WorkSpace/Learning/ROS2/Code/chapt4/install/demo_python_service' for CMake config files
[5.531s] Level 1:colcon.colcon_core.environment:checking '/home/cat/WorkSpace/Learning/ROS2/Code/chapt4/install/demo_python_service/lib'
[5.531s] Level 1:colcon.colcon_core.environment:checking '/home/cat/WorkSpace/Learning/ROS2/Code/chapt4/install/demo_python_service/bin'
[5.531s] Level 1:colcon.colcon_core.environment:checking '/home/cat/WorkSpace/Learning/ROS2/Code/chapt4/install/demo_python_service/lib/pkgconfig/demo_python_service.pc'
[5.532s] Level 1:colcon.colcon_core.environment:checking '/home/cat/WorkSpace/Learning/ROS2/Code/chapt4/install/demo_python_service/lib/python3.10/site-packages'
[5.532s] Level 1:colcon.colcon_core.shell:create_environment_hook('demo_python_service', 'pythonpath')
[5.532s] INFO:colcon.colcon_core.shell:Creating environment hook '/home/cat/WorkSpace/Learning/ROS2/Code/chapt4/install/demo_python_service/share/demo_python_service/hook/pythonpath.ps1'
[5.532s] INFO:colcon.colcon_core.shell:Creating environment descriptor '/home/cat/WorkSpace/Learning/ROS2/Code/chapt4/install/demo_python_service/share/demo_python_service/hook/pythonpath.dsv'
[5.533s] INFO:colcon.colcon_core.shell:Creating environment hook '/home/cat/WorkSpace/Learning/ROS2/Code/chapt4/install/demo_python_service/share/demo_python_service/hook/pythonpath.sh'
[5.533s] Level 1:colcon.colcon_core.environment:checking '/home/cat/WorkSpace/Learning/ROS2/Code/chapt4/install/demo_python_service/bin'
[5.533s] Level 1:colcon.colcon_core.environment:create_environment_scripts_only(demo_python_service)
[5.534s] INFO:colcon.colcon_core.shell:Creating package script '/home/cat/WorkSpace/Learning/ROS2/Code/chapt4/install/demo_python_service/share/demo_python_service/package.ps1'
[5.534s] INFO:colcon.colcon_core.shell:Creating package descriptor '/home/cat/WorkSpace/Learning/ROS2/Code/chapt4/install/demo_python_service/share/demo_python_service/package.dsv'
[5.534s] INFO:colcon.colcon_core.shell:Creating package script '/home/cat/WorkSpace/Learning/ROS2/Code/chapt4/install/demo_python_service/share/demo_python_service/package.sh'
[5.535s] INFO:colcon.colcon_core.shell:Creating package script '/home/cat/WorkSpace/Learning/ROS2/Code/chapt4/install/demo_python_service/share/demo_python_service/package.bash'
[5.535s] INFO:colcon.colcon_core.shell:Creating package script '/home/cat/WorkSpace/Learning/ROS2/Code/chapt4/install/demo_python_service/share/demo_python_service/package.zsh'
[5.536s] Level 1:colcon.colcon_core.environment:create_file_with_runtime_dependencies(/home/cat/WorkSpace/Learning/ROS2/Code/chapt4/install/demo_python_service/share/colcon-core/packages/demo_python_service)
[5.536s] DEBUG:colcon.colcon_parallel_executor.executor.parallel:closing loop
[5.536s] DEBUG:colcon.colcon_parallel_executor.executor.parallel:loop closed
[5.536s] DEBUG:colcon.colcon_parallel_executor.executor.parallel:run_until_complete finished with '0'
[5.536s] DEBUG:colcon.colcon_core.event_reactor:joining thread
[5.541s] INFO:colcon.colcon_core.plugin_system:Skipping extension 'colcon_notification.desktop_notification.terminal_notifier': Not used on non-Darwin systems
[5.541s] INFO:colcon.colcon_core.plugin_system:Skipping extension 'colcon_notification.desktop_notification.win32': Not used on non-Windows systems
[5.541s] INFO:colcon.colcon_notification.desktop_notification:Sending desktop notification using 'notify2'
[5.554s] DEBUG:colcon.colcon_core.event_reactor:joined thread
[5.554s] INFO:colcon.colcon_core.shell:Creating prefix script '/home/cat/WorkSpace/Learning/ROS2/Code/chapt4/install/local_setup.ps1'
[5.555s] INFO:colcon.colcon_core.shell:Creating prefix util module '/home/cat/WorkSpace/Learning/ROS2/Code/chapt4/install/_local_setup_util_ps1.py'
[5.556s] INFO:colcon.colcon_core.shell:Creating prefix chain script '/home/cat/WorkSpace/Learning/ROS2/Code/chapt4/install/setup.ps1'
[5.557s] INFO:colcon.colcon_core.shell:Creating prefix script '/home/cat/WorkSpace/Learning/ROS2/Code/chapt4/install/local_setup.sh'
[5.557s] INFO:colcon.colcon_core.shell:Creating prefix util module '/home/cat/WorkSpace/Learning/ROS2/Code/chapt4/install/_local_setup_util_sh.py'
[5.558s] INFO:colcon.colcon_core.shell:Creating prefix chain script '/home/cat/WorkSpace/Learning/ROS2/Code/chapt4/install/setup.sh'
[5.559s] INFO:colcon.colcon_core.shell:Creating prefix script '/home/cat/WorkSpace/Learning/ROS2/Code/chapt4/install/local_setup.bash'
[5.560s] INFO:colcon.colcon_core.shell:Creating prefix chain script '/home/cat/WorkSpace/Learning/ROS2/Code/chapt4/install/setup.bash'
[5.561s] INFO:colcon.colcon_core.shell:Creating prefix script '/home/cat/WorkSpace/Learning/ROS2/Code/chapt4/install/local_setup.zsh'
[5.561s] INFO:colcon.colcon_core.shell:Creating prefix chain script '/home/cat/WorkSpace/Learning/ROS2/Code/chapt4/install/setup.zsh'
