[0.763s] Invoking command in '/home/cat/WorkSpace/Learning/ROS2/Code/chapt3/topic_practice_ws/src/status_publisher': PYTHONPATH=/home/cat/WorkSpace/Learning/ROS2/Code/chapt3/topic_practice_ws/build/status_publisher/prefix_override:/usr/lib/python3/dist-packages/colcon_core/task/python/colcon_distutils_commands:/home/cat/WorkSpace/Learning/ROS2/Code/chapt3/topic_practice_ws/install/status_publisher/lib/python3.10/site-packages:${PYTHONPATH} /usr/bin/python3 -W ignore:setup.py install is deprecated setup.py egg_info --egg-base ../../build/status_publisher build --build-base /home/cat/WorkSpace/Learning/ROS2/Code/chapt3/topic_practice_ws/build/status_publisher/build install --record /home/cat/WorkSpace/Learning/ROS2/Code/chapt3/topic_practice_ws/build/status_publisher/install.log --single-version-externally-managed install_data
[1.035s] running egg_info
[1.036s] writing ../../build/status_publisher/status_publisher.egg-info/PKG-INFO
[1.037s] writing dependency_links to ../../build/status_publisher/status_publisher.egg-info/dependency_links.txt
[1.037s] writing entry points to ../../build/status_publisher/status_publisher.egg-info/entry_points.txt
[1.038s] writing requirements to ../../build/status_publisher/status_publisher.egg-info/requires.txt
[1.038s] writing top-level names to ../../build/status_publisher/status_publisher.egg-info/top_level.txt
[1.040s] reading manifest file '../../build/status_publisher/status_publisher.egg-info/SOURCES.txt'
[1.041s] adding license file 'LICENSE'
[1.042s] writing manifest file '../../build/status_publisher/status_publisher.egg-info/SOURCES.txt'
[1.042s] running build
[1.042s] running build_py
[1.043s] copying status_publisher/sys_status_pub.py -> /home/cat/WorkSpace/Learning/ROS2/Code/chapt3/topic_practice_ws/build/status_publisher/build/lib/status_publisher
[1.043s] running install
[1.043s] running install_lib
[1.044s] copying /home/cat/WorkSpace/Learning/ROS2/Code/chapt3/topic_practice_ws/build/status_publisher/build/lib/status_publisher/sys_status_pub.py -> /home/cat/WorkSpace/Learning/ROS2/Code/chapt3/topic_practice_ws/install/status_publisher/lib/python3.10/site-packages/status_publisher
[1.045s] byte-compiling /home/cat/WorkSpace/Learning/ROS2/Code/chapt3/topic_practice_ws/install/status_publisher/lib/python3.10/site-packages/status_publisher/sys_status_pub.py to sys_status_pub.cpython-310.pyc
[1.046s] running install_data
[1.046s] running install_egg_info
[1.049s] removing '/home/cat/WorkSpace/Learning/ROS2/Code/chapt3/topic_practice_ws/install/status_publisher/lib/python3.10/site-packages/status_publisher-0.0.0-py3.10.egg-info' (and everything under it)
[1.049s] Copying ../../build/status_publisher/status_publisher.egg-info to /home/cat/WorkSpace/Learning/ROS2/Code/chapt3/topic_practice_ws/install/status_publisher/lib/python3.10/site-packages/status_publisher-0.0.0-py3.10.egg-info
[1.050s] running install_scripts
[1.080s] Installing sys_status_pub script to /home/cat/WorkSpace/Learning/ROS2/Code/chapt3/topic_practice_ws/install/status_publisher/lib/status_publisher
[1.081s] writing list of installed files to '/home/cat/WorkSpace/Learning/ROS2/Code/chapt3/topic_practice_ws/build/status_publisher/install.log'
[1.114s] Invoked command in '/home/cat/WorkSpace/Learning/ROS2/Code/chapt3/topic_practice_ws/src/status_publisher' returned '0': PYTHONPATH=/home/cat/WorkSpace/Learning/ROS2/Code/chapt3/topic_practice_ws/build/status_publisher/prefix_override:/usr/lib/python3/dist-packages/colcon_core/task/python/colcon_distutils_commands:/home/cat/WorkSpace/Learning/ROS2/Code/chapt3/topic_practice_ws/install/status_publisher/lib/python3.10/site-packages:${PYTHONPATH} /usr/bin/python3 -W ignore:setup.py install is deprecated setup.py egg_info --egg-base ../../build/status_publisher build --build-base /home/cat/WorkSpace/Learning/ROS2/Code/chapt3/topic_practice_ws/build/status_publisher/build install --record /home/cat/WorkSpace/Learning/ROS2/Code/chapt3/topic_practice_ws/build/status_publisher/install.log --single-version-externally-managed install_data
