[0.713s] Invoking command in '/home/cat/WorkSpace/Code/ROS2/chapt2/chapt2_ws/src/demo_python_node': PYTHONPATH=/home/cat/WorkSpace/Code/ROS2/chapt2/chapt2_ws/build/demo_python_node/prefix_override:/usr/lib/python3/dist-packages/colcon_core/task/python/colcon_distutils_commands:/home/cat/WorkSpace/Code/ROS2/chapt2/chapt2_ws/install/demo_python_node/lib/python3.10/site-packages:${PYTHONPATH} /usr/bin/python3 -W ignore:setup.py install is deprecated setup.py egg_info --egg-base ../../build/demo_python_node build --build-base /home/cat/WorkSpace/Code/ROS2/chapt2/chapt2_ws/build/demo_python_node/build install --record /home/cat/WorkSpace/Code/ROS2/chapt2/chapt2_ws/build/demo_python_node/install.log --single-version-externally-managed install_data
[0.896s] running egg_info
[0.897s] writing ../../build/demo_python_node/demo_python_node.egg-info/PKG-INFO
[0.897s] writing dependency_links to ../../build/demo_python_node/demo_python_node.egg-info/dependency_links.txt
[0.898s] writing entry points to ../../build/demo_python_node/demo_python_node.egg-info/entry_points.txt
[0.898s] writing requirements to ../../build/demo_python_node/demo_python_node.egg-info/requires.txt
[0.898s] writing top-level names to ../../build/demo_python_node/demo_python_node.egg-info/top_level.txt
[0.900s] reading manifest file '../../build/demo_python_node/demo_python_node.egg-info/SOURCES.txt'
[0.900s] adding license file 'LICENSE'
[0.901s] writing manifest file '../../build/demo_python_node/demo_python_node.egg-info/SOURCES.txt'
[0.901s] running build
[0.901s] running build_py
[0.901s] copying demo_python_node/llearn_thread.py -> /home/cat/WorkSpace/Code/ROS2/chapt2/chapt2_ws/build/demo_python_node/build/lib/demo_python_node
[0.902s] running install
[0.902s] running install_lib
[0.903s] copying /home/cat/WorkSpace/Code/ROS2/chapt2/chapt2_ws/build/demo_python_node/build/lib/demo_python_node/llearn_thread.py -> /home/cat/WorkSpace/Code/ROS2/chapt2/chapt2_ws/install/demo_python_node/lib/python3.10/site-packages/demo_python_node
[0.903s] byte-compiling /home/cat/WorkSpace/Code/ROS2/chapt2/chapt2_ws/install/demo_python_node/lib/python3.10/site-packages/demo_python_node/llearn_thread.py to llearn_thread.cpython-310.pyc
[0.904s] running install_data
[0.904s] running install_egg_info
[0.906s] removing '/home/cat/WorkSpace/Code/ROS2/chapt2/chapt2_ws/install/demo_python_node/lib/python3.10/site-packages/demo_python_node-0.0.0-py3.10.egg-info' (and everything under it)
[0.906s] Copying ../../build/demo_python_node/demo_python_node.egg-info to /home/cat/WorkSpace/Code/ROS2/chapt2/chapt2_ws/install/demo_python_node/lib/python3.10/site-packages/demo_python_node-0.0.0-py3.10.egg-info
[0.907s] running install_scripts
[0.925s] Installing person_node script to /home/cat/WorkSpace/Code/ROS2/chapt2/chapt2_ws/install/demo_python_node/lib/demo_python_node
[0.925s] Installing python_node script to /home/cat/WorkSpace/Code/ROS2/chapt2/chapt2_ws/install/demo_python_node/lib/demo_python_node
[0.926s] Installing writer_node script to /home/cat/WorkSpace/Code/ROS2/chapt2/chapt2_ws/install/demo_python_node/lib/demo_python_node
[0.926s] writing list of installed files to '/home/cat/WorkSpace/Code/ROS2/chapt2/chapt2_ws/build/demo_python_node/install.log'
[0.954s] Invoked command in '/home/cat/WorkSpace/Code/ROS2/chapt2/chapt2_ws/src/demo_python_node' returned '0': PYTHONPATH=/home/cat/WorkSpace/Code/ROS2/chapt2/chapt2_ws/build/demo_python_node/prefix_override:/usr/lib/python3/dist-packages/colcon_core/task/python/colcon_distutils_commands:/home/cat/WorkSpace/Code/ROS2/chapt2/chapt2_ws/install/demo_python_node/lib/python3.10/site-packages:${PYTHONPATH} /usr/bin/python3 -W ignore:setup.py install is deprecated setup.py egg_info --egg-base ../../build/demo_python_node build --build-base /home/cat/WorkSpace/Code/ROS2/chapt2/chapt2_ws/build/demo_python_node/build install --record /home/cat/WorkSpace/Code/ROS2/chapt2/chapt2_ws/build/demo_python_node/install.log --single-version-externally-managed install_data
