[0.493s] Invoking command in '/home/cat/WorkSpace/Learning/ROS2/Code/chapt3/topic_ws/src/demo_python_topic': PYTHONPATH=/home/cat/WorkSpace/Learning/ROS2/Code/chapt3/topic_ws/build/demo_python_topic/prefix_override:/usr/lib/python3/dist-packages/colcon_core/task/python/colcon_distutils_commands:/home/cat/WorkSpace/Learning/ROS2/Code/chapt3/topic_ws/install/demo_python_topic/lib/python3.10/site-packages:${PYTHONPATH} /usr/bin/python3 -W ignore:setup.py install is deprecated setup.py egg_info --egg-base ../../build/demo_python_topic build --build-base /home/cat/WorkSpace/Learning/ROS2/Code/chapt3/topic_ws/build/demo_python_topic/build install --record /home/cat/WorkSpace/Learning/ROS2/Code/chapt3/topic_ws/build/demo_python_topic/install.log --single-version-externally-managed install_data
[0.677s] running egg_info
[0.677s] creating ../../build/demo_python_topic/demo_python_topic.egg-info
[0.678s] writing ../../build/demo_python_topic/demo_python_topic.egg-info/PKG-INFO
[0.678s] writing dependency_links to ../../build/demo_python_topic/demo_python_topic.egg-info/dependency_links.txt
[0.678s] writing entry points to ../../build/demo_python_topic/demo_python_topic.egg-info/entry_points.txt
[0.678s] writing requirements to ../../build/demo_python_topic/demo_python_topic.egg-info/requires.txt
[0.679s] writing top-level names to ../../build/demo_python_topic/demo_python_topic.egg-info/top_level.txt
[0.679s] writing manifest file '../../build/demo_python_topic/demo_python_topic.egg-info/SOURCES.txt'
[0.680s] reading manifest file '../../build/demo_python_topic/demo_python_topic.egg-info/SOURCES.txt'
[0.680s] adding license file 'LICENSE'
[0.681s] writing manifest file '../../build/demo_python_topic/demo_python_topic.egg-info/SOURCES.txt'
[0.681s] running build
[0.681s] running build_py
[0.681s] creating /home/cat/WorkSpace/Learning/ROS2/Code/chapt3/topic_ws/build/demo_python_topic/build
[0.681s] creating /home/cat/WorkSpace/Learning/ROS2/Code/chapt3/topic_ws/build/demo_python_topic/build/lib
[0.681s] creating /home/cat/WorkSpace/Learning/ROS2/Code/chapt3/topic_ws/build/demo_python_topic/build/lib/demo_python_topic
[0.682s] copying demo_python_topic/__init__.py -> /home/cat/WorkSpace/Learning/ROS2/Code/chapt3/topic_ws/build/demo_python_topic/build/lib/demo_python_topic
[0.682s] copying demo_python_topic/novel_sub_node.py -> /home/cat/WorkSpace/Learning/ROS2/Code/chapt3/topic_ws/build/demo_python_topic/build/lib/demo_python_topic
[0.682s] copying demo_python_topic/novel_pub_node.py -> /home/cat/WorkSpace/Learning/ROS2/Code/chapt3/topic_ws/build/demo_python_topic/build/lib/demo_python_topic
[0.682s] running install
[0.682s] running install_lib
[0.683s] creating /home/cat/WorkSpace/Learning/ROS2/Code/chapt3/topic_ws/install/demo_python_topic/lib/python3.10/site-packages/demo_python_topic
[0.683s] copying /home/cat/WorkSpace/Learning/ROS2/Code/chapt3/topic_ws/build/demo_python_topic/build/lib/demo_python_topic/__init__.py -> /home/cat/WorkSpace/Learning/ROS2/Code/chapt3/topic_ws/install/demo_python_topic/lib/python3.10/site-packages/demo_python_topic
[0.683s] copying /home/cat/WorkSpace/Learning/ROS2/Code/chapt3/topic_ws/build/demo_python_topic/build/lib/demo_python_topic/novel_sub_node.py -> /home/cat/WorkSpace/Learning/ROS2/Code/chapt3/topic_ws/install/demo_python_topic/lib/python3.10/site-packages/demo_python_topic
[0.683s] copying /home/cat/WorkSpace/Learning/ROS2/Code/chapt3/topic_ws/build/demo_python_topic/build/lib/demo_python_topic/novel_pub_node.py -> /home/cat/WorkSpace/Learning/ROS2/Code/chapt3/topic_ws/install/demo_python_topic/lib/python3.10/site-packages/demo_python_topic
[0.684s] byte-compiling /home/cat/WorkSpace/Learning/ROS2/Code/chapt3/topic_ws/install/demo_python_topic/lib/python3.10/site-packages/demo_python_topic/__init__.py to __init__.cpython-310.pyc
[0.684s] byte-compiling /home/cat/WorkSpace/Learning/ROS2/Code/chapt3/topic_ws/install/demo_python_topic/lib/python3.10/site-packages/demo_python_topic/novel_sub_node.py to novel_sub_node.cpython-310.pyc
[0.684s] byte-compiling /home/cat/WorkSpace/Learning/ROS2/Code/chapt3/topic_ws/install/demo_python_topic/lib/python3.10/site-packages/demo_python_topic/novel_pub_node.py to novel_pub_node.cpython-310.pyc
[0.685s] running install_data
[0.685s] creating /home/cat/WorkSpace/Learning/ROS2/Code/chapt3/topic_ws/install/demo_python_topic/share/ament_index
[0.685s] creating /home/cat/WorkSpace/Learning/ROS2/Code/chapt3/topic_ws/install/demo_python_topic/share/ament_index/resource_index
[0.685s] creating /home/cat/WorkSpace/Learning/ROS2/Code/chapt3/topic_ws/install/demo_python_topic/share/ament_index/resource_index/packages
[0.685s] copying resource/demo_python_topic -> /home/cat/WorkSpace/Learning/ROS2/Code/chapt3/topic_ws/install/demo_python_topic/share/ament_index/resource_index/packages
[0.686s] copying package.xml -> /home/cat/WorkSpace/Learning/ROS2/Code/chapt3/topic_ws/install/demo_python_topic/share/demo_python_topic
[0.686s] running install_egg_info
[0.687s] Copying ../../build/demo_python_topic/demo_python_topic.egg-info to /home/cat/WorkSpace/Learning/ROS2/Code/chapt3/topic_ws/install/demo_python_topic/lib/python3.10/site-packages/demo_python_topic-0.0.0-py3.10.egg-info
[0.688s] running install_scripts
[0.708s] Installing novel_pub_node script to /home/cat/WorkSpace/Learning/ROS2/Code/chapt3/topic_ws/install/demo_python_topic/lib/demo_python_topic
[0.708s] Installing novel_sub_node script to /home/cat/WorkSpace/Learning/ROS2/Code/chapt3/topic_ws/install/demo_python_topic/lib/demo_python_topic
[0.708s] writing list of installed files to '/home/cat/WorkSpace/Learning/ROS2/Code/chapt3/topic_ws/build/demo_python_topic/install.log'
[0.734s] Invoked command in '/home/cat/WorkSpace/Learning/ROS2/Code/chapt3/topic_ws/src/demo_python_topic' returned '0': PYTHONPATH=/home/cat/WorkSpace/Learning/ROS2/Code/chapt3/topic_ws/build/demo_python_topic/prefix_override:/usr/lib/python3/dist-packages/colcon_core/task/python/colcon_distutils_commands:/home/cat/WorkSpace/Learning/ROS2/Code/chapt3/topic_ws/install/demo_python_topic/lib/python3.10/site-packages:${PYTHONPATH} /usr/bin/python3 -W ignore:setup.py install is deprecated setup.py egg_info --egg-base ../../build/demo_python_topic build --build-base /home/cat/WorkSpace/Learning/ROS2/Code/chapt3/topic_ws/build/demo_python_topic/build install --record /home/cat/WorkSpace/Learning/ROS2/Code/chapt3/topic_ws/build/demo_python_topic/install.log --single-version-externally-managed install_data
