[0.501s] Invoking command in '/home/cat/WorkSpace/Code/ROS2/chapt2/chapt2_ws/src/demo_python_node': PYTHONPATH=/home/cat/WorkSpace/Code/ROS2/chapt2/chapt2_ws/build/demo_python_node/prefix_override:/usr/lib/python3/dist-packages/colcon_core/task/python/colcon_distutils_commands:/home/cat/WorkSpace/Code/ROS2/chapt2/chapt2_ws/install/demo_python_node/lib/python3.10/site-packages:${PYTHONPATH} /usr/bin/python3 -W ignore:setup.py install is deprecated setup.py egg_info --egg-base ../../build/demo_python_node build --build-base /home/cat/WorkSpace/Code/ROS2/chapt2/chapt2_ws/build/demo_python_node/build install --record /home/cat/WorkSpace/Code/ROS2/chapt2/chapt2_ws/build/demo_python_node/install.log --single-version-externally-managed install_data
[0.694s] running egg_info
[0.695s] writing ../../build/demo_python_node/demo_python_node.egg-info/PKG-INFO
[0.695s] writing dependency_links to ../../build/demo_python_node/demo_python_node.egg-info/dependency_links.txt
[0.696s] writing entry points to ../../build/demo_python_node/demo_python_node.egg-info/entry_points.txt
[0.696s] writing requirements to ../../build/demo_python_node/demo_python_node.egg-info/requires.txt
[0.696s] writing top-level names to ../../build/demo_python_node/demo_python_node.egg-info/top_level.txt
[0.698s] reading manifest file '../../build/demo_python_node/demo_python_node.egg-info/SOURCES.txt'
[0.698s] adding license file 'LICENSE'
[0.698s] writing manifest file '../../build/demo_python_node/demo_python_node.egg-info/SOURCES.txt'
[0.698s] running build
[0.699s] running build_py
[0.699s] copying demo_python_node/learn_thread.py -> /home/cat/WorkSpace/Code/ROS2/chapt2/chapt2_ws/build/demo_python_node/build/lib/demo_python_node
[0.699s] running install
[0.699s] running install_lib
[0.700s] copying /home/cat/WorkSpace/Code/ROS2/chapt2/chapt2_ws/build/demo_python_node/build/lib/demo_python_node/learn_thread.py -> /home/cat/WorkSpace/Code/ROS2/chapt2/chapt2_ws/install/demo_python_node/lib/python3.10/site-packages/demo_python_node
[0.701s] byte-compiling /home/cat/WorkSpace/Code/ROS2/chapt2/chapt2_ws/install/demo_python_node/lib/python3.10/site-packages/demo_python_node/learn_thread.py to learn_thread.cpython-310.pyc
[0.701s] running install_data
[0.702s] running install_egg_info
[0.703s] removing '/home/cat/WorkSpace/Code/ROS2/chapt2/chapt2_ws/install/demo_python_node/lib/python3.10/site-packages/demo_python_node-0.0.0-py3.10.egg-info' (and everything under it)
[0.704s] Copying ../../build/demo_python_node/demo_python_node.egg-info to /home/cat/WorkSpace/Code/ROS2/chapt2/chapt2_ws/install/demo_python_node/lib/python3.10/site-packages/demo_python_node-0.0.0-py3.10.egg-info
[0.705s] running install_scripts
[0.724s] Installing learn_thread script to /home/cat/WorkSpace/Code/ROS2/chapt2/chapt2_ws/install/demo_python_node/lib/demo_python_node
[0.724s] Installing person_node script to /home/cat/WorkSpace/Code/ROS2/chapt2/chapt2_ws/install/demo_python_node/lib/demo_python_node
[0.724s] Installing python_node script to /home/cat/WorkSpace/Code/ROS2/chapt2/chapt2_ws/install/demo_python_node/lib/demo_python_node
[0.724s] Installing writer_node script to /home/cat/WorkSpace/Code/ROS2/chapt2/chapt2_ws/install/demo_python_node/lib/demo_python_node
[0.725s] writing list of installed files to '/home/cat/WorkSpace/Code/ROS2/chapt2/chapt2_ws/build/demo_python_node/install.log'
[0.752s] Invoked command in '/home/cat/WorkSpace/Code/ROS2/chapt2/chapt2_ws/src/demo_python_node' returned '0': PYTHONPATH=/home/cat/WorkSpace/Code/ROS2/chapt2/chapt2_ws/build/demo_python_node/prefix_override:/usr/lib/python3/dist-packages/colcon_core/task/python/colcon_distutils_commands:/home/cat/WorkSpace/Code/ROS2/chapt2/chapt2_ws/install/demo_python_node/lib/python3.10/site-packages:${PYTHONPATH} /usr/bin/python3 -W ignore:setup.py install is deprecated setup.py egg_info --egg-base ../../build/demo_python_node build --build-base /home/cat/WorkSpace/Code/ROS2/chapt2/chapt2_ws/build/demo_python_node/build install --record /home/cat/WorkSpace/Code/ROS2/chapt2/chapt2_ws/build/demo_python_node/install.log --single-version-externally-managed install_data
