[0.550s] Invoking command in '/home/cat/WorkSpace/Learning/ROS2/Code/chapt4/src/demo_python_service': PYTHONPATH=/home/cat/WorkSpace/Learning/ROS2/Code/chapt4/build/demo_python_service/prefix_override:/usr/lib/python3/dist-packages/colcon_core/task/python/colcon_distutils_commands:/home/cat/WorkSpace/Learning/ROS2/Code/chapt4/install/demo_python_service/lib/python3.10/site-packages:${PYTHONPATH} /usr/bin/python3 -W ignore:setup.py install is deprecated setup.py egg_info --egg-base ../../build/demo_python_service build --build-base /home/cat/WorkSpace/Learning/ROS2/Code/chapt4/build/demo_python_service/build install --record /home/cat/WorkSpace/Learning/ROS2/Code/chapt4/build/demo_python_service/install.log --single-version-externally-managed install_data
[0.757s] running egg_info
[0.758s] creating ../../build/demo_python_service/demo_python_service.egg-info
[0.758s] writing ../../build/demo_python_service/demo_python_service.egg-info/PKG-INFO
[0.758s] writing dependency_links to ../../build/demo_python_service/demo_python_service.egg-info/dependency_links.txt
[0.758s] writing entry points to ../../build/demo_python_service/demo_python_service.egg-info/entry_points.txt
[0.759s] writing requirements to ../../build/demo_python_service/demo_python_service.egg-info/requires.txt
[0.759s] writing top-level names to ../../build/demo_python_service/demo_python_service.egg-info/top_level.txt
[0.759s] writing manifest file '../../build/demo_python_service/demo_python_service.egg-info/SOURCES.txt'
[0.760s] reading manifest file '../../build/demo_python_service/demo_python_service.egg-info/SOURCES.txt'
[0.760s] adding license file 'LICENSE'
[0.761s] writing manifest file '../../build/demo_python_service/demo_python_service.egg-info/SOURCES.txt'
[0.761s] running build
[0.761s] running build_py
[0.762s] creating /home/cat/WorkSpace/Learning/ROS2/Code/chapt4/build/demo_python_service/build
[0.762s] creating /home/cat/WorkSpace/Learning/ROS2/Code/chapt4/build/demo_python_service/build/lib
[0.762s] creating /home/cat/WorkSpace/Learning/ROS2/Code/chapt4/build/demo_python_service/build/lib/demo_python_service
[0.762s] copying demo_python_service/__init__.py -> /home/cat/WorkSpace/Learning/ROS2/Code/chapt4/build/demo_python_service/build/lib/demo_python_service
[0.762s] copying demo_python_service/learn_face_detect.py -> /home/cat/WorkSpace/Learning/ROS2/Code/chapt4/build/demo_python_service/build/lib/demo_python_service
[0.762s] copying demo_python_service/face_detect.py -> /home/cat/WorkSpace/Learning/ROS2/Code/chapt4/build/demo_python_service/build/lib/demo_python_service
[0.762s] running install
[0.763s] running install_lib
[0.763s] creating /home/cat/WorkSpace/Learning/ROS2/Code/chapt4/install/demo_python_service/lib/python3.10/site-packages/demo_python_service
[0.764s] copying /home/cat/WorkSpace/Learning/ROS2/Code/chapt4/build/demo_python_service/build/lib/demo_python_service/__init__.py -> /home/cat/WorkSpace/Learning/ROS2/Code/chapt4/install/demo_python_service/lib/python3.10/site-packages/demo_python_service
[0.764s] copying /home/cat/WorkSpace/Learning/ROS2/Code/chapt4/build/demo_python_service/build/lib/demo_python_service/learn_face_detect.py -> /home/cat/WorkSpace/Learning/ROS2/Code/chapt4/install/demo_python_service/lib/python3.10/site-packages/demo_python_service
[0.764s] copying /home/cat/WorkSpace/Learning/ROS2/Code/chapt4/build/demo_python_service/build/lib/demo_python_service/face_detect.py -> /home/cat/WorkSpace/Learning/ROS2/Code/chapt4/install/demo_python_service/lib/python3.10/site-packages/demo_python_service
[0.764s] byte-compiling /home/cat/WorkSpace/Learning/ROS2/Code/chapt4/install/demo_python_service/lib/python3.10/site-packages/demo_python_service/__init__.py to __init__.cpython-310.pyc
[0.764s] byte-compiling /home/cat/WorkSpace/Learning/ROS2/Code/chapt4/install/demo_python_service/lib/python3.10/site-packages/demo_python_service/learn_face_detect.py to learn_face_detect.cpython-310.pyc
[0.765s] byte-compiling /home/cat/WorkSpace/Learning/ROS2/Code/chapt4/install/demo_python_service/lib/python3.10/site-packages/demo_python_service/face_detect.py to face_detect.cpython-310.pyc
[0.765s] running install_data
[0.766s] creating /home/cat/WorkSpace/Learning/ROS2/Code/chapt4/install/demo_python_service/share/ament_index
[0.766s] creating /home/cat/WorkSpace/Learning/ROS2/Code/chapt4/install/demo_python_service/share/ament_index/resource_index
[0.766s] creating /home/cat/WorkSpace/Learning/ROS2/Code/chapt4/install/demo_python_service/share/ament_index/resource_index/packages
[0.766s] copying resource/demo_python_service -> /home/cat/WorkSpace/Learning/ROS2/Code/chapt4/install/demo_python_service/share/ament_index/resource_index/packages
[0.766s] copying package.xml -> /home/cat/WorkSpace/Learning/ROS2/Code/chapt4/install/demo_python_service/share/demo_python_service
[0.766s] creating /home/cat/WorkSpace/Learning/ROS2/Code/chapt4/install/demo_python_service/share/demo_python_service/resource
[0.766s] copying resource/default.jpg -> /home/cat/WorkSpace/Learning/ROS2/Code/chapt4/install/demo_python_service/share/demo_python_service/resource
[0.766s] copying resource/trump.jpg -> /home/cat/WorkSpace/Learning/ROS2/Code/chapt4/install/demo_python_service/share/demo_python_service/resource
[0.766s] running install_egg_info
[0.768s] Copying ../../build/demo_python_service/demo_python_service.egg-info to /home/cat/WorkSpace/Learning/ROS2/Code/chapt4/install/demo_python_service/lib/python3.10/site-packages/demo_python_service-0.0.0-py3.10.egg-info
[0.769s] running install_scripts
[0.788s] Installing face_detect script to /home/cat/WorkSpace/Learning/ROS2/Code/chapt4/install/demo_python_service/lib/demo_python_service
[0.789s] Installing learn_face_detect script to /home/cat/WorkSpace/Learning/ROS2/Code/chapt4/install/demo_python_service/lib/demo_python_service
[0.789s] writing list of installed files to '/home/cat/WorkSpace/Learning/ROS2/Code/chapt4/build/demo_python_service/install.log'
[0.811s] Invoked command in '/home/cat/WorkSpace/Learning/ROS2/Code/chapt4/src/demo_python_service' returned '0': PYTHONPATH=/home/cat/WorkSpace/Learning/ROS2/Code/chapt4/build/demo_python_service/prefix_override:/usr/lib/python3/dist-packages/colcon_core/task/python/colcon_distutils_commands:/home/cat/WorkSpace/Learning/ROS2/Code/chapt4/install/demo_python_service/lib/python3.10/site-packages:${PYTHONPATH} /usr/bin/python3 -W ignore:setup.py install is deprecated setup.py egg_info --egg-base ../../build/demo_python_service build --build-base /home/cat/WorkSpace/Learning/ROS2/Code/chapt4/build/demo_python_service/build install --record /home/cat/WorkSpace/Learning/ROS2/Code/chapt4/build/demo_python_service/install.log --single-version-externally-managed install_data
