[0.126s] DEBUG:colcon:Command line arguments: ['/usr/bin/colcon', 'build']
[0.127s] DEBUG:colcon:Parsed command line arguments: Namespace(log_base=None, log_level=None, verb_name='build', build_base='build', install_base='install', merge_install=False, symlink_install=False, test_result_base=None, continue_on_error=False, executor='parallel', parallel_workers=8, event_handlers=None, ignore_user_meta=False, metas=['./colcon.meta'], base_paths=['.'], packages_ignore=None, packages_ignore_regex=None, paths=None, packages_up_to=None, packages_up_to_regex=None, packages_above=None, packages_above_and_dependencies=None, packages_above_depth=None, packages_select_by_dep=None, packages_skip_by_dep=None, packages_skip_up_to=None, packages_select_build_failed=False, packages_skip_build_finished=False, packages_select_test_failures=False, packages_skip_test_passed=False, packages_select=None, packages_skip=None, packages_select_regex=None, packages_skip_regex=None, packages_start=None, packages_end=None, allow_overriding=[], cmake_args=None, cmake_target=None, cmake_target_skip_unavailable=False, cmake_clean_cache=False, cmake_clean_first=False, cmake_force_configure=False, ament_cmake_args=None, catkin_cmake_args=None, catkin_skip_building_tests=False, verb_parser=<colcon_defaults.argument_parser.defaults.DefaultArgumentsDecorator object at 0x77ff40e4c340>, verb_extension=<colcon_core.verb.build.BuildVerb object at 0x77ff40e13d00>, main=<bound method BuildVerb.main of <colcon_core.verb.build.BuildVerb object at 0x77ff40e13d00>>)
[0.298s] Level 1:colcon.colcon_core.package_discovery:discover_packages(colcon_meta) check parameters
[0.299s] Level 1:colcon.colcon_core.package_discovery:discover_packages(recursive) check parameters
[0.299s] Level 1:colcon.colcon_core.package_discovery:discover_packages(ignore) check parameters
[0.299s] Level 1:colcon.colcon_core.package_discovery:discover_packages(path) check parameters
[0.299s] Level 1:colcon.colcon_core.package_discovery:discover_packages(colcon_meta) discover
[0.299s] Level 1:colcon.colcon_core.package_discovery:discover_packages(recursive) discover
[0.299s] INFO:colcon.colcon_core.package_discovery:Crawling recursively for packages in '/home/cat/WorkSpace/Learning/ROS2/Code/chapt3/topic_practice_ws'
[0.299s] Level 1:colcon.colcon_core.package_identification:_identify(.) by extensions ['ignore', 'ignore_ament_install']
[0.299s] Level 1:colcon.colcon_core.package_identification:_identify(.) by extension 'ignore'
[0.299s] Level 1:colcon.colcon_core.package_identification:_identify(.) by extension 'ignore_ament_install'
[0.299s] Level 1:colcon.colcon_core.package_identification:_identify(.) by extensions ['colcon_pkg']
[0.299s] Level 1:colcon.colcon_core.package_identification:_identify(.) by extension 'colcon_pkg'
[0.299s] Level 1:colcon.colcon_core.package_identification:_identify(.) by extensions ['colcon_meta']
[0.299s] Level 1:colcon.colcon_core.package_identification:_identify(.) by extension 'colcon_meta'
[0.299s] Level 1:colcon.colcon_core.package_identification:_identify(.) by extensions ['ros']
[0.299s] Level 1:colcon.colcon_core.package_identification:_identify(.) by extension 'ros'
[0.313s] Level 1:colcon.colcon_core.package_identification:_identify(.) by extensions ['cmake', 'python']
[0.313s] Level 1:colcon.colcon_core.package_identification:_identify(.) by extension 'cmake'
[0.313s] Level 1:colcon.colcon_core.package_identification:_identify(.) by extension 'python'
[0.313s] Level 1:colcon.colcon_core.package_identification:_identify(.) by extensions ['python_setup_py']
[0.313s] Level 1:colcon.colcon_core.package_identification:_identify(.) by extension 'python_setup_py'
[0.313s] Level 1:colcon.colcon_core.package_identification:_identify(build) by extensions ['ignore', 'ignore_ament_install']
[0.314s] Level 1:colcon.colcon_core.package_identification:_identify(build) by extension 'ignore'
[0.314s] Level 1:colcon.colcon_core.package_identification:_identify(build) ignored
[0.314s] Level 1:colcon.colcon_core.package_identification:_identify(install) by extensions ['ignore', 'ignore_ament_install']
[0.314s] Level 1:colcon.colcon_core.package_identification:_identify(install) by extension 'ignore'
[0.314s] Level 1:colcon.colcon_core.package_identification:_identify(install) ignored
[0.314s] Level 1:colcon.colcon_core.package_identification:_identify(log) by extensions ['ignore', 'ignore_ament_install']
[0.314s] Level 1:colcon.colcon_core.package_identification:_identify(log) by extension 'ignore'
[0.314s] Level 1:colcon.colcon_core.package_identification:_identify(log) ignored
[0.314s] Level 1:colcon.colcon_core.package_identification:_identify(src) by extensions ['ignore', 'ignore_ament_install']
[0.315s] Level 1:colcon.colcon_core.package_identification:_identify(src) by extension 'ignore'
[0.315s] Level 1:colcon.colcon_core.package_identification:_identify(src) by extension 'ignore_ament_install'
[0.315s] Level 1:colcon.colcon_core.package_identification:_identify(src) by extensions ['colcon_pkg']
[0.315s] Level 1:colcon.colcon_core.package_identification:_identify(src) by extension 'colcon_pkg'
[0.315s] Level 1:colcon.colcon_core.package_identification:_identify(src) by extensions ['colcon_meta']
[0.315s] Level 1:colcon.colcon_core.package_identification:_identify(src) by extension 'colcon_meta'
[0.315s] Level 1:colcon.colcon_core.package_identification:_identify(src) by extensions ['ros']
[0.315s] Level 1:colcon.colcon_core.package_identification:_identify(src) by extension 'ros'
[0.315s] Level 1:colcon.colcon_core.package_identification:_identify(src) by extensions ['cmake', 'python']
[0.315s] Level 1:colcon.colcon_core.package_identification:_identify(src) by extension 'cmake'
[0.315s] Level 1:colcon.colcon_core.package_identification:_identify(src) by extension 'python'
[0.315s] Level 1:colcon.colcon_core.package_identification:_identify(src) by extensions ['python_setup_py']
[0.315s] Level 1:colcon.colcon_core.package_identification:_identify(src) by extension 'python_setup_py'
[0.315s] Level 1:colcon.colcon_core.package_identification:_identify(src/status_interfaces) by extensions ['ignore', 'ignore_ament_install']
[0.315s] Level 1:colcon.colcon_core.package_identification:_identify(src/status_interfaces) by extension 'ignore'
[0.315s] Level 1:colcon.colcon_core.package_identification:_identify(src/status_interfaces) by extension 'ignore_ament_install'
[0.316s] Level 1:colcon.colcon_core.package_identification:_identify(src/status_interfaces) by extensions ['colcon_pkg']
[0.316s] Level 1:colcon.colcon_core.package_identification:_identify(src/status_interfaces) by extension 'colcon_pkg'
[0.316s] Level 1:colcon.colcon_core.package_identification:_identify(src/status_interfaces) by extensions ['colcon_meta']
[0.316s] Level 1:colcon.colcon_core.package_identification:_identify(src/status_interfaces) by extension 'colcon_meta'
[0.316s] Level 1:colcon.colcon_core.package_identification:_identify(src/status_interfaces) by extensions ['ros']
[0.316s] Level 1:colcon.colcon_core.package_identification:_identify(src/status_interfaces) by extension 'ros'
[0.319s] DEBUG:colcon.colcon_core.package_identification:Package 'src/status_interfaces' with type 'ros.ament_cmake' and name 'status_interfaces'
[0.319s] Level 1:colcon.colcon_core.package_identification:_identify(src/status_publisher) by extensions ['ignore', 'ignore_ament_install']
[0.319s] Level 1:colcon.colcon_core.package_identification:_identify(src/status_publisher) by extension 'ignore'
[0.319s] Level 1:colcon.colcon_core.package_identification:_identify(src/status_publisher) by extension 'ignore_ament_install'
[0.319s] Level 1:colcon.colcon_core.package_identification:_identify(src/status_publisher) by extensions ['colcon_pkg']
[0.319s] Level 1:colcon.colcon_core.package_identification:_identify(src/status_publisher) by extension 'colcon_pkg'
[0.319s] Level 1:colcon.colcon_core.package_identification:_identify(src/status_publisher) by extensions ['colcon_meta']
[0.319s] Level 1:colcon.colcon_core.package_identification:_identify(src/status_publisher) by extension 'colcon_meta'
[0.319s] Level 1:colcon.colcon_core.package_identification:_identify(src/status_publisher) by extensions ['ros']
[0.319s] Level 1:colcon.colcon_core.package_identification:_identify(src/status_publisher) by extension 'ros'
[0.320s] DEBUG:colcon.colcon_core.package_identification:Package 'src/status_publisher' with type 'ros.ament_python' and name 'status_publisher'
[0.321s] Level 1:colcon.colcon_core.package_discovery:discover_packages(recursive) using defaults
[0.321s] Level 1:colcon.colcon_core.package_discovery:discover_packages(ignore) discover
[0.321s] Level 1:colcon.colcon_core.package_discovery:discover_packages(ignore) using defaults
[0.321s] Level 1:colcon.colcon_core.package_discovery:discover_packages(path) discover
[0.321s] Level 1:colcon.colcon_core.package_discovery:discover_packages(path) using defaults
[0.344s] Level 1:colcon.colcon_core.package_discovery:discover_packages(prefix_path) check parameters
[0.344s] Level 1:colcon.colcon_core.package_discovery:discover_packages(prefix_path) discover
[0.346s] DEBUG:colcon.colcon_installed_package_information.package_discovery:Found 2 installed packages in /home/cat/WorkSpace/Learning/ROS2/Code/chapt3/topic_practice_ws/install
[0.347s] DEBUG:colcon.colcon_installed_package_information.package_discovery:Found 270 installed packages in /opt/ros/humble
[0.349s] Level 1:colcon.colcon_core.package_discovery:discover_packages(prefix_path) using defaults
[0.406s] Level 5:colcon.colcon_core.verb:set package 'status_interfaces' build argument 'cmake_args' from command line to 'None'
[0.406s] Level 5:colcon.colcon_core.verb:set package 'status_interfaces' build argument 'cmake_target' from command line to 'None'
[0.406s] Level 5:colcon.colcon_core.verb:set package 'status_interfaces' build argument 'cmake_target_skip_unavailable' from command line to 'False'
[0.406s] Level 5:colcon.colcon_core.verb:set package 'status_interfaces' build argument 'cmake_clean_cache' from command line to 'False'
[0.406s] Level 5:colcon.colcon_core.verb:set package 'status_interfaces' build argument 'cmake_clean_first' from command line to 'False'
[0.406s] Level 5:colcon.colcon_core.verb:set package 'status_interfaces' build argument 'cmake_force_configure' from command line to 'False'
[0.406s] Level 5:colcon.colcon_core.verb:set package 'status_interfaces' build argument 'ament_cmake_args' from command line to 'None'
[0.406s] Level 5:colcon.colcon_core.verb:set package 'status_interfaces' build argument 'catkin_cmake_args' from command line to 'None'
[0.406s] Level 5:colcon.colcon_core.verb:set package 'status_interfaces' build argument 'catkin_skip_building_tests' from command line to 'False'
[0.406s] DEBUG:colcon.colcon_core.verb:Building package 'status_interfaces' with the following arguments: {'ament_cmake_args': None, 'build_base': '/home/cat/WorkSpace/Learning/ROS2/Code/chapt3/topic_practice_ws/build/status_interfaces', 'catkin_cmake_args': None, 'catkin_skip_building_tests': False, 'cmake_args': None, 'cmake_clean_cache': False, 'cmake_clean_first': False, 'cmake_force_configure': False, 'cmake_target': None, 'cmake_target_skip_unavailable': False, 'install_base': '/home/cat/WorkSpace/Learning/ROS2/Code/chapt3/topic_practice_ws/install/status_interfaces', 'merge_install': False, 'path': '/home/cat/WorkSpace/Learning/ROS2/Code/chapt3/topic_practice_ws/src/status_interfaces', 'symlink_install': False, 'test_result_base': None}
[0.406s] Level 5:colcon.colcon_core.verb:set package 'status_publisher' build argument 'cmake_args' from command line to 'None'
[0.406s] Level 5:colcon.colcon_core.verb:set package 'status_publisher' build argument 'cmake_target' from command line to 'None'
[0.407s] Level 5:colcon.colcon_core.verb:set package 'status_publisher' build argument 'cmake_target_skip_unavailable' from command line to 'False'
[0.407s] Level 5:colcon.colcon_core.verb:set package 'status_publisher' build argument 'cmake_clean_cache' from command line to 'False'
[0.407s] Level 5:colcon.colcon_core.verb:set package 'status_publisher' build argument 'cmake_clean_first' from command line to 'False'
[0.407s] Level 5:colcon.colcon_core.verb:set package 'status_publisher' build argument 'cmake_force_configure' from command line to 'False'
[0.407s] Level 5:colcon.colcon_core.verb:set package 'status_publisher' build argument 'ament_cmake_args' from command line to 'None'
[0.407s] Level 5:colcon.colcon_core.verb:set package 'status_publisher' build argument 'catkin_cmake_args' from command line to 'None'
[0.407s] Level 5:colcon.colcon_core.verb:set package 'status_publisher' build argument 'catkin_skip_building_tests' from command line to 'False'
[0.407s] DEBUG:colcon.colcon_core.verb:Building package 'status_publisher' with the following arguments: {'ament_cmake_args': None, 'build_base': '/home/cat/WorkSpace/Learning/ROS2/Code/chapt3/topic_practice_ws/build/status_publisher', 'catkin_cmake_args': None, 'catkin_skip_building_tests': False, 'cmake_args': None, 'cmake_clean_cache': False, 'cmake_clean_first': False, 'cmake_force_configure': False, 'cmake_target': None, 'cmake_target_skip_unavailable': False, 'install_base': '/home/cat/WorkSpace/Learning/ROS2/Code/chapt3/topic_practice_ws/install/status_publisher', 'merge_install': False, 'path': '/home/cat/WorkSpace/Learning/ROS2/Code/chapt3/topic_practice_ws/src/status_publisher', 'symlink_install': False, 'test_result_base': None}
[0.407s] INFO:colcon.colcon_core.executor:Executing jobs using 'parallel' executor
[0.408s] DEBUG:colcon.colcon_parallel_executor.executor.parallel:run_until_complete
[0.408s] INFO:colcon.colcon_ros.task.ament_cmake.build:Building ROS package in '/home/cat/WorkSpace/Learning/ROS2/Code/chapt3/topic_practice_ws/src/status_interfaces' with build type 'ament_cmake'
[0.409s] INFO:colcon.colcon_cmake.task.cmake.build:Building CMake package in '/home/cat/WorkSpace/Learning/ROS2/Code/chapt3/topic_practice_ws/src/status_interfaces'
[0.412s] INFO:colcon.colcon_core.plugin_system:Skipping extension 'colcon_core.shell.bat': Not used on non-Windows systems
[0.412s] INFO:colcon.colcon_core.shell:Skip shell extension 'powershell' for command environment: Not usable outside of PowerShell
[0.412s] DEBUG:colcon.colcon_core.shell:Skip shell extension 'dsv' for command environment
[0.424s] DEBUG:colcon.colcon_core.event_handler.log_command:Invoking command in '/home/cat/WorkSpace/Learning/ROS2/Code/chapt3/topic_practice_ws/build/status_interfaces': CMAKE_PREFIX_PATH=${CMAKE_PREFIX_PATH}:/home/cat/WorkSpace/Learning/ROS2/Code/chapt3/topic_practice_ws/install/status_publisher:/opt/ros/humble /usr/bin/cmake --build /home/cat/WorkSpace/Learning/ROS2/Code/chapt3/topic_practice_ws/build/status_interfaces -- -j8 -l8
[0.904s] DEBUG:colcon.colcon_core.event_handler.log_command:Invoked command in '/home/cat/WorkSpace/Learning/ROS2/Code/chapt3/topic_practice_ws/build/status_interfaces' returned '0': CMAKE_PREFIX_PATH=${CMAKE_PREFIX_PATH}:/home/cat/WorkSpace/Learning/ROS2/Code/chapt3/topic_practice_ws/install/status_publisher:/opt/ros/humble /usr/bin/cmake --build /home/cat/WorkSpace/Learning/ROS2/Code/chapt3/topic_practice_ws/build/status_interfaces -- -j8 -l8
[0.999s] DEBUG:colcon.colcon_core.event_handler.log_command:Invoking command in '/home/cat/WorkSpace/Learning/ROS2/Code/chapt3/topic_practice_ws/build/status_interfaces': CMAKE_PREFIX_PATH=${CMAKE_PREFIX_PATH}:/home/cat/WorkSpace/Learning/ROS2/Code/chapt3/topic_practice_ws/install/status_publisher:/opt/ros/humble /usr/bin/cmake --install /home/cat/WorkSpace/Learning/ROS2/Code/chapt3/topic_practice_ws/build/status_interfaces
[1.075s] Level 1:colcon.colcon_core.environment:create_environment_scripts_only(status_interfaces)
[1.076s] DEBUG:colcon.colcon_core.event_handler.log_command:Invoked command in '/home/cat/WorkSpace/Learning/ROS2/Code/chapt3/topic_practice_ws/build/status_interfaces' returned '0': CMAKE_PREFIX_PATH=${CMAKE_PREFIX_PATH}:/home/cat/WorkSpace/Learning/ROS2/Code/chapt3/topic_practice_ws/install/status_publisher:/opt/ros/humble /usr/bin/cmake --install /home/cat/WorkSpace/Learning/ROS2/Code/chapt3/topic_practice_ws/build/status_interfaces
[1.078s] Level 1:colcon.colcon_core.environment:checking '/home/cat/WorkSpace/Learning/ROS2/Code/chapt3/topic_practice_ws/install/status_interfaces' for CMake module files
[1.079s] Level 1:colcon.colcon_core.environment:checking '/home/cat/WorkSpace/Learning/ROS2/Code/chapt3/topic_practice_ws/install/status_interfaces' for CMake config files
[1.079s] Level 1:colcon.colcon_core.shell:create_environment_hook('status_interfaces', 'cmake_prefix_path')
[1.080s] INFO:colcon.colcon_core.shell:Creating environment hook '/home/cat/WorkSpace/Learning/ROS2/Code/chapt3/topic_practice_ws/install/status_interfaces/share/status_interfaces/hook/cmake_prefix_path.ps1'
[1.080s] INFO:colcon.colcon_core.shell:Creating environment descriptor '/home/cat/WorkSpace/Learning/ROS2/Code/chapt3/topic_practice_ws/install/status_interfaces/share/status_interfaces/hook/cmake_prefix_path.dsv'
[1.081s] INFO:colcon.colcon_core.shell:Creating environment hook '/home/cat/WorkSpace/Learning/ROS2/Code/chapt3/topic_practice_ws/install/status_interfaces/share/status_interfaces/hook/cmake_prefix_path.sh'
[1.082s] Level 1:colcon.colcon_core.environment:checking '/home/cat/WorkSpace/Learning/ROS2/Code/chapt3/topic_practice_ws/install/status_interfaces/lib'
[1.083s] Level 1:colcon.colcon_core.shell:create_environment_hook('status_interfaces', 'ld_library_path_lib')
[1.083s] INFO:colcon.colcon_core.shell:Creating environment hook '/home/cat/WorkSpace/Learning/ROS2/Code/chapt3/topic_practice_ws/install/status_interfaces/share/status_interfaces/hook/ld_library_path_lib.ps1'
[1.084s] INFO:colcon.colcon_core.shell:Creating environment descriptor '/home/cat/WorkSpace/Learning/ROS2/Code/chapt3/topic_practice_ws/install/status_interfaces/share/status_interfaces/hook/ld_library_path_lib.dsv'
[1.084s] INFO:colcon.colcon_core.shell:Creating environment hook '/home/cat/WorkSpace/Learning/ROS2/Code/chapt3/topic_practice_ws/install/status_interfaces/share/status_interfaces/hook/ld_library_path_lib.sh'
[1.085s] Level 1:colcon.colcon_core.environment:checking '/home/cat/WorkSpace/Learning/ROS2/Code/chapt3/topic_practice_ws/install/status_interfaces/bin'
[1.085s] Level 1:colcon.colcon_core.environment:checking '/home/cat/WorkSpace/Learning/ROS2/Code/chapt3/topic_practice_ws/install/status_interfaces/lib/pkgconfig/status_interfaces.pc'
[1.085s] Level 1:colcon.colcon_core.environment:checking '/home/cat/WorkSpace/Learning/ROS2/Code/chapt3/topic_practice_ws/install/status_interfaces/lib/python3.10/site-packages'
[1.085s] Level 1:colcon.colcon_core.environment:checking '/home/cat/WorkSpace/Learning/ROS2/Code/chapt3/topic_practice_ws/install/status_interfaces/bin'
[1.086s] INFO:colcon.colcon_core.shell:Creating package script '/home/cat/WorkSpace/Learning/ROS2/Code/chapt3/topic_practice_ws/install/status_interfaces/share/status_interfaces/package.ps1'
[1.087s] INFO:colcon.colcon_core.shell:Creating package descriptor '/home/cat/WorkSpace/Learning/ROS2/Code/chapt3/topic_practice_ws/install/status_interfaces/share/status_interfaces/package.dsv'
[1.088s] INFO:colcon.colcon_core.shell:Creating package script '/home/cat/WorkSpace/Learning/ROS2/Code/chapt3/topic_practice_ws/install/status_interfaces/share/status_interfaces/package.sh'
[1.089s] INFO:colcon.colcon_core.shell:Creating package script '/home/cat/WorkSpace/Learning/ROS2/Code/chapt3/topic_practice_ws/install/status_interfaces/share/status_interfaces/package.bash'
[1.090s] INFO:colcon.colcon_core.shell:Creating package script '/home/cat/WorkSpace/Learning/ROS2/Code/chapt3/topic_practice_ws/install/status_interfaces/share/status_interfaces/package.zsh'
[1.091s] Level 1:colcon.colcon_core.environment:create_file_with_runtime_dependencies(/home/cat/WorkSpace/Learning/ROS2/Code/chapt3/topic_practice_ws/install/status_interfaces/share/colcon-core/packages/status_interfaces)
[1.171s] Level 1:colcon.colcon_core.environment:create_environment_scripts_only(status_interfaces)
[1.172s] Level 1:colcon.colcon_core.environment:checking '/home/cat/WorkSpace/Learning/ROS2/Code/chapt3/topic_practice_ws/install/status_interfaces' for CMake module files
[1.172s] Level 1:colcon.colcon_core.environment:checking '/home/cat/WorkSpace/Learning/ROS2/Code/chapt3/topic_practice_ws/install/status_interfaces' for CMake config files
[1.173s] Level 1:colcon.colcon_core.shell:create_environment_hook('status_interfaces', 'cmake_prefix_path')
[1.173s] INFO:colcon.colcon_core.shell:Creating environment hook '/home/cat/WorkSpace/Learning/ROS2/Code/chapt3/topic_practice_ws/install/status_interfaces/share/status_interfaces/hook/cmake_prefix_path.ps1'
[1.174s] INFO:colcon.colcon_core.shell:Creating environment descriptor '/home/cat/WorkSpace/Learning/ROS2/Code/chapt3/topic_practice_ws/install/status_interfaces/share/status_interfaces/hook/cmake_prefix_path.dsv'
[1.175s] INFO:colcon.colcon_core.shell:Creating environment hook '/home/cat/WorkSpace/Learning/ROS2/Code/chapt3/topic_practice_ws/install/status_interfaces/share/status_interfaces/hook/cmake_prefix_path.sh'
[1.176s] Level 1:colcon.colcon_core.environment:checking '/home/cat/WorkSpace/Learning/ROS2/Code/chapt3/topic_practice_ws/install/status_interfaces/lib'
[1.176s] Level 1:colcon.colcon_core.shell:create_environment_hook('status_interfaces', 'ld_library_path_lib')
[1.176s] INFO:colcon.colcon_core.shell:Creating environment hook '/home/cat/WorkSpace/Learning/ROS2/Code/chapt3/topic_practice_ws/install/status_interfaces/share/status_interfaces/hook/ld_library_path_lib.ps1'
[1.177s] INFO:colcon.colcon_core.shell:Creating environment descriptor '/home/cat/WorkSpace/Learning/ROS2/Code/chapt3/topic_practice_ws/install/status_interfaces/share/status_interfaces/hook/ld_library_path_lib.dsv'
[1.177s] INFO:colcon.colcon_core.shell:Creating environment hook '/home/cat/WorkSpace/Learning/ROS2/Code/chapt3/topic_practice_ws/install/status_interfaces/share/status_interfaces/hook/ld_library_path_lib.sh'
[1.178s] Level 1:colcon.colcon_core.environment:checking '/home/cat/WorkSpace/Learning/ROS2/Code/chapt3/topic_practice_ws/install/status_interfaces/bin'
[1.178s] Level 1:colcon.colcon_core.environment:checking '/home/cat/WorkSpace/Learning/ROS2/Code/chapt3/topic_practice_ws/install/status_interfaces/lib/pkgconfig/status_interfaces.pc'
[1.178s] Level 1:colcon.colcon_core.environment:checking '/home/cat/WorkSpace/Learning/ROS2/Code/chapt3/topic_practice_ws/install/status_interfaces/lib/python3.10/site-packages'
[1.178s] Level 1:colcon.colcon_core.environment:checking '/home/cat/WorkSpace/Learning/ROS2/Code/chapt3/topic_practice_ws/install/status_interfaces/bin'
[1.179s] INFO:colcon.colcon_core.shell:Creating package script '/home/cat/WorkSpace/Learning/ROS2/Code/chapt3/topic_practice_ws/install/status_interfaces/share/status_interfaces/package.ps1'
[1.180s] INFO:colcon.colcon_core.shell:Creating package descriptor '/home/cat/WorkSpace/Learning/ROS2/Code/chapt3/topic_practice_ws/install/status_interfaces/share/status_interfaces/package.dsv'
[1.180s] INFO:colcon.colcon_core.shell:Creating package script '/home/cat/WorkSpace/Learning/ROS2/Code/chapt3/topic_practice_ws/install/status_interfaces/share/status_interfaces/package.sh'
[1.181s] INFO:colcon.colcon_core.shell:Creating package script '/home/cat/WorkSpace/Learning/ROS2/Code/chapt3/topic_practice_ws/install/status_interfaces/share/status_interfaces/package.bash'
[1.182s] INFO:colcon.colcon_core.shell:Creating package script '/home/cat/WorkSpace/Learning/ROS2/Code/chapt3/topic_practice_ws/install/status_interfaces/share/status_interfaces/package.zsh'
[1.182s] Level 1:colcon.colcon_core.environment:create_file_with_runtime_dependencies(/home/cat/WorkSpace/Learning/ROS2/Code/chapt3/topic_practice_ws/install/status_interfaces/share/colcon-core/packages/status_interfaces)
[1.183s] INFO:colcon.colcon_ros.task.ament_python.build:Building ROS package in '/home/cat/WorkSpace/Learning/ROS2/Code/chapt3/topic_practice_ws/src/status_publisher' with build type 'ament_python'
[1.183s] Level 1:colcon.colcon_core.shell:create_environment_hook('status_publisher', 'ament_prefix_path')
[1.184s] INFO:colcon.colcon_core.shell:Creating environment hook '/home/cat/WorkSpace/Learning/ROS2/Code/chapt3/topic_practice_ws/install/status_publisher/share/status_publisher/hook/ament_prefix_path.ps1'
[1.185s] INFO:colcon.colcon_core.shell:Creating environment descriptor '/home/cat/WorkSpace/Learning/ROS2/Code/chapt3/topic_practice_ws/install/status_publisher/share/status_publisher/hook/ament_prefix_path.dsv'
[1.185s] INFO:colcon.colcon_core.shell:Creating environment hook '/home/cat/WorkSpace/Learning/ROS2/Code/chapt3/topic_practice_ws/install/status_publisher/share/status_publisher/hook/ament_prefix_path.sh'
[1.186s] INFO:colcon.colcon_core.shell:Skip shell extension 'powershell' for command environment: Not usable outside of PowerShell
[1.187s] DEBUG:colcon.colcon_core.shell:Skip shell extension 'dsv' for command environment
[1.517s] INFO:colcon.colcon_core.task.python.build:Building Python package in '/home/cat/WorkSpace/Learning/ROS2/Code/chapt3/topic_practice_ws/src/status_publisher'
[1.517s] INFO:colcon.colcon_core.shell:Skip shell extension 'powershell' for command environment: Not usable outside of PowerShell
[1.517s] DEBUG:colcon.colcon_core.shell:Skip shell extension 'dsv' for command environment
[1.948s] DEBUG:colcon.colcon_core.event_handler.log_command:Invoking command in '/home/cat/WorkSpace/Learning/ROS2/Code/chapt3/topic_practice_ws/src/status_publisher': PYTHONPATH=/home/cat/WorkSpace/Learning/ROS2/Code/chapt3/topic_practice_ws/build/status_publisher/prefix_override:/usr/lib/python3/dist-packages/colcon_core/task/python/colcon_distutils_commands:/home/cat/WorkSpace/Learning/ROS2/Code/chapt3/topic_practice_ws/install/status_publisher/lib/python3.10/site-packages:${PYTHONPATH} /usr/bin/python3 -W ignore:setup.py install is deprecated setup.py egg_info --egg-base ../../build/status_publisher build --build-base /home/cat/WorkSpace/Learning/ROS2/Code/chapt3/topic_practice_ws/build/status_publisher/build install --record /home/cat/WorkSpace/Learning/ROS2/Code/chapt3/topic_practice_ws/build/status_publisher/install.log --single-version-externally-managed install_data
[2.298s] Level 1:colcon.colcon_core.environment:checking '/home/cat/WorkSpace/Learning/ROS2/Code/chapt3/topic_practice_ws/install/status_publisher' for CMake module files
[2.299s] DEBUG:colcon.colcon_core.event_handler.log_command:Invoked command in '/home/cat/WorkSpace/Learning/ROS2/Code/chapt3/topic_practice_ws/src/status_publisher' returned '0': PYTHONPATH=/home/cat/WorkSpace/Learning/ROS2/Code/chapt3/topic_practice_ws/build/status_publisher/prefix_override:/usr/lib/python3/dist-packages/colcon_core/task/python/colcon_distutils_commands:/home/cat/WorkSpace/Learning/ROS2/Code/chapt3/topic_practice_ws/install/status_publisher/lib/python3.10/site-packages:${PYTHONPATH} /usr/bin/python3 -W ignore:setup.py install is deprecated setup.py egg_info --egg-base ../../build/status_publisher build --build-base /home/cat/WorkSpace/Learning/ROS2/Code/chapt3/topic_practice_ws/build/status_publisher/build install --record /home/cat/WorkSpace/Learning/ROS2/Code/chapt3/topic_practice_ws/build/status_publisher/install.log --single-version-externally-managed install_data
[2.300s] Level 1:colcon.colcon_core.environment:checking '/home/cat/WorkSpace/Learning/ROS2/Code/chapt3/topic_practice_ws/install/status_publisher' for CMake config files
[2.301s] Level 1:colcon.colcon_core.environment:checking '/home/cat/WorkSpace/Learning/ROS2/Code/chapt3/topic_practice_ws/install/status_publisher/lib'
[2.301s] Level 1:colcon.colcon_core.environment:checking '/home/cat/WorkSpace/Learning/ROS2/Code/chapt3/topic_practice_ws/install/status_publisher/bin'
[2.301s] Level 1:colcon.colcon_core.environment:checking '/home/cat/WorkSpace/Learning/ROS2/Code/chapt3/topic_practice_ws/install/status_publisher/lib/pkgconfig/status_publisher.pc'
[2.301s] Level 1:colcon.colcon_core.environment:checking '/home/cat/WorkSpace/Learning/ROS2/Code/chapt3/topic_practice_ws/install/status_publisher/lib/python3.10/site-packages'
[2.301s] Level 1:colcon.colcon_core.shell:create_environment_hook('status_publisher', 'pythonpath')
[2.301s] INFO:colcon.colcon_core.shell:Creating environment hook '/home/cat/WorkSpace/Learning/ROS2/Code/chapt3/topic_practice_ws/install/status_publisher/share/status_publisher/hook/pythonpath.ps1'
[2.302s] INFO:colcon.colcon_core.shell:Creating environment descriptor '/home/cat/WorkSpace/Learning/ROS2/Code/chapt3/topic_practice_ws/install/status_publisher/share/status_publisher/hook/pythonpath.dsv'
[2.303s] INFO:colcon.colcon_core.shell:Creating environment hook '/home/cat/WorkSpace/Learning/ROS2/Code/chapt3/topic_practice_ws/install/status_publisher/share/status_publisher/hook/pythonpath.sh'
[2.304s] Level 1:colcon.colcon_core.environment:checking '/home/cat/WorkSpace/Learning/ROS2/Code/chapt3/topic_practice_ws/install/status_publisher/bin'
[2.304s] Level 1:colcon.colcon_core.environment:create_environment_scripts_only(status_publisher)
[2.304s] INFO:colcon.colcon_core.shell:Creating package script '/home/cat/WorkSpace/Learning/ROS2/Code/chapt3/topic_practice_ws/install/status_publisher/share/status_publisher/package.ps1'
[2.305s] INFO:colcon.colcon_core.shell:Creating package descriptor '/home/cat/WorkSpace/Learning/ROS2/Code/chapt3/topic_practice_ws/install/status_publisher/share/status_publisher/package.dsv'
[2.306s] INFO:colcon.colcon_core.shell:Creating package script '/home/cat/WorkSpace/Learning/ROS2/Code/chapt3/topic_practice_ws/install/status_publisher/share/status_publisher/package.sh'
[2.306s] INFO:colcon.colcon_core.shell:Creating package script '/home/cat/WorkSpace/Learning/ROS2/Code/chapt3/topic_practice_ws/install/status_publisher/share/status_publisher/package.bash'
[2.307s] INFO:colcon.colcon_core.shell:Creating package script '/home/cat/WorkSpace/Learning/ROS2/Code/chapt3/topic_practice_ws/install/status_publisher/share/status_publisher/package.zsh'
[2.307s] Level 1:colcon.colcon_core.environment:create_file_with_runtime_dependencies(/home/cat/WorkSpace/Learning/ROS2/Code/chapt3/topic_practice_ws/install/status_publisher/share/colcon-core/packages/status_publisher)
[2.308s] DEBUG:colcon.colcon_parallel_executor.executor.parallel:closing loop
[2.309s] DEBUG:colcon.colcon_parallel_executor.executor.parallel:loop closed
[2.309s] DEBUG:colcon.colcon_parallel_executor.executor.parallel:run_until_complete finished with '0'
[2.309s] DEBUG:colcon.colcon_core.event_reactor:joining thread
[2.316s] INFO:colcon.colcon_core.plugin_system:Skipping extension 'colcon_notification.desktop_notification.terminal_notifier': Not used on non-Darwin systems
[2.316s] INFO:colcon.colcon_core.plugin_system:Skipping extension 'colcon_notification.desktop_notification.win32': Not used on non-Windows systems
[2.316s] INFO:colcon.colcon_notification.desktop_notification:Sending desktop notification using 'notify2'
[2.333s] DEBUG:colcon.colcon_core.event_reactor:joined thread
[2.334s] INFO:colcon.colcon_core.shell:Creating prefix script '/home/cat/WorkSpace/Learning/ROS2/Code/chapt3/topic_practice_ws/install/local_setup.ps1'
[2.336s] INFO:colcon.colcon_core.shell:Creating prefix util module '/home/cat/WorkSpace/Learning/ROS2/Code/chapt3/topic_practice_ws/install/_local_setup_util_ps1.py'
[2.339s] INFO:colcon.colcon_core.shell:Creating prefix chain script '/home/cat/WorkSpace/Learning/ROS2/Code/chapt3/topic_practice_ws/install/setup.ps1'
[2.343s] INFO:colcon.colcon_core.shell:Creating prefix script '/home/cat/WorkSpace/Learning/ROS2/Code/chapt3/topic_practice_ws/install/local_setup.sh'
[2.346s] INFO:colcon.colcon_core.shell:Creating prefix util module '/home/cat/WorkSpace/Learning/ROS2/Code/chapt3/topic_practice_ws/install/_local_setup_util_sh.py'
[2.348s] INFO:colcon.colcon_core.shell:Creating prefix chain script '/home/cat/WorkSpace/Learning/ROS2/Code/chapt3/topic_practice_ws/install/setup.sh'
[2.350s] INFO:colcon.colcon_core.shell:Creating prefix script '/home/cat/WorkSpace/Learning/ROS2/Code/chapt3/topic_practice_ws/install/local_setup.bash'
[2.351s] INFO:colcon.colcon_core.shell:Creating prefix chain script '/home/cat/WorkSpace/Learning/ROS2/Code/chapt3/topic_practice_ws/install/setup.bash'
[2.354s] INFO:colcon.colcon_core.shell:Creating prefix script '/home/cat/WorkSpace/Learning/ROS2/Code/chapt3/topic_practice_ws/install/local_setup.zsh'
[2.356s] INFO:colcon.colcon_core.shell:Creating prefix chain script '/home/cat/WorkSpace/Learning/ROS2/Code/chapt3/topic_practice_ws/install/setup.zsh'
