[0.502s] Invoking command in '/home/cat/WorkSpace/Code/ROS2/chapt2/chapt2_ws/src/demo_python_node': PYTHONPATH=/home/cat/WorkSpace/Code/ROS2/chapt2/chapt2_ws/build/demo_python_node/prefix_override:/usr/lib/python3/dist-packages/colcon_core/task/python/colcon_distutils_commands:/home/cat/WorkSpace/Code/ROS2/chapt2/chapt2_ws/install/demo_python_node/lib/python3.10/site-packages:${PYTHONPATH} /usr/bin/python3 -W ignore:setup.py install is deprecated setup.py egg_info --egg-base ../../build/demo_python_node build --build-base /home/cat/WorkSpace/Code/ROS2/chapt2/chapt2_ws/build/demo_python_node/build install --record /home/cat/WorkSpace/Code/ROS2/chapt2/chapt2_ws/build/demo_python_node/install.log --single-version-externally-managed install_data
[0.688s] running egg_info
[0.688s] writing ../../build/demo_python_node/demo_python_node.egg-info/PKG-INFO
[0.689s] writing dependency_links to ../../build/demo_python_node/demo_python_node.egg-info/dependency_links.txt
[0.689s] writing entry points to ../../build/demo_python_node/demo_python_node.egg-info/entry_points.txt
[0.689s] writing requirements to ../../build/demo_python_node/demo_python_node.egg-info/requires.txt
[0.689s] writing top-level names to ../../build/demo_python_node/demo_python_node.egg-info/top_level.txt
[0.691s] reading manifest file '../../build/demo_python_node/demo_python_node.egg-info/SOURCES.txt'
[0.691s] adding license file 'LICENSE'
[0.692s] writing manifest file '../../build/demo_python_node/demo_python_node.egg-info/SOURCES.txt'
[0.692s] running build
[0.692s] running build_py
[0.693s] copying demo_python_node/learn_thread.py -> /home/cat/WorkSpace/Code/ROS2/chapt2/chapt2_ws/build/demo_python_node/build/lib/demo_python_node
[0.693s] running install
[0.693s] running install_lib
[0.694s] copying /home/cat/WorkSpace/Code/ROS2/chapt2/chapt2_ws/build/demo_python_node/build/lib/demo_python_node/learn_thread.py -> /home/cat/WorkSpace/Code/ROS2/chapt2/chapt2_ws/install/demo_python_node/lib/python3.10/site-packages/demo_python_node
[0.695s] byte-compiling /home/cat/WorkSpace/Code/ROS2/chapt2/chapt2_ws/install/demo_python_node/lib/python3.10/site-packages/demo_python_node/learn_thread.py to learn_thread.cpython-310.pyc
[0.695s] running install_data
[0.695s] running install_egg_info
[0.697s] removing '/home/cat/WorkSpace/Code/ROS2/chapt2/chapt2_ws/install/demo_python_node/lib/python3.10/site-packages/demo_python_node-0.0.0-py3.10.egg-info' (and everything under it)
[0.697s] Copying ../../build/demo_python_node/demo_python_node.egg-info to /home/cat/WorkSpace/Code/ROS2/chapt2/chapt2_ws/install/demo_python_node/lib/python3.10/site-packages/demo_python_node-0.0.0-py3.10.egg-info
[0.698s] running install_scripts
[0.718s] Installing learn_thread script to /home/cat/WorkSpace/Code/ROS2/chapt2/chapt2_ws/install/demo_python_node/lib/demo_python_node
[0.718s] Installing person_node script to /home/cat/WorkSpace/Code/ROS2/chapt2/chapt2_ws/install/demo_python_node/lib/demo_python_node
[0.719s] Installing python_node script to /home/cat/WorkSpace/Code/ROS2/chapt2/chapt2_ws/install/demo_python_node/lib/demo_python_node
[0.719s] Installing writer_node script to /home/cat/WorkSpace/Code/ROS2/chapt2/chapt2_ws/install/demo_python_node/lib/demo_python_node
[0.720s] writing list of installed files to '/home/cat/WorkSpace/Code/ROS2/chapt2/chapt2_ws/build/demo_python_node/install.log'
[0.755s] Invoked command in '/home/cat/WorkSpace/Code/ROS2/chapt2/chapt2_ws/src/demo_python_node' returned '0': PYTHONPATH=/home/cat/WorkSpace/Code/ROS2/chapt2/chapt2_ws/build/demo_python_node/prefix_override:/usr/lib/python3/dist-packages/colcon_core/task/python/colcon_distutils_commands:/home/cat/WorkSpace/Code/ROS2/chapt2/chapt2_ws/install/demo_python_node/lib/python3.10/site-packages:${PYTHONPATH} /usr/bin/python3 -W ignore:setup.py install is deprecated setup.py egg_info --egg-base ../../build/demo_python_node build --build-base /home/cat/WorkSpace/Code/ROS2/chapt2/chapt2_ws/build/demo_python_node/build install --record /home/cat/WorkSpace/Code/ROS2/chapt2/chapt2_ws/build/demo_python_node/install.log --single-version-externally-managed install_data
