[0.030s] Invoking command in '/home/cat/WorkSpace/Code/ROS2/chapt2/chapt2_ws/build/demo_cpp_pkg': CMAKE_PREFIX_PATH=${CMAKE_PREFIX_PATH}:/home/cat/WorkSpace/Code/ROS2/chapt2/chapt2_ws/install/demo_python_node:/opt/ros/humble /usr/bin/cmake --build /home/cat/WorkSpace/Code/ROS2/chapt2/chapt2_ws/build/demo_cpp_pkg -- -j16 -l16
[0.161s] -- Found ament_cmake: 1.3.10 (/opt/ros/humble/share/ament_cmake/cmake)
[0.348s] -- Found rclcpp: 16.0.10 (/opt/ros/humble/share/rclcpp/cmake)
[0.408s] -- Found rosidl_generator_c: 3.1.5 (/opt/ros/humble/share/rosidl_generator_c/cmake)
[0.414s] -- Found rosidl_adapter: 3.1.5 (/opt/ros/humble/share/rosidl_adapter/cmake)
[0.428s] -- Found rosidl_generator_cpp: 3.1.5 (/opt/ros/humble/share/rosidl_generator_cpp/cmake)
[0.447s] -- Using all available rosidl_typesupport_c: rosidl_typesupport_fastrtps_c;rosidl_typesupport_introspection_c
[0.470s] -- Using all available rosidl_typesupport_cpp: rosidl_typesupport_fastrtps_cpp;rosidl_typesupport_introspection_cpp
[0.533s] -- Found rmw_implementation_cmake: 6.1.2 (/opt/ros/humble/share/rmw_implementation_cmake/cmake)
[0.539s] -- Found rmw_fastrtps_cpp: 6.2.7 (/opt/ros/humble/share/rmw_fastrtps_cpp/cmake)
[0.671s] -- Using RMW implementation 'rmw_fastrtps_cpp' as default
[0.756s] -- Found ament_lint_auto: 0.12.11 (/opt/ros/humble/share/ament_lint_auto/cmake)
[0.847s] -- Added test 'cppcheck' to perform static code analysis on C / C++ code
[0.847s] -- Configured cppcheck include dirs: 
[0.847s] -- Configured cppcheck exclude dirs and/or files: 
[0.851s] -- Added test 'lint_cmake' to check CMake code style
[0.859s] -- Added test 'uncrustify' to check C / C++ code style
[0.859s] -- Configured uncrustify additional arguments: 
[0.860s] -- Added test 'xmllint' to check XML markup files
[0.863s] -- Configuring done
[0.883s] -- Generating done
[0.885s] -- Build files have been written to: /home/cat/WorkSpace/Code/ROS2/chapt2/chapt2_ws/build/demo_cpp_pkg
[0.916s] [35m[1mConsolidate compiler generated dependencies of target cpp_node[0m
[0.928s] [ 25%] [32mBuilding CXX object CMakeFiles/person_node.dir/src/person_node.cpp.o[0m
[0.941s] [ 50%] [32mBuilding CXX object CMakeFiles/cpp_node.dir/src/cpp_node.cpp.o[0m
[4.190s] [ 75%] [32m[1mLinking CXX executable cpp_node[0m
[4.215s] [100%] [32m[1mLinking CXX executable person_node[0m
[4.404s] [100%] Built target cpp_node
[4.410s] [100%] Built target person_node
[4.425s] Invoked command in '/home/cat/WorkSpace/Code/ROS2/chapt2/chapt2_ws/build/demo_cpp_pkg' returned '0': CMAKE_PREFIX_PATH=${CMAKE_PREFIX_PATH}:/home/cat/WorkSpace/Code/ROS2/chapt2/chapt2_ws/install/demo_python_node:/opt/ros/humble /usr/bin/cmake --build /home/cat/WorkSpace/Code/ROS2/chapt2/chapt2_ws/build/demo_cpp_pkg -- -j16 -l16
[4.483s] Invoking command in '/home/cat/WorkSpace/Code/ROS2/chapt2/chapt2_ws/build/demo_cpp_pkg': CMAKE_PREFIX_PATH=${CMAKE_PREFIX_PATH}:/home/cat/WorkSpace/Code/ROS2/chapt2/chapt2_ws/install/demo_python_node:/opt/ros/humble /usr/bin/cmake --install /home/cat/WorkSpace/Code/ROS2/chapt2/chapt2_ws/build/demo_cpp_pkg
[4.492s] -- Install configuration: ""
[4.493s] -- Installing: /home/cat/WorkSpace/Code/ROS2/chapt2/chapt2_ws/install/demo_cpp_pkg/lib/demo_cpp_pkg/cpp_node
[4.494s] -- Set runtime path of "/home/cat/WorkSpace/Code/ROS2/chapt2/chapt2_ws/install/demo_cpp_pkg/lib/demo_cpp_pkg/cpp_node" to ""
[4.494s] -- Installing: /home/cat/WorkSpace/Code/ROS2/chapt2/chapt2_ws/install/demo_cpp_pkg/lib/demo_cpp_pkg/person_node
[4.495s] -- Set runtime path of "/home/cat/WorkSpace/Code/ROS2/chapt2/chapt2_ws/install/demo_cpp_pkg/lib/demo_cpp_pkg/person_node" to ""
[4.496s] -- Up-to-date: /home/cat/WorkSpace/Code/ROS2/chapt2/chapt2_ws/install/demo_cpp_pkg/share/ament_index/resource_index/package_run_dependencies/demo_cpp_pkg
[4.496s] -- Installing: /home/cat/WorkSpace/Code/ROS2/chapt2/chapt2_ws/install/demo_cpp_pkg/share/ament_index/resource_index/parent_prefix_path/demo_cpp_pkg
[4.498s] -- Up-to-date: /home/cat/WorkSpace/Code/ROS2/chapt2/chapt2_ws/install/demo_cpp_pkg/share/demo_cpp_pkg/environment/ament_prefix_path.sh
[4.498s] -- Installing: /home/cat/WorkSpace/Code/ROS2/chapt2/chapt2_ws/install/demo_cpp_pkg/share/demo_cpp_pkg/environment/ament_prefix_path.dsv
[4.498s] -- Up-to-date: /home/cat/WorkSpace/Code/ROS2/chapt2/chapt2_ws/install/demo_cpp_pkg/share/demo_cpp_pkg/environment/path.sh
[4.498s] -- Installing: /home/cat/WorkSpace/Code/ROS2/chapt2/chapt2_ws/install/demo_cpp_pkg/share/demo_cpp_pkg/environment/path.dsv
[4.499s] -- Up-to-date: /home/cat/WorkSpace/Code/ROS2/chapt2/chapt2_ws/install/demo_cpp_pkg/share/demo_cpp_pkg/local_setup.bash
[4.499s] -- Up-to-date: /home/cat/WorkSpace/Code/ROS2/chapt2/chapt2_ws/install/demo_cpp_pkg/share/demo_cpp_pkg/local_setup.sh
[4.499s] -- Up-to-date: /home/cat/WorkSpace/Code/ROS2/chapt2/chapt2_ws/install/demo_cpp_pkg/share/demo_cpp_pkg/local_setup.zsh
[4.499s] -- Installing: /home/cat/WorkSpace/Code/ROS2/chapt2/chapt2_ws/install/demo_cpp_pkg/share/demo_cpp_pkg/local_setup.dsv
[4.500s] -- Installing: /home/cat/WorkSpace/Code/ROS2/chapt2/chapt2_ws/install/demo_cpp_pkg/share/demo_cpp_pkg/package.dsv
[4.500s] -- Up-to-date: /home/cat/WorkSpace/Code/ROS2/chapt2/chapt2_ws/install/demo_cpp_pkg/share/ament_index/resource_index/packages/demo_cpp_pkg
[4.500s] -- Up-to-date: /home/cat/WorkSpace/Code/ROS2/chapt2/chapt2_ws/install/demo_cpp_pkg/share/demo_cpp_pkg/cmake/demo_cpp_pkgConfig.cmake
[4.500s] -- Up-to-date: /home/cat/WorkSpace/Code/ROS2/chapt2/chapt2_ws/install/demo_cpp_pkg/share/demo_cpp_pkg/cmake/demo_cpp_pkgConfig-version.cmake
[4.501s] -- Up-to-date: /home/cat/WorkSpace/Code/ROS2/chapt2/chapt2_ws/install/demo_cpp_pkg/share/demo_cpp_pkg/package.xml
[4.504s] Invoked command in '/home/cat/WorkSpace/Code/ROS2/chapt2/chapt2_ws/build/demo_cpp_pkg' returned '0': CMAKE_PREFIX_PATH=${CMAKE_PREFIX_PATH}:/home/cat/WorkSpace/Code/ROS2/chapt2/chapt2_ws/install/demo_python_node:/opt/ros/humble /usr/bin/cmake --install /home/cat/WorkSpace/Code/ROS2/chapt2/chapt2_ws/build/demo_cpp_pkg
