[0.018s] Invoking command in '/home/cat/WorkSpace/Learning/ROS2/Code/chapt3/topic_practice_ws/build/status_display': CMAKE_PREFIX_PATH=/home/cat/WorkSpace/Learning/ROS2/Code/chapt3/topic_practice_ws/install/status_interfaces:/home/cat/WorkSpace/Learning/ROS2/Code/chapt3/topic_practice_ws/install/status_display:/home/cat/WorkSpace/Learning/ROS2/Code/chapt3/topic_practice_ws/install/status_publisher:/opt/ros/humble /usr/bin/cmake --build /home/cat/WorkSpace/Learning/ROS2/Code/chapt3/topic_practice_ws/build/status_display -- -j16 -l16
[0.068s] -- Found ament_cmake: 1.3.10 (/opt/ros/humble/share/ament_cmake/cmake)
[0.242s] -- Found rclcpp: 16.0.10 (/opt/ros/humble/share/rclcpp/cmake)
[0.308s] -- Found rosidl_generator_c: 3.1.5 (/opt/ros/humble/share/rosidl_generator_c/cmake)
[0.314s] -- Found rosidl_adapter: 3.1.5 (/opt/ros/humble/share/rosidl_adapter/cmake)
[0.329s] -- Found rosidl_generator_cpp: 3.1.5 (/opt/ros/humble/share/rosidl_generator_cpp/cmake)
[0.348s] -- Using all available rosidl_typesupport_c: rosidl_typesupport_fastrtps_c;rosidl_typesupport_introspection_c
[0.371s] -- Using all available rosidl_typesupport_cpp: rosidl_typesupport_fastrtps_cpp;rosidl_typesupport_introspection_cpp
[0.435s] -- Found rmw_implementation_cmake: 6.1.2 (/opt/ros/humble/share/rmw_implementation_cmake/cmake)
[0.439s] -- Found rmw_fastrtps_cpp: 6.2.7 (/opt/ros/humble/share/rmw_fastrtps_cpp/cmake)
[0.573s] -- Using RMW implementation 'rmw_fastrtps_cpp' as default
[0.661s] -- Found status_interfaces: 0.0.0 (/home/cat/WorkSpace/Learning/ROS2/Code/chapt3/topic_practice_ws/install/status_interfaces/share/status_interfaces/cmake)
[0.704s] -- Found ament_lint_auto: 0.12.11 (/opt/ros/humble/share/ament_lint_auto/cmake)
[0.793s] -- Added test 'cppcheck' to perform static code analysis on C / C++ code
[0.793s] -- Configured cppcheck include dirs: 
[0.793s] -- Configured cppcheck exclude dirs and/or files: 
[0.795s] -- Added test 'lint_cmake' to check CMake code style
[0.796s] -- Added test 'uncrustify' to check C / C++ code style
[0.796s] -- Configured uncrustify additional arguments: 
[0.797s] -- Added test 'xmllint' to check XML markup files
[0.800s] -- Configuring done
[0.820s] -- Generating done
[0.823s] -- Build files have been written to: /home/cat/WorkSpace/Learning/ROS2/Code/chapt3/topic_practice_ws/build/status_display
[0.857s] [35m[1mConsolidate compiler generated dependencies of target hello_qt[0m
[0.869s] [ 25%] [32mBuilding CXX object CMakeFiles/sys_status_display.dir/src/sys_status_display.cpp.o[0m
[0.875s] [ 75%] Built target hello_qt
[9.628s] [100%] [32m[1mLinking CXX executable sys_status_display[0m
[10.713s] [100%] Built target sys_status_display
[10.727s] Invoked command in '/home/cat/WorkSpace/Learning/ROS2/Code/chapt3/topic_practice_ws/build/status_display' returned '0': CMAKE_PREFIX_PATH=/home/cat/WorkSpace/Learning/ROS2/Code/chapt3/topic_practice_ws/install/status_interfaces:/home/cat/WorkSpace/Learning/ROS2/Code/chapt3/topic_practice_ws/install/status_display:/home/cat/WorkSpace/Learning/ROS2/Code/chapt3/topic_practice_ws/install/status_publisher:/opt/ros/humble /usr/bin/cmake --build /home/cat/WorkSpace/Learning/ROS2/Code/chapt3/topic_practice_ws/build/status_display -- -j16 -l16
[10.769s] Invoking command in '/home/cat/WorkSpace/Learning/ROS2/Code/chapt3/topic_practice_ws/build/status_display': CMAKE_PREFIX_PATH=/home/cat/WorkSpace/Learning/ROS2/Code/chapt3/topic_practice_ws/install/status_interfaces:/home/cat/WorkSpace/Learning/ROS2/Code/chapt3/topic_practice_ws/install/status_display:/home/cat/WorkSpace/Learning/ROS2/Code/chapt3/topic_practice_ws/install/status_publisher:/opt/ros/humble /usr/bin/cmake --install /home/cat/WorkSpace/Learning/ROS2/Code/chapt3/topic_practice_ws/build/status_display
[10.778s] -- Install configuration: ""
[10.780s] -- Up-to-date: /home/cat/WorkSpace/Learning/ROS2/Code/chapt3/topic_practice_ws/install/status_display/lib/status_display/hello_qt
[10.780s] -- Installing: /home/cat/WorkSpace/Learning/ROS2/Code/chapt3/topic_practice_ws/install/status_display/lib/status_display/sys_status_display
[10.785s] -- Set runtime path of "/home/cat/WorkSpace/Learning/ROS2/Code/chapt3/topic_practice_ws/install/status_display/lib/status_display/sys_status_display" to ""
[10.786s] -- Up-to-date: /home/cat/WorkSpace/Learning/ROS2/Code/chapt3/topic_practice_ws/install/status_display/share/ament_index/resource_index/package_run_dependencies/status_display
[10.787s] -- Installing: /home/cat/WorkSpace/Learning/ROS2/Code/chapt3/topic_practice_ws/install/status_display/share/ament_index/resource_index/parent_prefix_path/status_display
[10.789s] -- Up-to-date: /home/cat/WorkSpace/Learning/ROS2/Code/chapt3/topic_practice_ws/install/status_display/share/status_display/environment/ament_prefix_path.sh
[10.789s] -- Installing: /home/cat/WorkSpace/Learning/ROS2/Code/chapt3/topic_practice_ws/install/status_display/share/status_display/environment/ament_prefix_path.dsv
[10.789s] -- Up-to-date: /home/cat/WorkSpace/Learning/ROS2/Code/chapt3/topic_practice_ws/install/status_display/share/status_display/environment/path.sh
[10.789s] -- Installing: /home/cat/WorkSpace/Learning/ROS2/Code/chapt3/topic_practice_ws/install/status_display/share/status_display/environment/path.dsv
[10.789s] -- Up-to-date: /home/cat/WorkSpace/Learning/ROS2/Code/chapt3/topic_practice_ws/install/status_display/share/status_display/local_setup.bash
[10.789s] -- Up-to-date: /home/cat/WorkSpace/Learning/ROS2/Code/chapt3/topic_practice_ws/install/status_display/share/status_display/local_setup.sh
[10.790s] -- Up-to-date: /home/cat/WorkSpace/Learning/ROS2/Code/chapt3/topic_practice_ws/install/status_display/share/status_display/local_setup.zsh
[10.790s] -- Installing: /home/cat/WorkSpace/Learning/ROS2/Code/chapt3/topic_practice_ws/install/status_display/share/status_display/local_setup.dsv
[10.790s] -- Installing: /home/cat/WorkSpace/Learning/ROS2/Code/chapt3/topic_practice_ws/install/status_display/share/status_display/package.dsv
[10.790s] -- Up-to-date: /home/cat/WorkSpace/Learning/ROS2/Code/chapt3/topic_practice_ws/install/status_display/share/ament_index/resource_index/packages/status_display
[10.791s] -- Up-to-date: /home/cat/WorkSpace/Learning/ROS2/Code/chapt3/topic_practice_ws/install/status_display/share/status_display/cmake/status_displayConfig.cmake
[10.791s] -- Up-to-date: /home/cat/WorkSpace/Learning/ROS2/Code/chapt3/topic_practice_ws/install/status_display/share/status_display/cmake/status_displayConfig-version.cmake
[10.791s] -- Up-to-date: /home/cat/WorkSpace/Learning/ROS2/Code/chapt3/topic_practice_ws/install/status_display/share/status_display/package.xml
[10.794s] Invoked command in '/home/cat/WorkSpace/Learning/ROS2/Code/chapt3/topic_practice_ws/build/status_display' returned '0': CMAKE_PREFIX_PATH=/home/cat/WorkSpace/Learning/ROS2/Code/chapt3/topic_practice_ws/install/status_interfaces:/home/cat/WorkSpace/Learning/ROS2/Code/chapt3/topic_practice_ws/install/status_display:/home/cat/WorkSpace/Learning/ROS2/Code/chapt3/topic_practice_ws/install/status_publisher:/opt/ros/humble /usr/bin/cmake --install /home/cat/WorkSpace/Learning/ROS2/Code/chapt3/topic_practice_ws/build/status_display
