[0.017s] Invoking command in '/home/cat/WorkSpace/Learning/ROS2/Code/chapt3/topic_practice_ws/build/status_interfaces': CMAKE_PREFIX_PATH=${CMAKE_PREFIX_PATH}:/home/cat/WorkSpace/Learning/ROS2/Code/chapt3/topic_practice_ws/install/status_publisher:/opt/ros/humble /usr/bin/cmake --build /home/cat/WorkSpace/Learning/ROS2/Code/chapt3/topic_practice_ws/build/status_interfaces -- -j8 -l8
[0.080s] [  9%] Built target status_interfaces__rosidl_generator_c
[0.081s] [ 12%] Built target status_interfaces__cpp
[0.096s] [ 12%] Built target ament_cmake_python_copy_status_interfaces
[0.110s] [ 32%] Built target status_interfaces__rosidl_typesupport_cpp
[0.111s] [ 41%] Built target status_interfaces__rosidl_typesupport_introspection_c
[0.112s] [ 41%] Built target status_interfaces__rosidl_typesupport_c
[0.112s] [ 51%] Built target status_interfaces__rosidl_typesupport_fastrtps_c
[0.114s] [ 61%] Built target status_interfaces__rosidl_typesupport_fastrtps_cpp
[0.115s] [ 70%] Built target status_interfaces__rosidl_typesupport_introspection_cpp
[0.146s] [ 70%] Built target status_interfaces
[0.173s] [ 74%] Built target status_interfaces__py
[0.198s] [ 80%] Built target status_interfaces__rosidl_generator_py
[0.231s] [ 87%] Built target status_interfaces__rosidl_typesupport_c__pyext
[0.232s] [100%] Built target status_interfaces__rosidl_typesupport_fastrtps_c__pyext
[0.232s] [100%] Built target status_interfaces__rosidl_typesupport_introspection_c__pyext
[0.409s] running egg_info
[0.410s] writing status_interfaces.egg-info/PKG-INFO
[0.410s] writing dependency_links to status_interfaces.egg-info/dependency_links.txt
[0.411s] writing top-level names to status_interfaces.egg-info/top_level.txt
[0.414s] reading manifest file 'status_interfaces.egg-info/SOURCES.txt'
[0.415s] writing manifest file 'status_interfaces.egg-info/SOURCES.txt'
[0.475s] [100%] Built target ament_cmake_python_build_status_interfaces_egg
[0.497s] Invoked command in '/home/cat/WorkSpace/Learning/ROS2/Code/chapt3/topic_practice_ws/build/status_interfaces' returned '0': CMAKE_PREFIX_PATH=${CMAKE_PREFIX_PATH}:/home/cat/WorkSpace/Learning/ROS2/Code/chapt3/topic_practice_ws/install/status_publisher:/opt/ros/humble /usr/bin/cmake --build /home/cat/WorkSpace/Learning/ROS2/Code/chapt3/topic_practice_ws/build/status_interfaces -- -j8 -l8
[0.593s] Invoking command in '/home/cat/WorkSpace/Learning/ROS2/Code/chapt3/topic_practice_ws/build/status_interfaces': CMAKE_PREFIX_PATH=${CMAKE_PREFIX_PATH}:/home/cat/WorkSpace/Learning/ROS2/Code/chapt3/topic_practice_ws/install/status_publisher:/opt/ros/humble /usr/bin/cmake --install /home/cat/WorkSpace/Learning/ROS2/Code/chapt3/topic_practice_ws/build/status_interfaces
[0.602s] -- Install configuration: ""
[0.602s] -- Up-to-date: /home/cat/WorkSpace/Learning/ROS2/Code/chapt3/topic_practice_ws/install/status_interfaces/share/ament_index/resource_index/rosidl_interfaces/status_interfaces
[0.603s] -- Up-to-date: /home/cat/WorkSpace/Learning/ROS2/Code/chapt3/topic_practice_ws/install/status_interfaces/include/status_interfaces/status_interfaces
[0.603s] -- Up-to-date: /home/cat/WorkSpace/Learning/ROS2/Code/chapt3/topic_practice_ws/install/status_interfaces/include/status_interfaces/status_interfaces/msg
[0.603s] -- Up-to-date: /home/cat/WorkSpace/Learning/ROS2/Code/chapt3/topic_practice_ws/install/status_interfaces/include/status_interfaces/status_interfaces/msg/detail
[0.603s] -- Up-to-date: /home/cat/WorkSpace/Learning/ROS2/Code/chapt3/topic_practice_ws/install/status_interfaces/include/status_interfaces/status_interfaces/msg/detail/system_status__functions.h
[0.603s] -- Up-to-date: /home/cat/WorkSpace/Learning/ROS2/Code/chapt3/topic_practice_ws/install/status_interfaces/include/status_interfaces/status_interfaces/msg/detail/system_status__type_support.h
[0.603s] -- Up-to-date: /home/cat/WorkSpace/Learning/ROS2/Code/chapt3/topic_practice_ws/install/status_interfaces/include/status_interfaces/status_interfaces/msg/detail/system_status__functions.c
[0.604s] -- Up-to-date: /home/cat/WorkSpace/Learning/ROS2/Code/chapt3/topic_practice_ws/install/status_interfaces/include/status_interfaces/status_interfaces/msg/detail/system_status__struct.h
[0.604s] -- Up-to-date: /home/cat/WorkSpace/Learning/ROS2/Code/chapt3/topic_practice_ws/install/status_interfaces/include/status_interfaces/status_interfaces/msg/rosidl_generator_c__visibility_control.h
[0.604s] -- Up-to-date: /home/cat/WorkSpace/Learning/ROS2/Code/chapt3/topic_practice_ws/install/status_interfaces/include/status_interfaces/status_interfaces/msg/system_status.h
[0.604s] -- Up-to-date: /home/cat/WorkSpace/Learning/ROS2/Code/chapt3/topic_practice_ws/install/status_interfaces/share/status_interfaces/environment/library_path.sh
[0.604s] -- Up-to-date: /home/cat/WorkSpace/Learning/ROS2/Code/chapt3/topic_practice_ws/install/status_interfaces/share/status_interfaces/environment/library_path.dsv
[0.605s] -- Up-to-date: /home/cat/WorkSpace/Learning/ROS2/Code/chapt3/topic_practice_ws/install/status_interfaces/lib/libstatus_interfaces__rosidl_generator_c.so
[0.605s] -- Up-to-date: /home/cat/WorkSpace/Learning/ROS2/Code/chapt3/topic_practice_ws/install/status_interfaces/include/status_interfaces/status_interfaces
[0.605s] -- Up-to-date: /home/cat/WorkSpace/Learning/ROS2/Code/chapt3/topic_practice_ws/install/status_interfaces/include/status_interfaces/status_interfaces/msg
[0.605s] -- Up-to-date: /home/cat/WorkSpace/Learning/ROS2/Code/chapt3/topic_practice_ws/install/status_interfaces/include/status_interfaces/status_interfaces/msg/rosidl_typesupport_fastrtps_c__visibility_control.h
[0.605s] -- Up-to-date: /home/cat/WorkSpace/Learning/ROS2/Code/chapt3/topic_practice_ws/install/status_interfaces/include/status_interfaces/status_interfaces/msg/detail
[0.605s] -- Up-to-date: /home/cat/WorkSpace/Learning/ROS2/Code/chapt3/topic_practice_ws/install/status_interfaces/include/status_interfaces/status_interfaces/msg/detail/system_status__rosidl_typesupport_fastrtps_c.h
[0.605s] -- Up-to-date: /home/cat/WorkSpace/Learning/ROS2/Code/chapt3/topic_practice_ws/install/status_interfaces/lib/libstatus_interfaces__rosidl_typesupport_fastrtps_c.so
[0.606s] -- Up-to-date: /home/cat/WorkSpace/Learning/ROS2/Code/chapt3/topic_practice_ws/install/status_interfaces/include/status_interfaces/status_interfaces
[0.606s] -- Up-to-date: /home/cat/WorkSpace/Learning/ROS2/Code/chapt3/topic_practice_ws/install/status_interfaces/include/status_interfaces/status_interfaces/msg
[0.606s] -- Up-to-date: /home/cat/WorkSpace/Learning/ROS2/Code/chapt3/topic_practice_ws/install/status_interfaces/include/status_interfaces/status_interfaces/msg/detail
[0.606s] -- Up-to-date: /home/cat/WorkSpace/Learning/ROS2/Code/chapt3/topic_practice_ws/install/status_interfaces/include/status_interfaces/status_interfaces/msg/detail/system_status__traits.hpp
[0.606s] -- Up-to-date: /home/cat/WorkSpace/Learning/ROS2/Code/chapt3/topic_practice_ws/install/status_interfaces/include/status_interfaces/status_interfaces/msg/detail/system_status__builder.hpp
[0.606s] -- Up-to-date: /home/cat/WorkSpace/Learning/ROS2/Code/chapt3/topic_practice_ws/install/status_interfaces/include/status_interfaces/status_interfaces/msg/detail/system_status__struct.hpp
[0.607s] -- Up-to-date: /home/cat/WorkSpace/Learning/ROS2/Code/chapt3/topic_practice_ws/install/status_interfaces/include/status_interfaces/status_interfaces/msg/system_status.hpp
[0.607s] -- Up-to-date: /home/cat/WorkSpace/Learning/ROS2/Code/chapt3/topic_practice_ws/install/status_interfaces/include/status_interfaces/status_interfaces
[0.607s] -- Up-to-date: /home/cat/WorkSpace/Learning/ROS2/Code/chapt3/topic_practice_ws/install/status_interfaces/include/status_interfaces/status_interfaces/msg
[0.607s] -- Up-to-date: /home/cat/WorkSpace/Learning/ROS2/Code/chapt3/topic_practice_ws/install/status_interfaces/include/status_interfaces/status_interfaces/msg/rosidl_typesupport_fastrtps_cpp__visibility_control.h
[0.608s] -- Up-to-date: /home/cat/WorkSpace/Learning/ROS2/Code/chapt3/topic_practice_ws/install/status_interfaces/include/status_interfaces/status_interfaces/msg/detail
[0.608s] -- Up-to-date: /home/cat/WorkSpace/Learning/ROS2/Code/chapt3/topic_practice_ws/install/status_interfaces/include/status_interfaces/status_interfaces/msg/detail/system_status__rosidl_typesupport_fastrtps_cpp.hpp
[0.608s] -- Up-to-date: /home/cat/WorkSpace/Learning/ROS2/Code/chapt3/topic_practice_ws/install/status_interfaces/include/status_interfaces/status_interfaces/msg/detail/dds_fastrtps
[0.608s] -- Up-to-date: /home/cat/WorkSpace/Learning/ROS2/Code/chapt3/topic_practice_ws/install/status_interfaces/lib/libstatus_interfaces__rosidl_typesupport_fastrtps_cpp.so
[0.608s] -- Up-to-date: /home/cat/WorkSpace/Learning/ROS2/Code/chapt3/topic_practice_ws/install/status_interfaces/include/status_interfaces/status_interfaces
[0.608s] -- Up-to-date: /home/cat/WorkSpace/Learning/ROS2/Code/chapt3/topic_practice_ws/install/status_interfaces/include/status_interfaces/status_interfaces/msg
[0.608s] -- Up-to-date: /home/cat/WorkSpace/Learning/ROS2/Code/chapt3/topic_practice_ws/install/status_interfaces/include/status_interfaces/status_interfaces/msg/rosidl_typesupport_introspection_c__visibility_control.h
[0.608s] -- Up-to-date: /home/cat/WorkSpace/Learning/ROS2/Code/chapt3/topic_practice_ws/install/status_interfaces/include/status_interfaces/status_interfaces/msg/detail
[0.608s] -- Up-to-date: /home/cat/WorkSpace/Learning/ROS2/Code/chapt3/topic_practice_ws/install/status_interfaces/include/status_interfaces/status_interfaces/msg/detail/system_status__rosidl_typesupport_introspection_c.h
[0.609s] -- Up-to-date: /home/cat/WorkSpace/Learning/ROS2/Code/chapt3/topic_practice_ws/install/status_interfaces/include/status_interfaces/status_interfaces/msg/detail/system_status__type_support.c
[0.609s] -- Up-to-date: /home/cat/WorkSpace/Learning/ROS2/Code/chapt3/topic_practice_ws/install/status_interfaces/lib/libstatus_interfaces__rosidl_typesupport_introspection_c.so
[0.609s] -- Up-to-date: /home/cat/WorkSpace/Learning/ROS2/Code/chapt3/topic_practice_ws/install/status_interfaces/lib/libstatus_interfaces__rosidl_typesupport_c.so
[0.609s] -- Up-to-date: /home/cat/WorkSpace/Learning/ROS2/Code/chapt3/topic_practice_ws/install/status_interfaces/include/status_interfaces/status_interfaces
[0.609s] -- Up-to-date: /home/cat/WorkSpace/Learning/ROS2/Code/chapt3/topic_practice_ws/install/status_interfaces/include/status_interfaces/status_interfaces/msg
[0.609s] -- Up-to-date: /home/cat/WorkSpace/Learning/ROS2/Code/chapt3/topic_practice_ws/install/status_interfaces/include/status_interfaces/status_interfaces/msg/detail
[0.609s] -- Up-to-date: /home/cat/WorkSpace/Learning/ROS2/Code/chapt3/topic_practice_ws/install/status_interfaces/include/status_interfaces/status_interfaces/msg/detail/system_status__type_support.cpp
[0.609s] -- Up-to-date: /home/cat/WorkSpace/Learning/ROS2/Code/chapt3/topic_practice_ws/install/status_interfaces/include/status_interfaces/status_interfaces/msg/detail/system_status__rosidl_typesupport_introspection_cpp.hpp
[0.609s] -- Up-to-date: /home/cat/WorkSpace/Learning/ROS2/Code/chapt3/topic_practice_ws/install/status_interfaces/lib/libstatus_interfaces__rosidl_typesupport_introspection_cpp.so
[0.609s] -- Up-to-date: /home/cat/WorkSpace/Learning/ROS2/Code/chapt3/topic_practice_ws/install/status_interfaces/lib/libstatus_interfaces__rosidl_typesupport_cpp.so
[0.609s] -- Up-to-date: /home/cat/WorkSpace/Learning/ROS2/Code/chapt3/topic_practice_ws/install/status_interfaces/share/status_interfaces/environment/pythonpath.sh
[0.609s] -- Up-to-date: /home/cat/WorkSpace/Learning/ROS2/Code/chapt3/topic_practice_ws/install/status_interfaces/share/status_interfaces/environment/pythonpath.dsv
[0.610s] -- Up-to-date: /home/cat/WorkSpace/Learning/ROS2/Code/chapt3/topic_practice_ws/install/status_interfaces/local/lib/python3.10/dist-packages/status_interfaces-0.0.0-py3.10.egg-info
[0.610s] -- Installing: /home/cat/WorkSpace/Learning/ROS2/Code/chapt3/topic_practice_ws/install/status_interfaces/local/lib/python3.10/dist-packages/status_interfaces-0.0.0-py3.10.egg-info/top_level.txt
[0.610s] -- Installing: /home/cat/WorkSpace/Learning/ROS2/Code/chapt3/topic_practice_ws/install/status_interfaces/local/lib/python3.10/dist-packages/status_interfaces-0.0.0-py3.10.egg-info/dependency_links.txt
[0.610s] -- Installing: /home/cat/WorkSpace/Learning/ROS2/Code/chapt3/topic_practice_ws/install/status_interfaces/local/lib/python3.10/dist-packages/status_interfaces-0.0.0-py3.10.egg-info/SOURCES.txt
[0.610s] -- Installing: /home/cat/WorkSpace/Learning/ROS2/Code/chapt3/topic_practice_ws/install/status_interfaces/local/lib/python3.10/dist-packages/status_interfaces-0.0.0-py3.10.egg-info/PKG-INFO
[0.610s] -- Up-to-date: /home/cat/WorkSpace/Learning/ROS2/Code/chapt3/topic_practice_ws/install/status_interfaces/local/lib/python3.10/dist-packages/status_interfaces
[0.610s] -- Up-to-date: /home/cat/WorkSpace/Learning/ROS2/Code/chapt3/topic_practice_ws/install/status_interfaces/local/lib/python3.10/dist-packages/status_interfaces/libstatus_interfaces__rosidl_generator_py.so
[0.610s] -- Up-to-date: /home/cat/WorkSpace/Learning/ROS2/Code/chapt3/topic_practice_ws/install/status_interfaces/local/lib/python3.10/dist-packages/status_interfaces/_status_interfaces_s.ep.rosidl_typesupport_fastrtps_c.c
[0.610s] -- Up-to-date: /home/cat/WorkSpace/Learning/ROS2/Code/chapt3/topic_practice_ws/install/status_interfaces/local/lib/python3.10/dist-packages/status_interfaces/status_interfaces_s__rosidl_typesupport_fastrtps_c.cpython-310-x86_64-linux-gnu.so
[0.610s] -- Up-to-date: /home/cat/WorkSpace/Learning/ROS2/Code/chapt3/topic_practice_ws/install/status_interfaces/local/lib/python3.10/dist-packages/status_interfaces/_status_interfaces_s.ep.rosidl_typesupport_c.c
[0.610s] -- Up-to-date: /home/cat/WorkSpace/Learning/ROS2/Code/chapt3/topic_practice_ws/install/status_interfaces/local/lib/python3.10/dist-packages/status_interfaces/__init__.py
[0.610s] -- Up-to-date: /home/cat/WorkSpace/Learning/ROS2/Code/chapt3/topic_practice_ws/install/status_interfaces/local/lib/python3.10/dist-packages/status_interfaces/msg
[0.610s] -- Up-to-date: /home/cat/WorkSpace/Learning/ROS2/Code/chapt3/topic_practice_ws/install/status_interfaces/local/lib/python3.10/dist-packages/status_interfaces/msg/__init__.py
[0.610s] -- Up-to-date: /home/cat/WorkSpace/Learning/ROS2/Code/chapt3/topic_practice_ws/install/status_interfaces/local/lib/python3.10/dist-packages/status_interfaces/msg/_system_status.py
[0.610s] -- Up-to-date: /home/cat/WorkSpace/Learning/ROS2/Code/chapt3/topic_practice_ws/install/status_interfaces/local/lib/python3.10/dist-packages/status_interfaces/msg/_system_status_s.c
[0.611s] -- Up-to-date: /home/cat/WorkSpace/Learning/ROS2/Code/chapt3/topic_practice_ws/install/status_interfaces/local/lib/python3.10/dist-packages/status_interfaces/status_interfaces_s__rosidl_typesupport_introspection_c.cpython-310-x86_64-linux-gnu.so
[0.611s] -- Up-to-date: /home/cat/WorkSpace/Learning/ROS2/Code/chapt3/topic_practice_ws/install/status_interfaces/local/lib/python3.10/dist-packages/status_interfaces/_status_interfaces_s.ep.rosidl_typesupport_introspection_c.c
[0.611s] -- Up-to-date: /home/cat/WorkSpace/Learning/ROS2/Code/chapt3/topic_practice_ws/install/status_interfaces/local/lib/python3.10/dist-packages/status_interfaces/status_interfaces_s__rosidl_typesupport_c.cpython-310-x86_64-linux-gnu.so
[0.654s] Listing '/home/cat/WorkSpace/Learning/ROS2/Code/chapt3/topic_practice_ws/install/status_interfaces/local/lib/python3.10/dist-packages/status_interfaces'...
[0.654s] Listing '/home/cat/WorkSpace/Learning/ROS2/Code/chapt3/topic_practice_ws/install/status_interfaces/local/lib/python3.10/dist-packages/status_interfaces/msg'...
[0.660s] -- Up-to-date: /home/cat/WorkSpace/Learning/ROS2/Code/chapt3/topic_practice_ws/install/status_interfaces/local/lib/python3.10/dist-packages/status_interfaces/status_interfaces_s__rosidl_typesupport_fastrtps_c.cpython-310-x86_64-linux-gnu.so
[0.660s] -- Up-to-date: /home/cat/WorkSpace/Learning/ROS2/Code/chapt3/topic_practice_ws/install/status_interfaces/local/lib/python3.10/dist-packages/status_interfaces/status_interfaces_s__rosidl_typesupport_introspection_c.cpython-310-x86_64-linux-gnu.so
[0.660s] -- Up-to-date: /home/cat/WorkSpace/Learning/ROS2/Code/chapt3/topic_practice_ws/install/status_interfaces/local/lib/python3.10/dist-packages/status_interfaces/status_interfaces_s__rosidl_typesupport_c.cpython-310-x86_64-linux-gnu.so
[0.661s] -- Up-to-date: /home/cat/WorkSpace/Learning/ROS2/Code/chapt3/topic_practice_ws/install/status_interfaces/lib/libstatus_interfaces__rosidl_generator_py.so
[0.661s] -- Up-to-date: /home/cat/WorkSpace/Learning/ROS2/Code/chapt3/topic_practice_ws/install/status_interfaces/share/status_interfaces/msg/SystemStatus.idl
[0.661s] -- Up-to-date: /home/cat/WorkSpace/Learning/ROS2/Code/chapt3/topic_practice_ws/install/status_interfaces/share/status_interfaces/msg/SystemStatus.msg
[0.662s] -- Up-to-date: /home/cat/WorkSpace/Learning/ROS2/Code/chapt3/topic_practice_ws/install/status_interfaces/share/ament_index/resource_index/package_run_dependencies/status_interfaces
[0.662s] -- Up-to-date: /home/cat/WorkSpace/Learning/ROS2/Code/chapt3/topic_practice_ws/install/status_interfaces/share/ament_index/resource_index/parent_prefix_path/status_interfaces
[0.662s] -- Up-to-date: /home/cat/WorkSpace/Learning/ROS2/Code/chapt3/topic_practice_ws/install/status_interfaces/share/status_interfaces/environment/ament_prefix_path.sh
[0.662s] -- Up-to-date: /home/cat/WorkSpace/Learning/ROS2/Code/chapt3/topic_practice_ws/install/status_interfaces/share/status_interfaces/environment/ament_prefix_path.dsv
[0.663s] -- Up-to-date: /home/cat/WorkSpace/Learning/ROS2/Code/chapt3/topic_practice_ws/install/status_interfaces/share/status_interfaces/environment/path.sh
[0.663s] -- Up-to-date: /home/cat/WorkSpace/Learning/ROS2/Code/chapt3/topic_practice_ws/install/status_interfaces/share/status_interfaces/environment/path.dsv
[0.663s] -- Up-to-date: /home/cat/WorkSpace/Learning/ROS2/Code/chapt3/topic_practice_ws/install/status_interfaces/share/status_interfaces/local_setup.bash
[0.663s] -- Up-to-date: /home/cat/WorkSpace/Learning/ROS2/Code/chapt3/topic_practice_ws/install/status_interfaces/share/status_interfaces/local_setup.sh
[0.664s] -- Up-to-date: /home/cat/WorkSpace/Learning/ROS2/Code/chapt3/topic_practice_ws/install/status_interfaces/share/status_interfaces/local_setup.zsh
[0.664s] -- Up-to-date: /home/cat/WorkSpace/Learning/ROS2/Code/chapt3/topic_practice_ws/install/status_interfaces/share/status_interfaces/local_setup.dsv
[0.664s] -- Installing: /home/cat/WorkSpace/Learning/ROS2/Code/chapt3/topic_practice_ws/install/status_interfaces/share/status_interfaces/package.dsv
[0.664s] -- Up-to-date: /home/cat/WorkSpace/Learning/ROS2/Code/chapt3/topic_practice_ws/install/status_interfaces/share/ament_index/resource_index/packages/status_interfaces
[0.664s] -- Up-to-date: /home/cat/WorkSpace/Learning/ROS2/Code/chapt3/topic_practice_ws/install/status_interfaces/share/status_interfaces/cmake/export_status_interfaces__rosidl_generator_cExport.cmake
[0.664s] -- Up-to-date: /home/cat/WorkSpace/Learning/ROS2/Code/chapt3/topic_practice_ws/install/status_interfaces/share/status_interfaces/cmake/export_status_interfaces__rosidl_generator_cExport-noconfig.cmake
[0.664s] -- Up-to-date: /home/cat/WorkSpace/Learning/ROS2/Code/chapt3/topic_practice_ws/install/status_interfaces/share/status_interfaces/cmake/export_status_interfaces__rosidl_typesupport_fastrtps_cExport.cmake
[0.664s] -- Up-to-date: /home/cat/WorkSpace/Learning/ROS2/Code/chapt3/topic_practice_ws/install/status_interfaces/share/status_interfaces/cmake/export_status_interfaces__rosidl_typesupport_fastrtps_cExport-noconfig.cmake
[0.664s] -- Up-to-date: /home/cat/WorkSpace/Learning/ROS2/Code/chapt3/topic_practice_ws/install/status_interfaces/share/status_interfaces/cmake/export_status_interfaces__rosidl_generator_cppExport.cmake
[0.664s] -- Up-to-date: /home/cat/WorkSpace/Learning/ROS2/Code/chapt3/topic_practice_ws/install/status_interfaces/share/status_interfaces/cmake/export_status_interfaces__rosidl_typesupport_fastrtps_cppExport.cmake
[0.664s] -- Up-to-date: /home/cat/WorkSpace/Learning/ROS2/Code/chapt3/topic_practice_ws/install/status_interfaces/share/status_interfaces/cmake/export_status_interfaces__rosidl_typesupport_fastrtps_cppExport-noconfig.cmake
[0.664s] -- Up-to-date: /home/cat/WorkSpace/Learning/ROS2/Code/chapt3/topic_practice_ws/install/status_interfaces/share/status_interfaces/cmake/status_interfaces__rosidl_typesupport_introspection_cExport.cmake
[0.665s] -- Up-to-date: /home/cat/WorkSpace/Learning/ROS2/Code/chapt3/topic_practice_ws/install/status_interfaces/share/status_interfaces/cmake/status_interfaces__rosidl_typesupport_introspection_cExport-noconfig.cmake
[0.665s] -- Up-to-date: /home/cat/WorkSpace/Learning/ROS2/Code/chapt3/topic_practice_ws/install/status_interfaces/share/status_interfaces/cmake/status_interfaces__rosidl_typesupport_cExport.cmake
[0.665s] -- Up-to-date: /home/cat/WorkSpace/Learning/ROS2/Code/chapt3/topic_practice_ws/install/status_interfaces/share/status_interfaces/cmake/status_interfaces__rosidl_typesupport_cExport-noconfig.cmake
[0.665s] -- Up-to-date: /home/cat/WorkSpace/Learning/ROS2/Code/chapt3/topic_practice_ws/install/status_interfaces/share/status_interfaces/cmake/status_interfaces__rosidl_typesupport_introspection_cppExport.cmake
[0.665s] -- Up-to-date: /home/cat/WorkSpace/Learning/ROS2/Code/chapt3/topic_practice_ws/install/status_interfaces/share/status_interfaces/cmake/status_interfaces__rosidl_typesupport_introspection_cppExport-noconfig.cmake
[0.665s] -- Up-to-date: /home/cat/WorkSpace/Learning/ROS2/Code/chapt3/topic_practice_ws/install/status_interfaces/share/status_interfaces/cmake/status_interfaces__rosidl_typesupport_cppExport.cmake
[0.665s] -- Up-to-date: /home/cat/WorkSpace/Learning/ROS2/Code/chapt3/topic_practice_ws/install/status_interfaces/share/status_interfaces/cmake/status_interfaces__rosidl_typesupport_cppExport-noconfig.cmake
[0.665s] -- Up-to-date: /home/cat/WorkSpace/Learning/ROS2/Code/chapt3/topic_practice_ws/install/status_interfaces/share/status_interfaces/cmake/export_status_interfaces__rosidl_generator_pyExport.cmake
[0.665s] -- Up-to-date: /home/cat/WorkSpace/Learning/ROS2/Code/chapt3/topic_practice_ws/install/status_interfaces/share/status_interfaces/cmake/export_status_interfaces__rosidl_generator_pyExport-noconfig.cmake
[0.665s] -- Up-to-date: /home/cat/WorkSpace/Learning/ROS2/Code/chapt3/topic_practice_ws/install/status_interfaces/share/status_interfaces/cmake/rosidl_cmake-extras.cmake
[0.665s] -- Up-to-date: /home/cat/WorkSpace/Learning/ROS2/Code/chapt3/topic_practice_ws/install/status_interfaces/share/status_interfaces/cmake/ament_cmake_export_dependencies-extras.cmake
[0.665s] -- Up-to-date: /home/cat/WorkSpace/Learning/ROS2/Code/chapt3/topic_practice_ws/install/status_interfaces/share/status_interfaces/cmake/ament_cmake_export_include_directories-extras.cmake
[0.665s] -- Up-to-date: /home/cat/WorkSpace/Learning/ROS2/Code/chapt3/topic_practice_ws/install/status_interfaces/share/status_interfaces/cmake/ament_cmake_export_libraries-extras.cmake
[0.665s] -- Up-to-date: /home/cat/WorkSpace/Learning/ROS2/Code/chapt3/topic_practice_ws/install/status_interfaces/share/status_interfaces/cmake/ament_cmake_export_targets-extras.cmake
[0.665s] -- Up-to-date: /home/cat/WorkSpace/Learning/ROS2/Code/chapt3/topic_practice_ws/install/status_interfaces/share/status_interfaces/cmake/rosidl_cmake_export_typesupport_targets-extras.cmake
[0.665s] -- Up-to-date: /home/cat/WorkSpace/Learning/ROS2/Code/chapt3/topic_practice_ws/install/status_interfaces/share/status_interfaces/cmake/rosidl_cmake_export_typesupport_libraries-extras.cmake
[0.666s] -- Up-to-date: /home/cat/WorkSpace/Learning/ROS2/Code/chapt3/topic_practice_ws/install/status_interfaces/share/status_interfaces/cmake/status_interfacesConfig.cmake
[0.666s] -- Up-to-date: /home/cat/WorkSpace/Learning/ROS2/Code/chapt3/topic_practice_ws/install/status_interfaces/share/status_interfaces/cmake/status_interfacesConfig-version.cmake
[0.666s] -- Up-to-date: /home/cat/WorkSpace/Learning/ROS2/Code/chapt3/topic_practice_ws/install/status_interfaces/share/status_interfaces/package.xml
[0.668s] Invoked command in '/home/cat/WorkSpace/Learning/ROS2/Code/chapt3/topic_practice_ws/build/status_interfaces' returned '0': CMAKE_PREFIX_PATH=${CMAKE_PREFIX_PATH}:/home/cat/WorkSpace/Learning/ROS2/Code/chapt3/topic_practice_ws/install/status_publisher:/opt/ros/humble /usr/bin/cmake --install /home/cat/WorkSpace/Learning/ROS2/Code/chapt3/topic_practice_ws/build/status_interfaces
