[0.533s] Invoking command in '/home/cat/WorkSpace/Learning/ROS2/Code/chapt3/topic_ws/src/demo_python_topic': PYTHONPATH=/home/cat/WorkSpace/Learning/ROS2/Code/chapt3/topic_ws/build/demo_python_topic/prefix_override:/usr/lib/python3/dist-packages/colcon_core/task/python/colcon_distutils_commands:/home/cat/WorkSpace/Learning/ROS2/Code/chapt3/topic_ws/install/demo_python_topic/lib/python3.10/site-packages:${PYTHONPATH} /usr/bin/python3 -W ignore:setup.py install is deprecated setup.py egg_info --egg-base ../../build/demo_python_topic build --build-base /home/cat/WorkSpace/Learning/ROS2/Code/chapt3/topic_ws/build/demo_python_topic/build install --record /home/cat/WorkSpace/Learning/ROS2/Code/chapt3/topic_ws/build/demo_python_topic/install.log --single-version-externally-managed install_data
[0.725s] running egg_info
[0.725s] writing ../../build/demo_python_topic/demo_python_topic.egg-info/PKG-INFO
[0.726s] writing dependency_links to ../../build/demo_python_topic/demo_python_topic.egg-info/dependency_links.txt
[0.726s] writing entry points to ../../build/demo_python_topic/demo_python_topic.egg-info/entry_points.txt
[0.726s] writing requirements to ../../build/demo_python_topic/demo_python_topic.egg-info/requires.txt
[0.726s] writing top-level names to ../../build/demo_python_topic/demo_python_topic.egg-info/top_level.txt
[0.728s] reading manifest file '../../build/demo_python_topic/demo_python_topic.egg-info/SOURCES.txt'
[0.728s] adding license file 'LICENSE'
[0.729s] writing manifest file '../../build/demo_python_topic/demo_python_topic.egg-info/SOURCES.txt'
[0.729s] running build
[0.729s] running build_py
[0.730s] running install
[0.730s] running install_lib
[0.731s] running install_data
[0.731s] running install_egg_info
[0.733s] removing '/home/cat/WorkSpace/Learning/ROS2/Code/chapt3/topic_ws/install/demo_python_topic/lib/python3.10/site-packages/demo_python_topic-0.0.0-py3.10.egg-info' (and everything under it)
[0.733s] Copying ../../build/demo_python_topic/demo_python_topic.egg-info to /home/cat/WorkSpace/Learning/ROS2/Code/chapt3/topic_ws/install/demo_python_topic/lib/python3.10/site-packages/demo_python_topic-0.0.0-py3.10.egg-info
[0.735s] running install_scripts
[0.756s] Installing novel_pub_node script to /home/cat/WorkSpace/Learning/ROS2/Code/chapt3/topic_ws/install/demo_python_topic/lib/demo_python_topic
[0.757s] Installing novel_sub_node script to /home/cat/WorkSpace/Learning/ROS2/Code/chapt3/topic_ws/install/demo_python_topic/lib/demo_python_topic
[0.757s] writing list of installed files to '/home/cat/WorkSpace/Learning/ROS2/Code/chapt3/topic_ws/build/demo_python_topic/install.log'
[0.779s] Invoked command in '/home/cat/WorkSpace/Learning/ROS2/Code/chapt3/topic_ws/src/demo_python_topic' returned '0': PYTHONPATH=/home/cat/WorkSpace/Learning/ROS2/Code/chapt3/topic_ws/build/demo_python_topic/prefix_override:/usr/lib/python3/dist-packages/colcon_core/task/python/colcon_distutils_commands:/home/cat/WorkSpace/Learning/ROS2/Code/chapt3/topic_ws/install/demo_python_topic/lib/python3.10/site-packages:${PYTHONPATH} /usr/bin/python3 -W ignore:setup.py install is deprecated setup.py egg_info --egg-base ../../build/demo_python_topic build --build-base /home/cat/WorkSpace/Learning/ROS2/Code/chapt3/topic_ws/build/demo_python_topic/build install --record /home/cat/WorkSpace/Learning/ROS2/Code/chapt3/topic_ws/build/demo_python_topic/install.log --single-version-externally-managed install_data
