[1.053s] Invoking command in '/home/cat/WorkSpace/Learning/ROS2/Code/chapt3/topic_practice_ws/src/status_publisher': PYTHONPATH=/home/cat/WorkSpace/Learning/ROS2/Code/chapt3/topic_practice_ws/build/status_publisher/prefix_override:/usr/lib/python3/dist-packages/colcon_core/task/python/colcon_distutils_commands:/home/cat/WorkSpace/Learning/ROS2/Code/chapt3/topic_practice_ws/install/status_publisher/lib/python3.10/site-packages:${PYTHONPATH} /usr/bin/python3 -W ignore:setup.py install is deprecated setup.py egg_info --egg-base ../../build/status_publisher build --build-base /home/cat/WorkSpace/Learning/ROS2/Code/chapt3/topic_practice_ws/build/status_publisher/build install --record /home/cat/WorkSpace/Learning/ROS2/Code/chapt3/topic_practice_ws/build/status_publisher/install.log --single-version-externally-managed install_data
[1.385s] running egg_info
[1.386s] creating ../../build/status_publisher/status_publisher.egg-info
[1.387s] writing ../../build/status_publisher/status_publisher.egg-info/PKG-INFO
[1.387s] writing dependency_links to ../../build/status_publisher/status_publisher.egg-info/dependency_links.txt
[1.387s] writing entry points to ../../build/status_publisher/status_publisher.egg-info/entry_points.txt
[1.388s] writing requirements to ../../build/status_publisher/status_publisher.egg-info/requires.txt
[1.388s] writing top-level names to ../../build/status_publisher/status_publisher.egg-info/top_level.txt
[1.388s] writing manifest file '../../build/status_publisher/status_publisher.egg-info/SOURCES.txt'
[1.392s] reading manifest file '../../build/status_publisher/status_publisher.egg-info/SOURCES.txt'
[1.393s] adding license file 'LICENSE'
[1.394s] writing manifest file '../../build/status_publisher/status_publisher.egg-info/SOURCES.txt'
[1.394s] running build
[1.394s] running build_py
[1.394s] creating /home/cat/WorkSpace/Learning/ROS2/Code/chapt3/topic_practice_ws/build/status_publisher/build
[1.395s] creating /home/cat/WorkSpace/Learning/ROS2/Code/chapt3/topic_practice_ws/build/status_publisher/build/lib
[1.395s] creating /home/cat/WorkSpace/Learning/ROS2/Code/chapt3/topic_practice_ws/build/status_publisher/build/lib/status_publisher
[1.395s] copying status_publisher/__init__.py -> /home/cat/WorkSpace/Learning/ROS2/Code/chapt3/topic_practice_ws/build/status_publisher/build/lib/status_publisher
[1.395s] copying status_publisher/sys_status_pub.py -> /home/cat/WorkSpace/Learning/ROS2/Code/chapt3/topic_practice_ws/build/status_publisher/build/lib/status_publisher
[1.396s] running install
[1.396s] running install_lib
[1.397s] creating /home/cat/WorkSpace/Learning/ROS2/Code/chapt3/topic_practice_ws/install/status_publisher/lib/python3.10/site-packages/status_publisher
[1.397s] copying /home/cat/WorkSpace/Learning/ROS2/Code/chapt3/topic_practice_ws/build/status_publisher/build/lib/status_publisher/__init__.py -> /home/cat/WorkSpace/Learning/ROS2/Code/chapt3/topic_practice_ws/install/status_publisher/lib/python3.10/site-packages/status_publisher
[1.397s] copying /home/cat/WorkSpace/Learning/ROS2/Code/chapt3/topic_practice_ws/build/status_publisher/build/lib/status_publisher/sys_status_pub.py -> /home/cat/WorkSpace/Learning/ROS2/Code/chapt3/topic_practice_ws/install/status_publisher/lib/python3.10/site-packages/status_publisher
[1.398s] byte-compiling /home/cat/WorkSpace/Learning/ROS2/Code/chapt3/topic_practice_ws/install/status_publisher/lib/python3.10/site-packages/status_publisher/__init__.py to __init__.cpython-310.pyc
[1.398s] byte-compiling /home/cat/WorkSpace/Learning/ROS2/Code/chapt3/topic_practice_ws/install/status_publisher/lib/python3.10/site-packages/status_publisher/sys_status_pub.py to sys_status_pub.cpython-310.pyc
[1.399s] running install_data
[1.400s] creating /home/cat/WorkSpace/Learning/ROS2/Code/chapt3/topic_practice_ws/install/status_publisher/share/ament_index
[1.400s] creating /home/cat/WorkSpace/Learning/ROS2/Code/chapt3/topic_practice_ws/install/status_publisher/share/ament_index/resource_index
[1.400s] creating /home/cat/WorkSpace/Learning/ROS2/Code/chapt3/topic_practice_ws/install/status_publisher/share/ament_index/resource_index/packages
[1.400s] copying resource/status_publisher -> /home/cat/WorkSpace/Learning/ROS2/Code/chapt3/topic_practice_ws/install/status_publisher/share/ament_index/resource_index/packages
[1.400s]   File "/home/cat/WorkSpace/Learning/ROS2/Code/chapt3/topic_practice_ws/install/status_publisher/lib/python3.10/site-packages/status_publisher/sys_status_pub.py", line 7
[1.400s]     class SysStatusPub(Node)
[1.400s]                             ^
[1.400s] SyntaxError: expected ':'
[1.400s] 
[1.400s] copying package.xml -> /home/cat/WorkSpace/Learning/ROS2/Code/chapt3/topic_practice_ws/install/status_publisher/share/status_publisher
[1.400s] running install_egg_info
[1.403s] Copying ../../build/status_publisher/status_publisher.egg-info to /home/cat/WorkSpace/Learning/ROS2/Code/chapt3/topic_practice_ws/install/status_publisher/lib/python3.10/site-packages/status_publisher-0.0.0-py3.10.egg-info
[1.404s] running install_scripts
[1.437s] Installing sys_status_pub script to /home/cat/WorkSpace/Learning/ROS2/Code/chapt3/topic_practice_ws/install/status_publisher/lib/status_publisher
[1.437s] writing list of installed files to '/home/cat/WorkSpace/Learning/ROS2/Code/chapt3/topic_practice_ws/build/status_publisher/install.log'
[1.496s] Invoked command in '/home/cat/WorkSpace/Learning/ROS2/Code/chapt3/topic_practice_ws/src/status_publisher' returned '0': PYTHONPATH=/home/cat/WorkSpace/Learning/ROS2/Code/chapt3/topic_practice_ws/build/status_publisher/prefix_override:/usr/lib/python3/dist-packages/colcon_core/task/python/colcon_distutils_commands:/home/cat/WorkSpace/Learning/ROS2/Code/chapt3/topic_practice_ws/install/status_publisher/lib/python3.10/site-packages:${PYTHONPATH} /usr/bin/python3 -W ignore:setup.py install is deprecated setup.py egg_info --egg-base ../../build/status_publisher build --build-base /home/cat/WorkSpace/Learning/ROS2/Code/chapt3/topic_practice_ws/build/status_publisher/build install --record /home/cat/WorkSpace/Learning/ROS2/Code/chapt3/topic_practice_ws/build/status_publisher/install.log --single-version-externally-managed install_data
