running egg_info
writing ../../build/demo_python_node/demo_python_node.egg-info/PKG-INFO
writing dependency_links to ../../build/demo_python_node/demo_python_node.egg-info/dependency_links.txt
writing entry points to ../../build/demo_python_node/demo_python_node.egg-info/entry_points.txt
writing requirements to ../../build/demo_python_node/demo_python_node.egg-info/requires.txt
writing top-level names to ../../build/demo_python_node/demo_python_node.egg-info/top_level.txt
reading manifest file '../../build/demo_python_node/demo_python_node.egg-info/SOURCES.txt'
adding license file 'LICENSE'
writing manifest file '../../build/demo_python_node/demo_python_node.egg-info/SOURCES.txt'
running build
running build_py
copying demo_python_node/writer_node.py -> /home/cat/WorkSpace/Code/ROS2/chapt2/chapt2_ws/build/demo_python_node/build/lib/demo_python_node
running install
running install_lib
copying /home/cat/WorkSpace/Code/ROS2/chapt2/chapt2_ws/build/demo_python_node/build/lib/demo_python_node/writer_node.py -> /home/cat/WorkSpace/Code/ROS2/chapt2/chapt2_ws/install/demo_python_node/lib/python3.10/site-packages/demo_python_node
byte-compiling /home/cat/WorkSpace/Code/ROS2/chapt2/chapt2_ws/install/demo_python_node/lib/python3.10/site-packages/demo_python_node/writer_node.py to writer_node.cpython-310.pyc
running install_data
running install_egg_info
removing '/home/cat/WorkSpace/Code/ROS2/chapt2/chapt2_ws/install/demo_python_node/lib/python3.10/site-packages/demo_python_node-0.0.0-py3.10.egg-info' (and everything under it)
Copying ../../build/demo_python_node/demo_python_node.egg-info to /home/cat/WorkSpace/Code/ROS2/chapt2/chapt2_ws/install/demo_python_node/lib/python3.10/site-packages/demo_python_node-0.0.0-py3.10.egg-info
running install_scripts
Installing person_node script to /home/cat/WorkSpace/Code/ROS2/chapt2/chapt2_ws/install/demo_python_node/lib/demo_python_node
Installing python_node script to /home/cat/WorkSpace/Code/ROS2/chapt2/chapt2_ws/install/demo_python_node/lib/demo_python_node
writing list of installed files to '/home/cat/WorkSpace/Code/ROS2/chapt2/chapt2_ws/build/demo_python_node/install.log'
