[0.548s] Invoking command in '/home/cat/WorkSpace/Code/ROS2/chapt2/chapt2_ws/src/demo_python_node': PYTHONPATH=/home/cat/WorkSpace/Code/ROS2/chapt2/chapt2_ws/build/demo_python_node/prefix_override:/usr/lib/python3/dist-packages/colcon_core/task/python/colcon_distutils_commands:/home/cat/WorkSpace/Code/ROS2/chapt2/chapt2_ws/install/demo_python_node/lib/python3.10/site-packages:${PYTHONPATH} /usr/bin/python3 -W ignore:setup.py install is deprecated setup.py egg_info --egg-base ../../build/demo_python_node build --build-base /home/cat/WorkSpace/Code/ROS2/chapt2/chapt2_ws/build/demo_python_node/build install --record /home/cat/WorkSpace/Code/ROS2/chapt2/chapt2_ws/build/demo_python_node/install.log --single-version-externally-managed install_data
[0.741s] running egg_info
[0.741s] writing ../../build/demo_python_node/demo_python_node.egg-info/PKG-INFO
[0.742s] writing dependency_links to ../../build/demo_python_node/demo_python_node.egg-info/dependency_links.txt
[0.742s] writing entry points to ../../build/demo_python_node/demo_python_node.egg-info/entry_points.txt
[0.743s] writing requirements to ../../build/demo_python_node/demo_python_node.egg-info/requires.txt
[0.743s] writing top-level names to ../../build/demo_python_node/demo_python_node.egg-info/top_level.txt
[0.745s] reading manifest file '../../build/demo_python_node/demo_python_node.egg-info/SOURCES.txt'
[0.745s] adding license file 'LICENSE'
[0.746s] writing manifest file '../../build/demo_python_node/demo_python_node.egg-info/SOURCES.txt'
[0.746s] running build
[0.746s] running build_py
[0.746s] copying demo_python_node/writer_node.py -> /home/cat/WorkSpace/Code/ROS2/chapt2/chapt2_ws/build/demo_python_node/build/lib/demo_python_node
[0.747s] running install
[0.747s] running install_lib
[0.748s] copying /home/cat/WorkSpace/Code/ROS2/chapt2/chapt2_ws/build/demo_python_node/build/lib/demo_python_node/writer_node.py -> /home/cat/WorkSpace/Code/ROS2/chapt2/chapt2_ws/install/demo_python_node/lib/python3.10/site-packages/demo_python_node
[0.748s] byte-compiling /home/cat/WorkSpace/Code/ROS2/chapt2/chapt2_ws/install/demo_python_node/lib/python3.10/site-packages/demo_python_node/writer_node.py to writer_node.cpython-310.pyc
[0.749s] running install_data
[0.749s] running install_egg_info
[0.750s] removing '/home/cat/WorkSpace/Code/ROS2/chapt2/chapt2_ws/install/demo_python_node/lib/python3.10/site-packages/demo_python_node-0.0.0-py3.10.egg-info' (and everything under it)
[0.751s] Copying ../../build/demo_python_node/demo_python_node.egg-info to /home/cat/WorkSpace/Code/ROS2/chapt2/chapt2_ws/install/demo_python_node/lib/python3.10/site-packages/demo_python_node-0.0.0-py3.10.egg-info
[0.752s] running install_scripts
[0.768s] Installing person_node script to /home/cat/WorkSpace/Code/ROS2/chapt2/chapt2_ws/install/demo_python_node/lib/demo_python_node
[0.769s] Installing python_node script to /home/cat/WorkSpace/Code/ROS2/chapt2/chapt2_ws/install/demo_python_node/lib/demo_python_node
[0.769s] writing list of installed files to '/home/cat/WorkSpace/Code/ROS2/chapt2/chapt2_ws/build/demo_python_node/install.log'
[0.791s] Invoked command in '/home/cat/WorkSpace/Code/ROS2/chapt2/chapt2_ws/src/demo_python_node' returned '0': PYTHONPATH=/home/cat/WorkSpace/Code/ROS2/chapt2/chapt2_ws/build/demo_python_node/prefix_override:/usr/lib/python3/dist-packages/colcon_core/task/python/colcon_distutils_commands:/home/cat/WorkSpace/Code/ROS2/chapt2/chapt2_ws/install/demo_python_node/lib/python3.10/site-packages:${PYTHONPATH} /usr/bin/python3 -W ignore:setup.py install is deprecated setup.py egg_info --egg-base ../../build/demo_python_node build --build-base /home/cat/WorkSpace/Code/ROS2/chapt2/chapt2_ws/build/demo_python_node/build install --record /home/cat/WorkSpace/Code/ROS2/chapt2/chapt2_ws/build/demo_python_node/install.log --single-version-externally-managed install_data
