[0.017s] Invoking command in '/home/cat/WorkSpace/Code/ROS2/chapt2/chapt2_ws/build/demo_cpp_pkg': CMAKE_PREFIX_PATH=${CMAKE_PREFIX_PATH}:/home/cat/WorkSpace/Code/ROS2/chapt2/chapt2_ws/install/demo_python_node:/opt/ros/humble /usr/bin/cmake --build /home/cat/WorkSpace/Code/ROS2/chapt2/chapt2_ws/build/demo_cpp_pkg -- -j16 -l16
[0.124s] -- Found ament_cmake: 1.3.10 (/opt/ros/humble/share/ament_cmake/cmake)
[0.267s] -- Found rclcpp: 16.0.10 (/opt/ros/humble/share/rclcpp/cmake)
[0.315s] -- Found rosidl_generator_c: 3.1.5 (/opt/ros/humble/share/rosidl_generator_c/cmake)
[0.319s] -- Found rosidl_adapter: 3.1.5 (/opt/ros/humble/share/rosidl_adapter/cmake)
[0.329s] -- Found rosidl_generator_cpp: 3.1.5 (/opt/ros/humble/share/rosidl_generator_cpp/cmake)
[0.344s] -- Using all available rosidl_typesupport_c: rosidl_typesupport_fastrtps_c;rosidl_typesupport_introspection_c
[0.361s] -- Using all available rosidl_typesupport_cpp: rosidl_typesupport_fastrtps_cpp;rosidl_typesupport_introspection_cpp
[0.407s] -- Found rmw_implementation_cmake: 6.1.2 (/opt/ros/humble/share/rmw_implementation_cmake/cmake)
[0.410s] -- Found rmw_fastrtps_cpp: 6.2.7 (/opt/ros/humble/share/rmw_fastrtps_cpp/cmake)
[0.544s] -- Using RMW implementation 'rmw_fastrtps_cpp' as default
[0.620s] -- Found ament_lint_auto: 0.12.11 (/opt/ros/humble/share/ament_lint_auto/cmake)
[0.712s] -- Added test 'cppcheck' to perform static code analysis on C / C++ code
[0.713s] -- Configured cppcheck include dirs: 
[0.713s] -- Configured cppcheck exclude dirs and/or files: 
[0.717s] -- Added test 'lint_cmake' to check CMake code style
[0.726s] -- Added test 'uncrustify' to check C / C++ code style
[0.726s] -- Configured uncrustify additional arguments: 
[0.727s] -- Added test 'xmllint' to check XML markup files
[0.730s] -- Configuring done
[0.761s] -- Generating done
[0.765s] -- Build files have been written to: /home/cat/WorkSpace/Code/ROS2/chapt2/chapt2_ws/build/demo_cpp_pkg
[0.802s] [35m[1mConsolidate compiler generated dependencies of target learn_lambda[0m
[0.802s] [35m[1mConsolidate compiler generated dependencies of target learn_share_ptr[0m
[0.803s] [35m[1mConsolidate compiler generated dependencies of target cpp_node[0m
[0.803s] [35m[1mConsolidate compiler generated dependencies of target person_node[0m
[0.819s] [ 10%] [32mBuilding CXX object CMakeFiles/learn_functional.dir/src/learn_functional.cpp.o[0m
[0.822s] [ 30%] Built target learn_share_ptr
[0.822s] [ 40%] [32mBuilding CXX object CMakeFiles/learn_lambda.dir/src/learn_lambda.cpp.o[0m
[0.832s] [ 80%] Built target cpp_node
[0.832s] [ 80%] Built target person_node
[1.171s] [ 90%] [32m[1mLinking CXX executable learn_lambda[0m
[1.252s] [100%] [32m[1mLinking CXX executable learn_functional[0m
[1.261s] [100%] Built target learn_lambda
[1.329s] [100%] Built target learn_functional
[1.344s] Invoked command in '/home/cat/WorkSpace/Code/ROS2/chapt2/chapt2_ws/build/demo_cpp_pkg' returned '0': CMAKE_PREFIX_PATH=${CMAKE_PREFIX_PATH}:/home/cat/WorkSpace/Code/ROS2/chapt2/chapt2_ws/install/demo_python_node:/opt/ros/humble /usr/bin/cmake --build /home/cat/WorkSpace/Code/ROS2/chapt2/chapt2_ws/build/demo_cpp_pkg -- -j16 -l16
[1.411s] Invoking command in '/home/cat/WorkSpace/Code/ROS2/chapt2/chapt2_ws/build/demo_cpp_pkg': CMAKE_PREFIX_PATH=${CMAKE_PREFIX_PATH}:/home/cat/WorkSpace/Code/ROS2/chapt2/chapt2_ws/install/demo_python_node:/opt/ros/humble /usr/bin/cmake --install /home/cat/WorkSpace/Code/ROS2/chapt2/chapt2_ws/build/demo_cpp_pkg
[1.419s] -- Install configuration: ""
[1.421s] -- Up-to-date: /home/cat/WorkSpace/Code/ROS2/chapt2/chapt2_ws/install/demo_cpp_pkg/lib/demo_cpp_pkg/cpp_node
[1.423s] -- Up-to-date: /home/cat/WorkSpace/Code/ROS2/chapt2/chapt2_ws/install/demo_cpp_pkg/lib/demo_cpp_pkg/person_node
[1.424s] -- Up-to-date: /home/cat/WorkSpace/Code/ROS2/chapt2/chapt2_ws/install/demo_cpp_pkg/lib/demo_cpp_pkg/learn_share_ptr
[1.424s] -- Installing: /home/cat/WorkSpace/Code/ROS2/chapt2/chapt2_ws/install/demo_cpp_pkg/lib/demo_cpp_pkg/learn_lambda
[1.424s] -- Installing: /home/cat/WorkSpace/Code/ROS2/chapt2/chapt2_ws/install/demo_cpp_pkg/lib/demo_cpp_pkg/learn_functional
[1.425s] -- Up-to-date: /home/cat/WorkSpace/Code/ROS2/chapt2/chapt2_ws/install/demo_cpp_pkg/share/ament_index/resource_index/package_run_dependencies/demo_cpp_pkg
[1.425s] -- Up-to-date: /home/cat/WorkSpace/Code/ROS2/chapt2/chapt2_ws/install/demo_cpp_pkg/share/ament_index/resource_index/parent_prefix_path/demo_cpp_pkg
[1.426s] -- Up-to-date: /home/cat/WorkSpace/Code/ROS2/chapt2/chapt2_ws/install/demo_cpp_pkg/share/demo_cpp_pkg/environment/ament_prefix_path.sh
[1.426s] -- Installing: /home/cat/WorkSpace/Code/ROS2/chapt2/chapt2_ws/install/demo_cpp_pkg/share/demo_cpp_pkg/environment/ament_prefix_path.dsv
[1.426s] -- Up-to-date: /home/cat/WorkSpace/Code/ROS2/chapt2/chapt2_ws/install/demo_cpp_pkg/share/demo_cpp_pkg/environment/path.sh
[1.426s] -- Installing: /home/cat/WorkSpace/Code/ROS2/chapt2/chapt2_ws/install/demo_cpp_pkg/share/demo_cpp_pkg/environment/path.dsv
[1.426s] -- Up-to-date: /home/cat/WorkSpace/Code/ROS2/chapt2/chapt2_ws/install/demo_cpp_pkg/share/demo_cpp_pkg/local_setup.bash
[1.426s] -- Up-to-date: /home/cat/WorkSpace/Code/ROS2/chapt2/chapt2_ws/install/demo_cpp_pkg/share/demo_cpp_pkg/local_setup.sh
[1.427s] -- Up-to-date: /home/cat/WorkSpace/Code/ROS2/chapt2/chapt2_ws/install/demo_cpp_pkg/share/demo_cpp_pkg/local_setup.zsh
[1.427s] -- Installing: /home/cat/WorkSpace/Code/ROS2/chapt2/chapt2_ws/install/demo_cpp_pkg/share/demo_cpp_pkg/local_setup.dsv
[1.427s] -- Installing: /home/cat/WorkSpace/Code/ROS2/chapt2/chapt2_ws/install/demo_cpp_pkg/share/demo_cpp_pkg/package.dsv
[1.427s] -- Up-to-date: /home/cat/WorkSpace/Code/ROS2/chapt2/chapt2_ws/install/demo_cpp_pkg/share/ament_index/resource_index/packages/demo_cpp_pkg
[1.428s] -- Up-to-date: /home/cat/WorkSpace/Code/ROS2/chapt2/chapt2_ws/install/demo_cpp_pkg/share/demo_cpp_pkg/cmake/demo_cpp_pkgConfig.cmake
[1.428s] -- Up-to-date: /home/cat/WorkSpace/Code/ROS2/chapt2/chapt2_ws/install/demo_cpp_pkg/share/demo_cpp_pkg/cmake/demo_cpp_pkgConfig-version.cmake
[1.428s] -- Up-to-date: /home/cat/WorkSpace/Code/ROS2/chapt2/chapt2_ws/install/demo_cpp_pkg/share/demo_cpp_pkg/package.xml
[1.431s] Invoked command in '/home/cat/WorkSpace/Code/ROS2/chapt2/chapt2_ws/build/demo_cpp_pkg' returned '0': CMAKE_PREFIX_PATH=${CMAKE_PREFIX_PATH}:/home/cat/WorkSpace/Code/ROS2/chapt2/chapt2_ws/install/demo_python_node:/opt/ros/humble /usr/bin/cmake --install /home/cat/WorkSpace/Code/ROS2/chapt2/chapt2_ws/build/demo_cpp_pkg
