[0.719s] Invoking command in '/home/cat/WorkSpace/Learning/ROS2/Code/chapt3/topic_practice_ws/src/status_publisher': PYTHONPATH=/home/cat/WorkSpace/Learning/ROS2/Code/chapt3/topic_practice_ws/build/status_publisher/prefix_override:/usr/lib/python3/dist-packages/colcon_core/task/python/colcon_distutils_commands:/home/cat/WorkSpace/Learning/ROS2/Code/chapt3/topic_practice_ws/install/status_publisher/lib/python3.10/site-packages:${PYTHONPATH} /usr/bin/python3 -W ignore:setup.py install is deprecated setup.py egg_info --egg-base ../../build/status_publisher build --build-base /home/cat/WorkSpace/Learning/ROS2/Code/chapt3/topic_practice_ws/build/status_publisher/build install --record /home/cat/WorkSpace/Learning/ROS2/Code/chapt3/topic_practice_ws/build/status_publisher/install.log --single-version-externally-managed install_data
[0.967s] running egg_info
[0.968s] writing ../../build/status_publisher/status_publisher.egg-info/PKG-INFO
[0.968s] writing dependency_links to ../../build/status_publisher/status_publisher.egg-info/dependency_links.txt
[0.968s] writing entry points to ../../build/status_publisher/status_publisher.egg-info/entry_points.txt
[0.968s] writing requirements to ../../build/status_publisher/status_publisher.egg-info/requires.txt
[0.969s] writing top-level names to ../../build/status_publisher/status_publisher.egg-info/top_level.txt
[0.971s] reading manifest file '../../build/status_publisher/status_publisher.egg-info/SOURCES.txt'
[0.971s] adding license file 'LICENSE'
[0.972s] writing manifest file '../../build/status_publisher/status_publisher.egg-info/SOURCES.txt'
[0.972s] running build
[0.972s] running build_py
[0.972s] copying status_publisher/sys_status_pub.py -> /home/cat/WorkSpace/Learning/ROS2/Code/chapt3/topic_practice_ws/build/status_publisher/build/lib/status_publisher
[0.973s] running install
[0.973s] running install_lib
[0.974s] copying /home/cat/WorkSpace/Learning/ROS2/Code/chapt3/topic_practice_ws/build/status_publisher/build/lib/status_publisher/sys_status_pub.py -> /home/cat/WorkSpace/Learning/ROS2/Code/chapt3/topic_practice_ws/install/status_publisher/lib/python3.10/site-packages/status_publisher
[0.974s] byte-compiling /home/cat/WorkSpace/Learning/ROS2/Code/chapt3/topic_practice_ws/install/status_publisher/lib/python3.10/site-packages/status_publisher/sys_status_pub.py to sys_status_pub.cpython-310.pyc
[0.975s] running install_data
[0.975s] running install_egg_info
[0.977s] removing '/home/cat/WorkSpace/Learning/ROS2/Code/chapt3/topic_practice_ws/install/status_publisher/lib/python3.10/site-packages/status_publisher-0.0.0-py3.10.egg-info' (and everything under it)
[0.977s] Copying ../../build/status_publisher/status_publisher.egg-info to /home/cat/WorkSpace/Learning/ROS2/Code/chapt3/topic_practice_ws/install/status_publisher/lib/python3.10/site-packages/status_publisher-0.0.0-py3.10.egg-info
[0.978s] running install_scripts
[1.005s] Installing sys_status_pub script to /home/cat/WorkSpace/Learning/ROS2/Code/chapt3/topic_practice_ws/install/status_publisher/lib/status_publisher
[1.005s] writing list of installed files to '/home/cat/WorkSpace/Learning/ROS2/Code/chapt3/topic_practice_ws/build/status_publisher/install.log'
[1.044s] Invoked command in '/home/cat/WorkSpace/Learning/ROS2/Code/chapt3/topic_practice_ws/src/status_publisher' returned '0': PYTHONPATH=/home/cat/WorkSpace/Learning/ROS2/Code/chapt3/topic_practice_ws/build/status_publisher/prefix_override:/usr/lib/python3/dist-packages/colcon_core/task/python/colcon_distutils_commands:/home/cat/WorkSpace/Learning/ROS2/Code/chapt3/topic_practice_ws/install/status_publisher/lib/python3.10/site-packages:${PYTHONPATH} /usr/bin/python3 -W ignore:setup.py install is deprecated setup.py egg_info --egg-base ../../build/status_publisher build --build-base /home/cat/WorkSpace/Learning/ROS2/Code/chapt3/topic_practice_ws/build/status_publisher/build install --record /home/cat/WorkSpace/Learning/ROS2/Code/chapt3/topic_practice_ws/build/status_publisher/install.log --single-version-externally-managed install_data
