[0.815s] Invoking command in '/home/cat/WorkSpace/Learning/ROS2/Code/chapt3/topic_ws/src/demo_python_topic': PYTHONPATH=/home/cat/WorkSpace/Learning/ROS2/Code/chapt3/topic_ws/build/demo_python_topic/prefix_override:/usr/lib/python3/dist-packages/colcon_core/task/python/colcon_distutils_commands:/home/cat/WorkSpace/Learning/ROS2/Code/chapt3/topic_ws/install/demo_python_topic/lib/python3.10/site-packages:${PYTHONPATH} /usr/bin/python3 -W ignore:setup.py install is deprecated setup.py egg_info --egg-base ../../build/demo_python_topic build --build-base /home/cat/WorkSpace/Learning/ROS2/Code/chapt3/topic_ws/build/demo_python_topic/build install --record /home/cat/WorkSpace/Learning/ROS2/Code/chapt3/topic_ws/build/demo_python_topic/install.log --single-version-externally-managed install_data
[1.013s] running egg_info
[1.013s] writing ../../build/demo_python_topic/demo_python_topic.egg-info/PKG-INFO
[1.014s] writing dependency_links to ../../build/demo_python_topic/demo_python_topic.egg-info/dependency_links.txt
[1.015s] writing entry points to ../../build/demo_python_topic/demo_python_topic.egg-info/entry_points.txt
[1.015s] writing requirements to ../../build/demo_python_topic/demo_python_topic.egg-info/requires.txt
[1.015s] writing top-level names to ../../build/demo_python_topic/demo_python_topic.egg-info/top_level.txt
[1.018s] reading manifest file '../../build/demo_python_topic/demo_python_topic.egg-info/SOURCES.txt'
[1.019s] adding license file 'LICENSE'
[1.020s] writing manifest file '../../build/demo_python_topic/demo_python_topic.egg-info/SOURCES.txt'
[1.020s] running build
[1.020s] running build_py
[1.021s] running install
[1.022s] running install_lib
[1.024s] running install_data
[1.024s] running install_egg_info
[1.026s] removing '/home/cat/WorkSpace/Learning/ROS2/Code/chapt3/topic_ws/install/demo_python_topic/lib/python3.10/site-packages/demo_python_topic-0.0.0-py3.10.egg-info' (and everything under it)
[1.027s] Copying ../../build/demo_python_topic/demo_python_topic.egg-info to /home/cat/WorkSpace/Learning/ROS2/Code/chapt3/topic_ws/install/demo_python_topic/lib/python3.10/site-packages/demo_python_topic-0.0.0-py3.10.egg-info
[1.028s] running install_scripts
[1.047s] Installing novel_pub_node script to /home/cat/WorkSpace/Learning/ROS2/Code/chapt3/topic_ws/install/demo_python_topic/lib/demo_python_topic
[1.047s] Installing novel_sub_node script to /home/cat/WorkSpace/Learning/ROS2/Code/chapt3/topic_ws/install/demo_python_topic/lib/demo_python_topic
[1.048s] writing list of installed files to '/home/cat/WorkSpace/Learning/ROS2/Code/chapt3/topic_ws/build/demo_python_topic/install.log'
[1.074s] Invoked command in '/home/cat/WorkSpace/Learning/ROS2/Code/chapt3/topic_ws/src/demo_python_topic' returned '0': PYTHONPATH=/home/cat/WorkSpace/Learning/ROS2/Code/chapt3/topic_ws/build/demo_python_topic/prefix_override:/usr/lib/python3/dist-packages/colcon_core/task/python/colcon_distutils_commands:/home/cat/WorkSpace/Learning/ROS2/Code/chapt3/topic_ws/install/demo_python_topic/lib/python3.10/site-packages:${PYTHONPATH} /usr/bin/python3 -W ignore:setup.py install is deprecated setup.py egg_info --egg-base ../../build/demo_python_topic build --build-base /home/cat/WorkSpace/Learning/ROS2/Code/chapt3/topic_ws/build/demo_python_topic/build install --record /home/cat/WorkSpace/Learning/ROS2/Code/chapt3/topic_ws/build/demo_python_topic/install.log --single-version-externally-managed install_data
