[0.793s] Invoking command in '/home/cat/WorkSpace/Learning/ROS2/Code/chapt3/topic_practice_ws/src/status_publisher': CMAKE_PREFIX_PATH=/home/cat/WorkSpace/Learning/ROS2/Code/chapt3/topic_practice_ws/install/status_interfaces:/home/cat/WorkSpace/Learning/ROS2/Code/chapt3/topic_practice_ws/install/status_display PYTHONPATH=/home/cat/WorkSpace/Learning/ROS2/Code/chapt3/topic_practice_ws/build/status_publisher/prefix_override:/usr/lib/python3/dist-packages/colcon_core/task/python/colcon_distutils_commands:/home/cat/WorkSpace/Learning/ROS2/Code/chapt3/topic_practice_ws/install/status_publisher/lib/python3.10/site-packages:${PYTHONPATH} /usr/bin/python3 -W ignore:setup.py install is deprecated setup.py egg_info --egg-base ../../build/status_publisher build --build-base /home/cat/WorkSpace/Learning/ROS2/Code/chapt3/topic_practice_ws/build/status_publisher/build install --record /home/cat/WorkSpace/Learning/ROS2/Code/chapt3/topic_practice_ws/build/status_publisher/install.log --single-version-externally-managed install_data
[0.994s] running egg_info
[0.995s] writing ../../build/status_publisher/status_publisher.egg-info/PKG-INFO
[0.995s] writing dependency_links to ../../build/status_publisher/status_publisher.egg-info/dependency_links.txt
[0.996s] writing entry points to ../../build/status_publisher/status_publisher.egg-info/entry_points.txt
[0.996s] writing requirements to ../../build/status_publisher/status_publisher.egg-info/requires.txt
[0.996s] writing top-level names to ../../build/status_publisher/status_publisher.egg-info/top_level.txt
[0.999s] reading manifest file '../../build/status_publisher/status_publisher.egg-info/SOURCES.txt'
[1.000s] adding license file 'LICENSE'
[1.000s] writing manifest file '../../build/status_publisher/status_publisher.egg-info/SOURCES.txt'
[1.001s] running build
[1.001s] running build_py
[1.002s] running install
[1.002s] running install_lib
[1.003s] running install_data
[1.003s] running install_egg_info
[1.005s] removing '/home/cat/WorkSpace/Learning/ROS2/Code/chapt3/topic_practice_ws/install/status_publisher/lib/python3.10/site-packages/status_publisher-0.0.0-py3.10.egg-info' (and everything under it)
[1.005s] Copying ../../build/status_publisher/status_publisher.egg-info to /home/cat/WorkSpace/Learning/ROS2/Code/chapt3/topic_practice_ws/install/status_publisher/lib/python3.10/site-packages/status_publisher-0.0.0-py3.10.egg-info
[1.007s] running install_scripts
[1.027s] Installing sys_status_pub script to /home/cat/WorkSpace/Learning/ROS2/Code/chapt3/topic_practice_ws/install/status_publisher/lib/status_publisher
[1.028s] writing list of installed files to '/home/cat/WorkSpace/Learning/ROS2/Code/chapt3/topic_practice_ws/build/status_publisher/install.log'
[1.058s] Invoked command in '/home/cat/WorkSpace/Learning/ROS2/Code/chapt3/topic_practice_ws/src/status_publisher' returned '0': CMAKE_PREFIX_PATH=/home/cat/WorkSpace/Learning/ROS2/Code/chapt3/topic_practice_ws/install/status_interfaces:/home/cat/WorkSpace/Learning/ROS2/Code/chapt3/topic_practice_ws/install/status_display PYTHONPATH=/home/cat/WorkSpace/Learning/ROS2/Code/chapt3/topic_practice_ws/build/status_publisher/prefix_override:/usr/lib/python3/dist-packages/colcon_core/task/python/colcon_distutils_commands:/home/cat/WorkSpace/Learning/ROS2/Code/chapt3/topic_practice_ws/install/status_publisher/lib/python3.10/site-packages:${PYTHONPATH} /usr/bin/python3 -W ignore:setup.py install is deprecated setup.py egg_info --egg-base ../../build/status_publisher build --build-base /home/cat/WorkSpace/Learning/ROS2/Code/chapt3/topic_practice_ws/build/status_publisher/build install --record /home/cat/WorkSpace/Learning/ROS2/Code/chapt3/topic_practice_ws/build/status_publisher/install.log --single-version-externally-managed install_data
