[0.145s] DEBUG:colcon:Command line arguments: ['/usr/bin/colcon', 'build']
[0.145s] DEBUG:colcon:Parsed command line arguments: Namespace(log_base=None, log_level=None, verb_name='build', build_base='build', install_base='install', merge_install=False, symlink_install=False, test_result_base=None, continue_on_error=False, executor='parallel', parallel_workers=8, event_handlers=None, ignore_user_meta=False, metas=['./colcon.meta'], base_paths=['.'], packages_ignore=None, packages_ignore_regex=None, paths=None, packages_up_to=None, packages_up_to_regex=None, packages_above=None, packages_above_and_dependencies=None, packages_above_depth=None, packages_select_by_dep=None, packages_skip_by_dep=None, packages_skip_up_to=None, packages_select_build_failed=False, packages_skip_build_finished=False, packages_select_test_failures=False, packages_skip_test_passed=False, packages_select=None, packages_skip=None, packages_select_regex=None, packages_skip_regex=None, packages_start=None, packages_end=None, allow_overriding=[], cmake_args=None, cmake_target=None, cmake_target_skip_unavailable=False, cmake_clean_cache=False, cmake_clean_first=False, cmake_force_configure=False, ament_cmake_args=None, catkin_cmake_args=None, catkin_skip_building_tests=False, verb_parser=<colcon_defaults.argument_parser.defaults.DefaultArgumentsDecorator object at 0x7a41671543a0>, verb_extension=<colcon_core.verb.build.BuildVerb object at 0x7a416711fd60>, main=<bound method BuildVerb.main of <colcon_core.verb.build.BuildVerb object at 0x7a416711fd60>>)
[0.333s] Level 1:colcon.colcon_core.package_discovery:discover_packages(colcon_meta) check parameters
[0.333s] Level 1:colcon.colcon_core.package_discovery:discover_packages(recursive) check parameters
[0.333s] Level 1:colcon.colcon_core.package_discovery:discover_packages(ignore) check parameters
[0.333s] Level 1:colcon.colcon_core.package_discovery:discover_packages(path) check parameters
[0.333s] Level 1:colcon.colcon_core.package_discovery:discover_packages(colcon_meta) discover
[0.333s] Level 1:colcon.colcon_core.package_discovery:discover_packages(recursive) discover
[0.333s] INFO:colcon.colcon_core.package_discovery:Crawling recursively for packages in '/home/cat/WorkSpace/Learning/ROS2/Code/chapt3/topic_practice_ws'
[0.333s] Level 1:colcon.colcon_core.package_identification:_identify(.) by extensions ['ignore', 'ignore_ament_install']
[0.334s] Level 1:colcon.colcon_core.package_identification:_identify(.) by extension 'ignore'
[0.334s] Level 1:colcon.colcon_core.package_identification:_identify(.) by extension 'ignore_ament_install'
[0.334s] Level 1:colcon.colcon_core.package_identification:_identify(.) by extensions ['colcon_pkg']
[0.334s] Level 1:colcon.colcon_core.package_identification:_identify(.) by extension 'colcon_pkg'
[0.334s] Level 1:colcon.colcon_core.package_identification:_identify(.) by extensions ['colcon_meta']
[0.334s] Level 1:colcon.colcon_core.package_identification:_identify(.) by extension 'colcon_meta'
[0.334s] Level 1:colcon.colcon_core.package_identification:_identify(.) by extensions ['ros']
[0.334s] Level 1:colcon.colcon_core.package_identification:_identify(.) by extension 'ros'
[0.348s] Level 1:colcon.colcon_core.package_identification:_identify(.) by extensions ['cmake', 'python']
[0.348s] Level 1:colcon.colcon_core.package_identification:_identify(.) by extension 'cmake'
[0.348s] Level 1:colcon.colcon_core.package_identification:_identify(.) by extension 'python'
[0.348s] Level 1:colcon.colcon_core.package_identification:_identify(.) by extensions ['python_setup_py']
[0.348s] Level 1:colcon.colcon_core.package_identification:_identify(.) by extension 'python_setup_py'
[0.348s] Level 1:colcon.colcon_core.package_identification:_identify(build) by extensions ['ignore', 'ignore_ament_install']
[0.349s] Level 1:colcon.colcon_core.package_identification:_identify(build) by extension 'ignore'
[0.349s] Level 1:colcon.colcon_core.package_identification:_identify(build) ignored
[0.349s] Level 1:colcon.colcon_core.package_identification:_identify(install) by extensions ['ignore', 'ignore_ament_install']
[0.349s] Level 1:colcon.colcon_core.package_identification:_identify(install) by extension 'ignore'
[0.349s] Level 1:colcon.colcon_core.package_identification:_identify(install) ignored
[0.349s] Level 1:colcon.colcon_core.package_identification:_identify(log) by extensions ['ignore', 'ignore_ament_install']
[0.349s] Level 1:colcon.colcon_core.package_identification:_identify(log) by extension 'ignore'
[0.349s] Level 1:colcon.colcon_core.package_identification:_identify(log) ignored
[0.349s] Level 1:colcon.colcon_core.package_identification:_identify(src) by extensions ['ignore', 'ignore_ament_install']
[0.350s] Level 1:colcon.colcon_core.package_identification:_identify(src) by extension 'ignore'
[0.350s] Level 1:colcon.colcon_core.package_identification:_identify(src) by extension 'ignore_ament_install'
[0.350s] Level 1:colcon.colcon_core.package_identification:_identify(src) by extensions ['colcon_pkg']
[0.350s] Level 1:colcon.colcon_core.package_identification:_identify(src) by extension 'colcon_pkg'
[0.350s] Level 1:colcon.colcon_core.package_identification:_identify(src) by extensions ['colcon_meta']
[0.350s] Level 1:colcon.colcon_core.package_identification:_identify(src) by extension 'colcon_meta'
[0.350s] Level 1:colcon.colcon_core.package_identification:_identify(src) by extensions ['ros']
[0.350s] Level 1:colcon.colcon_core.package_identification:_identify(src) by extension 'ros'
[0.350s] Level 1:colcon.colcon_core.package_identification:_identify(src) by extensions ['cmake', 'python']
[0.350s] Level 1:colcon.colcon_core.package_identification:_identify(src) by extension 'cmake'
[0.350s] Level 1:colcon.colcon_core.package_identification:_identify(src) by extension 'python'
[0.350s] Level 1:colcon.colcon_core.package_identification:_identify(src) by extensions ['python_setup_py']
[0.350s] Level 1:colcon.colcon_core.package_identification:_identify(src) by extension 'python_setup_py'
[0.350s] Level 1:colcon.colcon_core.package_identification:_identify(src/status_interfaces) by extensions ['ignore', 'ignore_ament_install']
[0.350s] Level 1:colcon.colcon_core.package_identification:_identify(src/status_interfaces) by extension 'ignore'
[0.350s] Level 1:colcon.colcon_core.package_identification:_identify(src/status_interfaces) by extension 'ignore_ament_install'
[0.351s] Level 1:colcon.colcon_core.package_identification:_identify(src/status_interfaces) by extensions ['colcon_pkg']
[0.351s] Level 1:colcon.colcon_core.package_identification:_identify(src/status_interfaces) by extension 'colcon_pkg'
[0.351s] Level 1:colcon.colcon_core.package_identification:_identify(src/status_interfaces) by extensions ['colcon_meta']
[0.351s] Level 1:colcon.colcon_core.package_identification:_identify(src/status_interfaces) by extension 'colcon_meta'
[0.351s] Level 1:colcon.colcon_core.package_identification:_identify(src/status_interfaces) by extensions ['ros']
[0.351s] Level 1:colcon.colcon_core.package_identification:_identify(src/status_interfaces) by extension 'ros'
[0.355s] DEBUG:colcon.colcon_core.package_identification:Package 'src/status_interfaces' with type 'ros.ament_cmake' and name 'status_interfaces'
[0.355s] Level 1:colcon.colcon_core.package_identification:_identify(src/status_publisher) by extensions ['ignore', 'ignore_ament_install']
[0.355s] Level 1:colcon.colcon_core.package_identification:_identify(src/status_publisher) by extension 'ignore'
[0.356s] Level 1:colcon.colcon_core.package_identification:_identify(src/status_publisher) by extension 'ignore_ament_install'
[0.356s] Level 1:colcon.colcon_core.package_identification:_identify(src/status_publisher) by extensions ['colcon_pkg']
[0.356s] Level 1:colcon.colcon_core.package_identification:_identify(src/status_publisher) by extension 'colcon_pkg'
[0.356s] Level 1:colcon.colcon_core.package_identification:_identify(src/status_publisher) by extensions ['colcon_meta']
[0.356s] Level 1:colcon.colcon_core.package_identification:_identify(src/status_publisher) by extension 'colcon_meta'
[0.356s] Level 1:colcon.colcon_core.package_identification:_identify(src/status_publisher) by extensions ['ros']
[0.356s] Level 1:colcon.colcon_core.package_identification:_identify(src/status_publisher) by extension 'ros'
[0.357s] DEBUG:colcon.colcon_core.package_identification:Package 'src/status_publisher' with type 'ros.ament_python' and name 'status_publisher'
[0.357s] Level 1:colcon.colcon_core.package_discovery:discover_packages(recursive) using defaults
[0.357s] Level 1:colcon.colcon_core.package_discovery:discover_packages(ignore) discover
[0.357s] Level 1:colcon.colcon_core.package_discovery:discover_packages(ignore) using defaults
[0.357s] Level 1:colcon.colcon_core.package_discovery:discover_packages(path) discover
[0.357s] Level 1:colcon.colcon_core.package_discovery:discover_packages(path) using defaults
[0.380s] Level 1:colcon.colcon_core.package_discovery:discover_packages(prefix_path) check parameters
[0.380s] Level 1:colcon.colcon_core.package_discovery:discover_packages(prefix_path) discover
[0.382s] DEBUG:colcon.colcon_installed_package_information.package_discovery:Found 1 installed packages in /home/cat/WorkSpace/Learning/ROS2/Code/chapt3/topic_practice_ws/install
[0.383s] DEBUG:colcon.colcon_installed_package_information.package_discovery:Found 270 installed packages in /opt/ros/humble
[0.385s] Level 1:colcon.colcon_core.package_discovery:discover_packages(prefix_path) using defaults
[0.445s] Level 5:colcon.colcon_core.verb:set package 'status_interfaces' build argument 'cmake_args' from command line to 'None'
[0.445s] Level 5:colcon.colcon_core.verb:set package 'status_interfaces' build argument 'cmake_target' from command line to 'None'
[0.445s] Level 5:colcon.colcon_core.verb:set package 'status_interfaces' build argument 'cmake_target_skip_unavailable' from command line to 'False'
[0.445s] Level 5:colcon.colcon_core.verb:set package 'status_interfaces' build argument 'cmake_clean_cache' from command line to 'False'
[0.445s] Level 5:colcon.colcon_core.verb:set package 'status_interfaces' build argument 'cmake_clean_first' from command line to 'False'
[0.445s] Level 5:colcon.colcon_core.verb:set package 'status_interfaces' build argument 'cmake_force_configure' from command line to 'False'
[0.445s] Level 5:colcon.colcon_core.verb:set package 'status_interfaces' build argument 'ament_cmake_args' from command line to 'None'
[0.445s] Level 5:colcon.colcon_core.verb:set package 'status_interfaces' build argument 'catkin_cmake_args' from command line to 'None'
[0.445s] Level 5:colcon.colcon_core.verb:set package 'status_interfaces' build argument 'catkin_skip_building_tests' from command line to 'False'
[0.445s] DEBUG:colcon.colcon_core.verb:Building package 'status_interfaces' with the following arguments: {'ament_cmake_args': None, 'build_base': '/home/cat/WorkSpace/Learning/ROS2/Code/chapt3/topic_practice_ws/build/status_interfaces', 'catkin_cmake_args': None, 'catkin_skip_building_tests': False, 'cmake_args': None, 'cmake_clean_cache': False, 'cmake_clean_first': False, 'cmake_force_configure': False, 'cmake_target': None, 'cmake_target_skip_unavailable': False, 'install_base': '/home/cat/WorkSpace/Learning/ROS2/Code/chapt3/topic_practice_ws/install/status_interfaces', 'merge_install': False, 'path': '/home/cat/WorkSpace/Learning/ROS2/Code/chapt3/topic_practice_ws/src/status_interfaces', 'symlink_install': False, 'test_result_base': None}
[0.446s] Level 5:colcon.colcon_core.verb:set package 'status_publisher' build argument 'cmake_args' from command line to 'None'
[0.446s] Level 5:colcon.colcon_core.verb:set package 'status_publisher' build argument 'cmake_target' from command line to 'None'
[0.446s] Level 5:colcon.colcon_core.verb:set package 'status_publisher' build argument 'cmake_target_skip_unavailable' from command line to 'False'
[0.446s] Level 5:colcon.colcon_core.verb:set package 'status_publisher' build argument 'cmake_clean_cache' from command line to 'False'
[0.446s] Level 5:colcon.colcon_core.verb:set package 'status_publisher' build argument 'cmake_clean_first' from command line to 'False'
[0.446s] Level 5:colcon.colcon_core.verb:set package 'status_publisher' build argument 'cmake_force_configure' from command line to 'False'
[0.446s] Level 5:colcon.colcon_core.verb:set package 'status_publisher' build argument 'ament_cmake_args' from command line to 'None'
[0.446s] Level 5:colcon.colcon_core.verb:set package 'status_publisher' build argument 'catkin_cmake_args' from command line to 'None'
[0.446s] Level 5:colcon.colcon_core.verb:set package 'status_publisher' build argument 'catkin_skip_building_tests' from command line to 'False'
[0.446s] DEBUG:colcon.colcon_core.verb:Building package 'status_publisher' with the following arguments: {'ament_cmake_args': None, 'build_base': '/home/cat/WorkSpace/Learning/ROS2/Code/chapt3/topic_practice_ws/build/status_publisher', 'catkin_cmake_args': None, 'catkin_skip_building_tests': False, 'cmake_args': None, 'cmake_clean_cache': False, 'cmake_clean_first': False, 'cmake_force_configure': False, 'cmake_target': None, 'cmake_target_skip_unavailable': False, 'install_base': '/home/cat/WorkSpace/Learning/ROS2/Code/chapt3/topic_practice_ws/install/status_publisher', 'merge_install': False, 'path': '/home/cat/WorkSpace/Learning/ROS2/Code/chapt3/topic_practice_ws/src/status_publisher', 'symlink_install': False, 'test_result_base': None}
[0.446s] INFO:colcon.colcon_core.executor:Executing jobs using 'parallel' executor
[0.448s] DEBUG:colcon.colcon_parallel_executor.executor.parallel:run_until_complete
[0.448s] INFO:colcon.colcon_ros.task.ament_cmake.build:Building ROS package in '/home/cat/WorkSpace/Learning/ROS2/Code/chapt3/topic_practice_ws/src/status_interfaces' with build type 'ament_cmake'
[0.448s] INFO:colcon.colcon_cmake.task.cmake.build:Building CMake package in '/home/cat/WorkSpace/Learning/ROS2/Code/chapt3/topic_practice_ws/src/status_interfaces'
[0.451s] INFO:colcon.colcon_core.plugin_system:Skipping extension 'colcon_core.shell.bat': Not used on non-Windows systems
[0.451s] INFO:colcon.colcon_core.shell:Skip shell extension 'powershell' for command environment: Not usable outside of PowerShell
[0.452s] DEBUG:colcon.colcon_core.shell:Skip shell extension 'dsv' for command environment
[0.466s] DEBUG:colcon.colcon_core.event_handler.log_command:Invoking command in '/home/cat/WorkSpace/Learning/ROS2/Code/chapt3/topic_practice_ws/build/status_interfaces': CMAKE_PREFIX_PATH=${CMAKE_PREFIX_PATH}:/opt/ros/humble /usr/bin/cmake --build /home/cat/WorkSpace/Learning/ROS2/Code/chapt3/topic_practice_ws/build/status_interfaces -- -j8 -l8
[1.062s] DEBUG:colcon.colcon_core.event_handler.log_command:Invoked command in '/home/cat/WorkSpace/Learning/ROS2/Code/chapt3/topic_practice_ws/build/status_interfaces' returned '0': CMAKE_PREFIX_PATH=${CMAKE_PREFIX_PATH}:/opt/ros/humble /usr/bin/cmake --build /home/cat/WorkSpace/Learning/ROS2/Code/chapt3/topic_practice_ws/build/status_interfaces -- -j8 -l8
[1.162s] DEBUG:colcon.colcon_core.event_handler.log_command:Invoking command in '/home/cat/WorkSpace/Learning/ROS2/Code/chapt3/topic_practice_ws/build/status_interfaces': CMAKE_PREFIX_PATH=${CMAKE_PREFIX_PATH}:/opt/ros/humble /usr/bin/cmake --install /home/cat/WorkSpace/Learning/ROS2/Code/chapt3/topic_practice_ws/build/status_interfaces
[1.247s] Level 1:colcon.colcon_core.environment:create_environment_scripts_only(status_interfaces)
[1.249s] DEBUG:colcon.colcon_core.event_handler.log_command:Invoked command in '/home/cat/WorkSpace/Learning/ROS2/Code/chapt3/topic_practice_ws/build/status_interfaces' returned '0': CMAKE_PREFIX_PATH=${CMAKE_PREFIX_PATH}:/opt/ros/humble /usr/bin/cmake --install /home/cat/WorkSpace/Learning/ROS2/Code/chapt3/topic_practice_ws/build/status_interfaces
[1.256s] Level 1:colcon.colcon_core.environment:checking '/home/cat/WorkSpace/Learning/ROS2/Code/chapt3/topic_practice_ws/install/status_interfaces' for CMake module files
[1.257s] Level 1:colcon.colcon_core.environment:checking '/home/cat/WorkSpace/Learning/ROS2/Code/chapt3/topic_practice_ws/install/status_interfaces' for CMake config files
[1.258s] Level 1:colcon.colcon_core.shell:create_environment_hook('status_interfaces', 'cmake_prefix_path')
[1.258s] INFO:colcon.colcon_core.shell:Creating environment hook '/home/cat/WorkSpace/Learning/ROS2/Code/chapt3/topic_practice_ws/install/status_interfaces/share/status_interfaces/hook/cmake_prefix_path.ps1'
[1.259s] INFO:colcon.colcon_core.shell:Creating environment descriptor '/home/cat/WorkSpace/Learning/ROS2/Code/chapt3/topic_practice_ws/install/status_interfaces/share/status_interfaces/hook/cmake_prefix_path.dsv'
[1.260s] INFO:colcon.colcon_core.shell:Creating environment hook '/home/cat/WorkSpace/Learning/ROS2/Code/chapt3/topic_practice_ws/install/status_interfaces/share/status_interfaces/hook/cmake_prefix_path.sh'
[1.262s] Level 1:colcon.colcon_core.environment:checking '/home/cat/WorkSpace/Learning/ROS2/Code/chapt3/topic_practice_ws/install/status_interfaces/lib'
[1.262s] Level 1:colcon.colcon_core.shell:create_environment_hook('status_interfaces', 'ld_library_path_lib')
[1.263s] INFO:colcon.colcon_core.shell:Creating environment hook '/home/cat/WorkSpace/Learning/ROS2/Code/chapt3/topic_practice_ws/install/status_interfaces/share/status_interfaces/hook/ld_library_path_lib.ps1'
[1.264s] INFO:colcon.colcon_core.shell:Creating environment descriptor '/home/cat/WorkSpace/Learning/ROS2/Code/chapt3/topic_practice_ws/install/status_interfaces/share/status_interfaces/hook/ld_library_path_lib.dsv'
[1.265s] INFO:colcon.colcon_core.shell:Creating environment hook '/home/cat/WorkSpace/Learning/ROS2/Code/chapt3/topic_practice_ws/install/status_interfaces/share/status_interfaces/hook/ld_library_path_lib.sh'
[1.266s] Level 1:colcon.colcon_core.environment:checking '/home/cat/WorkSpace/Learning/ROS2/Code/chapt3/topic_practice_ws/install/status_interfaces/bin'
[1.267s] Level 1:colcon.colcon_core.environment:checking '/home/cat/WorkSpace/Learning/ROS2/Code/chapt3/topic_practice_ws/install/status_interfaces/lib/pkgconfig/status_interfaces.pc'
[1.267s] Level 1:colcon.colcon_core.environment:checking '/home/cat/WorkSpace/Learning/ROS2/Code/chapt3/topic_practice_ws/install/status_interfaces/lib/python3.10/site-packages'
[1.269s] Level 1:colcon.colcon_core.environment:checking '/home/cat/WorkSpace/Learning/ROS2/Code/chapt3/topic_practice_ws/install/status_interfaces/bin'
[1.271s] INFO:colcon.colcon_core.shell:Creating package script '/home/cat/WorkSpace/Learning/ROS2/Code/chapt3/topic_practice_ws/install/status_interfaces/share/status_interfaces/package.ps1'
[1.274s] INFO:colcon.colcon_core.shell:Creating package descriptor '/home/cat/WorkSpace/Learning/ROS2/Code/chapt3/topic_practice_ws/install/status_interfaces/share/status_interfaces/package.dsv'
[1.276s] INFO:colcon.colcon_core.shell:Creating package script '/home/cat/WorkSpace/Learning/ROS2/Code/chapt3/topic_practice_ws/install/status_interfaces/share/status_interfaces/package.sh'
[1.278s] INFO:colcon.colcon_core.shell:Creating package script '/home/cat/WorkSpace/Learning/ROS2/Code/chapt3/topic_practice_ws/install/status_interfaces/share/status_interfaces/package.bash'
[1.280s] INFO:colcon.colcon_core.shell:Creating package script '/home/cat/WorkSpace/Learning/ROS2/Code/chapt3/topic_practice_ws/install/status_interfaces/share/status_interfaces/package.zsh'
[1.282s] Level 1:colcon.colcon_core.environment:create_file_with_runtime_dependencies(/home/cat/WorkSpace/Learning/ROS2/Code/chapt3/topic_practice_ws/install/status_interfaces/share/colcon-core/packages/status_interfaces)
[1.430s] Level 1:colcon.colcon_core.environment:create_environment_scripts_only(status_interfaces)
[1.430s] Level 1:colcon.colcon_core.environment:checking '/home/cat/WorkSpace/Learning/ROS2/Code/chapt3/topic_practice_ws/install/status_interfaces' for CMake module files
[1.431s] Level 1:colcon.colcon_core.environment:checking '/home/cat/WorkSpace/Learning/ROS2/Code/chapt3/topic_practice_ws/install/status_interfaces' for CMake config files
[1.431s] Level 1:colcon.colcon_core.shell:create_environment_hook('status_interfaces', 'cmake_prefix_path')
[1.432s] INFO:colcon.colcon_core.shell:Creating environment hook '/home/cat/WorkSpace/Learning/ROS2/Code/chapt3/topic_practice_ws/install/status_interfaces/share/status_interfaces/hook/cmake_prefix_path.ps1'
[1.432s] INFO:colcon.colcon_core.shell:Creating environment descriptor '/home/cat/WorkSpace/Learning/ROS2/Code/chapt3/topic_practice_ws/install/status_interfaces/share/status_interfaces/hook/cmake_prefix_path.dsv'
[1.433s] INFO:colcon.colcon_core.shell:Creating environment hook '/home/cat/WorkSpace/Learning/ROS2/Code/chapt3/topic_practice_ws/install/status_interfaces/share/status_interfaces/hook/cmake_prefix_path.sh'
[1.434s] Level 1:colcon.colcon_core.environment:checking '/home/cat/WorkSpace/Learning/ROS2/Code/chapt3/topic_practice_ws/install/status_interfaces/lib'
[1.434s] Level 1:colcon.colcon_core.shell:create_environment_hook('status_interfaces', 'ld_library_path_lib')
[1.434s] INFO:colcon.colcon_core.shell:Creating environment hook '/home/cat/WorkSpace/Learning/ROS2/Code/chapt3/topic_practice_ws/install/status_interfaces/share/status_interfaces/hook/ld_library_path_lib.ps1'
[1.435s] INFO:colcon.colcon_core.shell:Creating environment descriptor '/home/cat/WorkSpace/Learning/ROS2/Code/chapt3/topic_practice_ws/install/status_interfaces/share/status_interfaces/hook/ld_library_path_lib.dsv'
[1.437s] INFO:colcon.colcon_core.shell:Creating environment hook '/home/cat/WorkSpace/Learning/ROS2/Code/chapt3/topic_practice_ws/install/status_interfaces/share/status_interfaces/hook/ld_library_path_lib.sh'
[1.438s] Level 1:colcon.colcon_core.environment:checking '/home/cat/WorkSpace/Learning/ROS2/Code/chapt3/topic_practice_ws/install/status_interfaces/bin'
[1.439s] Level 1:colcon.colcon_core.environment:checking '/home/cat/WorkSpace/Learning/ROS2/Code/chapt3/topic_practice_ws/install/status_interfaces/lib/pkgconfig/status_interfaces.pc'
[1.439s] Level 1:colcon.colcon_core.environment:checking '/home/cat/WorkSpace/Learning/ROS2/Code/chapt3/topic_practice_ws/install/status_interfaces/lib/python3.10/site-packages'
[1.439s] Level 1:colcon.colcon_core.environment:checking '/home/cat/WorkSpace/Learning/ROS2/Code/chapt3/topic_practice_ws/install/status_interfaces/bin'
[1.440s] INFO:colcon.colcon_core.shell:Creating package script '/home/cat/WorkSpace/Learning/ROS2/Code/chapt3/topic_practice_ws/install/status_interfaces/share/status_interfaces/package.ps1'
[1.440s] INFO:colcon.colcon_core.shell:Creating package descriptor '/home/cat/WorkSpace/Learning/ROS2/Code/chapt3/topic_practice_ws/install/status_interfaces/share/status_interfaces/package.dsv'
[1.441s] INFO:colcon.colcon_core.shell:Creating package script '/home/cat/WorkSpace/Learning/ROS2/Code/chapt3/topic_practice_ws/install/status_interfaces/share/status_interfaces/package.sh'
[1.442s] INFO:colcon.colcon_core.shell:Creating package script '/home/cat/WorkSpace/Learning/ROS2/Code/chapt3/topic_practice_ws/install/status_interfaces/share/status_interfaces/package.bash'
[1.443s] INFO:colcon.colcon_core.shell:Creating package script '/home/cat/WorkSpace/Learning/ROS2/Code/chapt3/topic_practice_ws/install/status_interfaces/share/status_interfaces/package.zsh'
[1.443s] Level 1:colcon.colcon_core.environment:create_file_with_runtime_dependencies(/home/cat/WorkSpace/Learning/ROS2/Code/chapt3/topic_practice_ws/install/status_interfaces/share/colcon-core/packages/status_interfaces)
[1.444s] INFO:colcon.colcon_ros.task.ament_python.build:Building ROS package in '/home/cat/WorkSpace/Learning/ROS2/Code/chapt3/topic_practice_ws/src/status_publisher' with build type 'ament_python'
[1.444s] Level 1:colcon.colcon_core.shell:create_environment_hook('status_publisher', 'ament_prefix_path')
[1.445s] INFO:colcon.colcon_core.shell:Creating environment hook '/home/cat/WorkSpace/Learning/ROS2/Code/chapt3/topic_practice_ws/install/status_publisher/share/status_publisher/hook/ament_prefix_path.ps1'
[1.446s] INFO:colcon.colcon_core.shell:Creating environment descriptor '/home/cat/WorkSpace/Learning/ROS2/Code/chapt3/topic_practice_ws/install/status_publisher/share/status_publisher/hook/ament_prefix_path.dsv'
[1.447s] INFO:colcon.colcon_core.shell:Creating environment hook '/home/cat/WorkSpace/Learning/ROS2/Code/chapt3/topic_practice_ws/install/status_publisher/share/status_publisher/hook/ament_prefix_path.sh'
[1.447s] INFO:colcon.colcon_core.shell:Skip shell extension 'powershell' for command environment: Not usable outside of PowerShell
[1.447s] DEBUG:colcon.colcon_core.shell:Skip shell extension 'dsv' for command environment
[1.844s] INFO:colcon.colcon_core.task.python.build:Building Python package in '/home/cat/WorkSpace/Learning/ROS2/Code/chapt3/topic_practice_ws/src/status_publisher'
[1.845s] INFO:colcon.colcon_core.shell:Skip shell extension 'powershell' for command environment: Not usable outside of PowerShell
[1.845s] DEBUG:colcon.colcon_core.shell:Skip shell extension 'dsv' for command environment
[2.499s] DEBUG:colcon.colcon_core.event_handler.log_command:Invoking command in '/home/cat/WorkSpace/Learning/ROS2/Code/chapt3/topic_practice_ws/src/status_publisher': PYTHONPATH=/home/cat/WorkSpace/Learning/ROS2/Code/chapt3/topic_practice_ws/build/status_publisher/prefix_override:/usr/lib/python3/dist-packages/colcon_core/task/python/colcon_distutils_commands:/home/cat/WorkSpace/Learning/ROS2/Code/chapt3/topic_practice_ws/install/status_publisher/lib/python3.10/site-packages:${PYTHONPATH} /usr/bin/python3 -W ignore:setup.py install is deprecated setup.py egg_info --egg-base ../../build/status_publisher build --build-base /home/cat/WorkSpace/Learning/ROS2/Code/chapt3/topic_practice_ws/build/status_publisher/build install --record /home/cat/WorkSpace/Learning/ROS2/Code/chapt3/topic_practice_ws/build/status_publisher/install.log --single-version-externally-managed install_data
[2.941s] Level 1:colcon.colcon_core.environment:checking '/home/cat/WorkSpace/Learning/ROS2/Code/chapt3/topic_practice_ws/install/status_publisher' for CMake module files
[2.943s] DEBUG:colcon.colcon_core.event_handler.log_command:Invoked command in '/home/cat/WorkSpace/Learning/ROS2/Code/chapt3/topic_practice_ws/src/status_publisher' returned '0': PYTHONPATH=/home/cat/WorkSpace/Learning/ROS2/Code/chapt3/topic_practice_ws/build/status_publisher/prefix_override:/usr/lib/python3/dist-packages/colcon_core/task/python/colcon_distutils_commands:/home/cat/WorkSpace/Learning/ROS2/Code/chapt3/topic_practice_ws/install/status_publisher/lib/python3.10/site-packages:${PYTHONPATH} /usr/bin/python3 -W ignore:setup.py install is deprecated setup.py egg_info --egg-base ../../build/status_publisher build --build-base /home/cat/WorkSpace/Learning/ROS2/Code/chapt3/topic_practice_ws/build/status_publisher/build install --record /home/cat/WorkSpace/Learning/ROS2/Code/chapt3/topic_practice_ws/build/status_publisher/install.log --single-version-externally-managed install_data
[2.944s] Level 1:colcon.colcon_core.environment:checking '/home/cat/WorkSpace/Learning/ROS2/Code/chapt3/topic_practice_ws/install/status_publisher' for CMake config files
[2.945s] Level 1:colcon.colcon_core.environment:checking '/home/cat/WorkSpace/Learning/ROS2/Code/chapt3/topic_practice_ws/install/status_publisher/lib'
[2.945s] Level 1:colcon.colcon_core.environment:checking '/home/cat/WorkSpace/Learning/ROS2/Code/chapt3/topic_practice_ws/install/status_publisher/bin'
[2.945s] Level 1:colcon.colcon_core.environment:checking '/home/cat/WorkSpace/Learning/ROS2/Code/chapt3/topic_practice_ws/install/status_publisher/lib/pkgconfig/status_publisher.pc'
[2.945s] Level 1:colcon.colcon_core.environment:checking '/home/cat/WorkSpace/Learning/ROS2/Code/chapt3/topic_practice_ws/install/status_publisher/lib/python3.10/site-packages'
[2.946s] Level 1:colcon.colcon_core.shell:create_environment_hook('status_publisher', 'pythonpath')
[2.946s] INFO:colcon.colcon_core.shell:Creating environment hook '/home/cat/WorkSpace/Learning/ROS2/Code/chapt3/topic_practice_ws/install/status_publisher/share/status_publisher/hook/pythonpath.ps1'
[2.947s] INFO:colcon.colcon_core.shell:Creating environment descriptor '/home/cat/WorkSpace/Learning/ROS2/Code/chapt3/topic_practice_ws/install/status_publisher/share/status_publisher/hook/pythonpath.dsv'
[2.947s] INFO:colcon.colcon_core.shell:Creating environment hook '/home/cat/WorkSpace/Learning/ROS2/Code/chapt3/topic_practice_ws/install/status_publisher/share/status_publisher/hook/pythonpath.sh'
[2.948s] Level 1:colcon.colcon_core.environment:checking '/home/cat/WorkSpace/Learning/ROS2/Code/chapt3/topic_practice_ws/install/status_publisher/bin'
[2.948s] Level 1:colcon.colcon_core.environment:create_environment_scripts_only(status_publisher)
[2.949s] INFO:colcon.colcon_core.shell:Creating package script '/home/cat/WorkSpace/Learning/ROS2/Code/chapt3/topic_practice_ws/install/status_publisher/share/status_publisher/package.ps1'
[2.949s] INFO:colcon.colcon_core.shell:Creating package descriptor '/home/cat/WorkSpace/Learning/ROS2/Code/chapt3/topic_practice_ws/install/status_publisher/share/status_publisher/package.dsv'
[2.950s] INFO:colcon.colcon_core.shell:Creating package script '/home/cat/WorkSpace/Learning/ROS2/Code/chapt3/topic_practice_ws/install/status_publisher/share/status_publisher/package.sh'
[2.951s] INFO:colcon.colcon_core.shell:Creating package script '/home/cat/WorkSpace/Learning/ROS2/Code/chapt3/topic_practice_ws/install/status_publisher/share/status_publisher/package.bash'
[2.951s] INFO:colcon.colcon_core.shell:Creating package script '/home/cat/WorkSpace/Learning/ROS2/Code/chapt3/topic_practice_ws/install/status_publisher/share/status_publisher/package.zsh'
[2.952s] Level 1:colcon.colcon_core.environment:create_file_with_runtime_dependencies(/home/cat/WorkSpace/Learning/ROS2/Code/chapt3/topic_practice_ws/install/status_publisher/share/colcon-core/packages/status_publisher)
[2.954s] DEBUG:colcon.colcon_parallel_executor.executor.parallel:closing loop
[2.955s] DEBUG:colcon.colcon_parallel_executor.executor.parallel:loop closed
[2.955s] DEBUG:colcon.colcon_parallel_executor.executor.parallel:run_until_complete finished with '0'
[2.956s] DEBUG:colcon.colcon_core.event_reactor:joining thread
[2.964s] INFO:colcon.colcon_core.plugin_system:Skipping extension 'colcon_notification.desktop_notification.terminal_notifier': Not used on non-Darwin systems
[2.965s] INFO:colcon.colcon_core.plugin_system:Skipping extension 'colcon_notification.desktop_notification.win32': Not used on non-Windows systems
[2.965s] INFO:colcon.colcon_notification.desktop_notification:Sending desktop notification using 'notify2'
[2.989s] DEBUG:colcon.colcon_core.event_reactor:joined thread
[2.989s] INFO:colcon.colcon_core.shell:Creating prefix script '/home/cat/WorkSpace/Learning/ROS2/Code/chapt3/topic_practice_ws/install/local_setup.ps1'
[2.991s] INFO:colcon.colcon_core.shell:Creating prefix util module '/home/cat/WorkSpace/Learning/ROS2/Code/chapt3/topic_practice_ws/install/_local_setup_util_ps1.py'
[2.996s] INFO:colcon.colcon_core.shell:Creating prefix chain script '/home/cat/WorkSpace/Learning/ROS2/Code/chapt3/topic_practice_ws/install/setup.ps1'
[3.001s] INFO:colcon.colcon_core.shell:Creating prefix script '/home/cat/WorkSpace/Learning/ROS2/Code/chapt3/topic_practice_ws/install/local_setup.sh'
[3.004s] INFO:colcon.colcon_core.shell:Creating prefix util module '/home/cat/WorkSpace/Learning/ROS2/Code/chapt3/topic_practice_ws/install/_local_setup_util_sh.py'
[3.007s] INFO:colcon.colcon_core.shell:Creating prefix chain script '/home/cat/WorkSpace/Learning/ROS2/Code/chapt3/topic_practice_ws/install/setup.sh'
[3.012s] INFO:colcon.colcon_core.shell:Creating prefix script '/home/cat/WorkSpace/Learning/ROS2/Code/chapt3/topic_practice_ws/install/local_setup.bash'
[3.015s] INFO:colcon.colcon_core.shell:Creating prefix chain script '/home/cat/WorkSpace/Learning/ROS2/Code/chapt3/topic_practice_ws/install/setup.bash'
[3.020s] INFO:colcon.colcon_core.shell:Creating prefix script '/home/cat/WorkSpace/Learning/ROS2/Code/chapt3/topic_practice_ws/install/local_setup.zsh'
[3.024s] INFO:colcon.colcon_core.shell:Creating prefix chain script '/home/cat/WorkSpace/Learning/ROS2/Code/chapt3/topic_practice_ws/install/setup.zsh'
