[0.017s] Invoking command in '/home/cat/WorkSpace/Code/ROS2/chapt2/chapt2_ws/build/demo_cpp_pkg': CMAKE_PREFIX_PATH=${CMAKE_PREFIX_PATH}:/home/cat/WorkSpace/Code/ROS2/chapt2/chapt2_/install/demo_python_node:/opt/ros/humble /usr/bin/cmake /home/cat/WorkSpace/Code/ROS2/chapt2/chapt2_ws/src/demo_cpp_pkg -DCMAKE_INSTALL_PREFIX=/home/cat/WorkSpace/Code/ROS2/chapt2/chapt2_ws/install/demo_cpp_pkg
[0.072s] -- The C compiler identification is GNU 11.4.0
[0.128s] -- The CXX compiler identification is GNU 11.4.0
[0.136s] -- Detecting C compiler ABI info
[0.212s] -- Detecting C compiler ABI info - done
[0.218s] -- Check for working C compiler: /usr/bin/cc - skipped
[0.219s] -- Detecting C compile features
[0.219s] -- Detecting C compile features - done
[0.221s] -- Detecting CXX compiler ABI info
[0.307s] -- Detecting CXX compiler ABI info - done
[0.313s] -- Check for working CXX compiler: /usr/bin/c++ - skipped
[0.313s] -- Detecting CXX compile features
[0.314s] -- Detecting CXX compile features - done
[0.316s] -- Found ament_cmake: 1.3.10 (/opt/ros/humble/share/ament_cmake/cmake)
[0.454s] -- Found Python3: /usr/bin/python3 (found version "3.10.12") found components: Interpreter 
[0.531s] -- Found rclcpp: 16.0.10 (/opt/ros/humble/share/rclcpp/cmake)
[0.565s] -- Found rosidl_generator_c: 3.1.5 (/opt/ros/humble/share/rosidl_generator_c/cmake)
[0.569s] -- Found rosidl_adapter: 3.1.5 (/opt/ros/humble/share/rosidl_adapter/cmake)
[0.576s] -- Found rosidl_generator_cpp: 3.1.5 (/opt/ros/humble/share/rosidl_generator_cpp/cmake)
[0.586s] -- Using all available rosidl_typesupport_c: rosidl_typesupport_fastrtps_c;rosidl_typesupport_introspection_c
[0.598s] -- Using all available rosidl_typesupport_cpp: rosidl_typesupport_fastrtps_cpp;rosidl_typesupport_introspection_cpp
[0.640s] -- Found rmw_implementation_cmake: 6.1.2 (/opt/ros/humble/share/rmw_implementation_cmake/cmake)
[0.642s] -- Found rmw_fastrtps_cpp: 6.2.7 (/opt/ros/humble/share/rmw_fastrtps_cpp/cmake)
[0.753s] -- Found OpenSSL: /usr/lib/x86_64-linux-gnu/libcrypto.so (found version "3.0.2")  
[0.782s] -- Found FastRTPS: /opt/ros/humble/include  
[0.824s] -- Using RMW implementation 'rmw_fastrtps_cpp' as default
[0.831s] -- Looking for pthread.h
[0.912s] -- Looking for pthread.h - found
[0.913s] -- Performing Test CMAKE_HAVE_LIBC_PTHREAD
[0.995s] -- Performing Test CMAKE_HAVE_LIBC_PTHREAD - Success
[0.996s] -- Found Threads: TRUE  
[1.039s] -- Found ament_lint_auto: 0.12.11 (/opt/ros/humble/share/ament_lint_auto/cmake)
[1.110s] -- Added test 'cppcheck' to perform static code analysis on C / C++ code
[1.110s] -- Configured cppcheck include dirs: 
[1.110s] -- Configured cppcheck exclude dirs and/or files: 
[1.113s] -- Added test 'lint_cmake' to check CMake code style
[1.120s] -- Added test 'uncrustify' to check C / C++ code style
[1.120s] -- Configured uncrustify additional arguments: 
[1.122s] -- Added test 'xmllint' to check XML markup files
[1.123s] -- Configuring done
[1.132s] -- Generating done
[1.134s] -- Build files have been written to: /home/cat/WorkSpace/Code/ROS2/chapt2/chapt2_ws/build/demo_cpp_pkg
[1.144s] Invoked command in '/home/cat/WorkSpace/Code/ROS2/chapt2/chapt2_ws/build/demo_cpp_pkg' returned '0': CMAKE_PREFIX_PATH=${CMAKE_PREFIX_PATH}:/home/cat/WorkSpace/Code/ROS2/chapt2/chapt2_/install/demo_python_node:/opt/ros/humble /usr/bin/cmake /home/cat/WorkSpace/Code/ROS2/chapt2/chapt2_ws/src/demo_cpp_pkg -DCMAKE_INSTALL_PREFIX=/home/cat/WorkSpace/Code/ROS2/chapt2/chapt2_ws/install/demo_cpp_pkg
[1.147s] Invoking command in '/home/cat/WorkSpace/Code/ROS2/chapt2/chapt2_ws/build/demo_cpp_pkg': CMAKE_PREFIX_PATH=${CMAKE_PREFIX_PATH}:/home/cat/WorkSpace/Code/ROS2/chapt2/chapt2_/install/demo_python_node:/opt/ros/humble /usr/bin/cmake --build /home/cat/WorkSpace/Code/ROS2/chapt2/chapt2_ws/build/demo_cpp_pkg -- -j16 -l16
[1.203s] [ 50%] [32mBuilding CXX object CMakeFiles/cpp_node.dir/src/cpp_node.cpp.o[0m
[3.771s] [100%] [32m[1mLinking CXX executable cpp_node[0m
[3.890s] [100%] Built target cpp_node
[3.903s] Invoked command in '/home/cat/WorkSpace/Code/ROS2/chapt2/chapt2_ws/build/demo_cpp_pkg' returned '0': CMAKE_PREFIX_PATH=${CMAKE_PREFIX_PATH}:/home/cat/WorkSpace/Code/ROS2/chapt2/chapt2_/install/demo_python_node:/opt/ros/humble /usr/bin/cmake --build /home/cat/WorkSpace/Code/ROS2/chapt2/chapt2_ws/build/demo_cpp_pkg -- -j16 -l16
[3.951s] Invoking command in '/home/cat/WorkSpace/Code/ROS2/chapt2/chapt2_ws/build/demo_cpp_pkg': CMAKE_PREFIX_PATH=${CMAKE_PREFIX_PATH}:/home/cat/WorkSpace/Code/ROS2/chapt2/chapt2_/install/demo_python_node:/opt/ros/humble /usr/bin/cmake --install /home/cat/WorkSpace/Code/ROS2/chapt2/chapt2_ws/build/demo_cpp_pkg
[3.960s] -- Install configuration: ""
[3.960s] -- Installing: /home/cat/WorkSpace/Code/ROS2/chapt2/chapt2_ws/install/demo_cpp_pkg/lib/demo_cpp_pkg/cpp_node
[3.960s] -- Set runtime path of "/home/cat/WorkSpace/Code/ROS2/chapt2/chapt2_ws/install/demo_cpp_pkg/lib/demo_cpp_pkg/cpp_node" to ""
[3.960s] -- Installing: /home/cat/WorkSpace/Code/ROS2/chapt2/chapt2_ws/install/demo_cpp_pkg/share/ament_index/resource_index/package_run_dependencies/demo_cpp_pkg
[3.961s] -- Installing: /home/cat/WorkSpace/Code/ROS2/chapt2/chapt2_ws/install/demo_cpp_pkg/share/ament_index/resource_index/parent_prefix_path/demo_cpp_pkg
[3.961s] -- Installing: /home/cat/WorkSpace/Code/ROS2/chapt2/chapt2_ws/install/demo_cpp_pkg/share/demo_cpp_pkg/environment/ament_prefix_path.sh
[3.961s] -- Installing: /home/cat/WorkSpace/Code/ROS2/chapt2/chapt2_ws/install/demo_cpp_pkg/share/demo_cpp_pkg/environment/ament_prefix_path.dsv
[3.961s] -- Installing: /home/cat/WorkSpace/Code/ROS2/chapt2/chapt2_ws/install/demo_cpp_pkg/share/demo_cpp_pkg/environment/path.sh
[3.961s] -- Installing: /home/cat/WorkSpace/Code/ROS2/chapt2/chapt2_ws/install/demo_cpp_pkg/share/demo_cpp_pkg/environment/path.dsv
[3.962s] -- Installing: /home/cat/WorkSpace/Code/ROS2/chapt2/chapt2_ws/install/demo_cpp_pkg/share/demo_cpp_pkg/local_setup.bash
[3.962s] -- Installing: /home/cat/WorkSpace/Code/ROS2/chapt2/chapt2_ws/install/demo_cpp_pkg/share/demo_cpp_pkg/local_setup.sh
[3.962s] -- Installing: /home/cat/WorkSpace/Code/ROS2/chapt2/chapt2_ws/install/demo_cpp_pkg/share/demo_cpp_pkg/local_setup.zsh
[3.962s] -- Installing: /home/cat/WorkSpace/Code/ROS2/chapt2/chapt2_ws/install/demo_cpp_pkg/share/demo_cpp_pkg/local_setup.dsv
[3.962s] -- Installing: /home/cat/WorkSpace/Code/ROS2/chapt2/chapt2_ws/install/demo_cpp_pkg/share/demo_cpp_pkg/package.dsv
[3.963s] -- Installing: /home/cat/WorkSpace/Code/ROS2/chapt2/chapt2_ws/install/demo_cpp_pkg/share/ament_index/resource_index/packages/demo_cpp_pkg
[3.963s] -- Installing: /home/cat/WorkSpace/Code/ROS2/chapt2/chapt2_ws/install/demo_cpp_pkg/share/demo_cpp_pkg/cmake/demo_cpp_pkgConfig.cmake
[3.963s] -- Installing: /home/cat/WorkSpace/Code/ROS2/chapt2/chapt2_ws/install/demo_cpp_pkg/share/demo_cpp_pkg/cmake/demo_cpp_pkgConfig-version.cmake
[3.963s] -- Installing: /home/cat/WorkSpace/Code/ROS2/chapt2/chapt2_ws/install/demo_cpp_pkg/share/demo_cpp_pkg/package.xml
[3.966s] Invoked command in '/home/cat/WorkSpace/Code/ROS2/chapt2/chapt2_ws/build/demo_cpp_pkg' returned '0': CMAKE_PREFIX_PATH=${CMAKE_PREFIX_PATH}:/home/cat/WorkSpace/Code/ROS2/chapt2/chapt2_/install/demo_python_node:/opt/ros/humble /usr/bin/cmake --install /home/cat/WorkSpace/Code/ROS2/chapt2/chapt2_ws/build/demo_cpp_pkg
