[0.014s] Invoking command in '/home/cat/WorkSpace/Learning/ROS2/Code/chapt4/build/chapt4_interfaces': CMAKE_PREFIX_PATH=${CMAKE_PREFIX_PATH}:/home/cat/WorkSpace/Learning/ROS2/Code/chapt4/install/demo_python_service:/opt/ros/humble /usr/bin/cmake --build /home/cat/WorkSpace/Learning/ROS2/Code/chapt4/build/chapt4_interfaces -- -j16 -l16
[0.076s] [  6%] Built target chapt4_interfaces__cpp
[0.077s] [ 12%] Built target chapt4_interfaces__rosidl_generator_c
[0.086s] [ 12%] Built target ament_cmake_python_copy_chapt4_interfaces
[0.105s] [ 32%] Built target chapt4_interfaces__rosidl_typesupport_introspection_cpp
[0.106s] [ 32%] Built target chapt4_interfaces__rosidl_typesupport_introspection_c
[0.106s] [ 58%] Built target chapt4_interfaces__rosidl_typesupport_cpp
[0.106s] [ 61%] Built target chapt4_interfaces__rosidl_typesupport_c
[0.106s] [ 61%] Built target chapt4_interfaces__rosidl_typesupport_fastrtps_cpp
[0.121s] [ 70%] Built target chapt4_interfaces__rosidl_typesupport_fastrtps_c
[0.148s] [ 70%] Built target chapt4_interfaces
[0.174s] [ 74%] Built target chapt4_interfaces__py
[0.202s] [ 80%] Built target chapt4_interfaces__rosidl_generator_py
[0.231s] [100%] Built target chapt4_interfaces__rosidl_typesupport_c__pyext
[0.231s] [100%] Built target chapt4_interfaces__rosidl_typesupport_fastrtps_c__pyext
[0.231s] [100%] Built target chapt4_interfaces__rosidl_typesupport_introspection_c__pyext
[0.316s] running egg_info
[0.316s] writing chapt4_interfaces.egg-info/PKG-INFO
[0.317s] writing dependency_links to chapt4_interfaces.egg-info/dependency_links.txt
[0.317s] writing top-level names to chapt4_interfaces.egg-info/top_level.txt
[0.319s] reading manifest file 'chapt4_interfaces.egg-info/SOURCES.txt'
[0.320s] writing manifest file 'chapt4_interfaces.egg-info/SOURCES.txt'
[0.352s] [100%] Built target ament_cmake_python_build_chapt4_interfaces_egg
[0.367s] Invoked command in '/home/cat/WorkSpace/Learning/ROS2/Code/chapt4/build/chapt4_interfaces' returned '0': CMAKE_PREFIX_PATH=${CMAKE_PREFIX_PATH}:/home/cat/WorkSpace/Learning/ROS2/Code/chapt4/install/demo_python_service:/opt/ros/humble /usr/bin/cmake --build /home/cat/WorkSpace/Learning/ROS2/Code/chapt4/build/chapt4_interfaces -- -j16 -l16
[0.470s] Invoking command in '/home/cat/WorkSpace/Learning/ROS2/Code/chapt4/build/chapt4_interfaces': CMAKE_PREFIX_PATH=${CMAKE_PREFIX_PATH}:/home/cat/WorkSpace/Learning/ROS2/Code/chapt4/install/demo_python_service:/opt/ros/humble /usr/bin/cmake --install /home/cat/WorkSpace/Learning/ROS2/Code/chapt4/build/chapt4_interfaces
[0.480s] -- Install configuration: ""
[0.480s] -- Up-to-date: /home/cat/WorkSpace/Learning/ROS2/Code/chapt4/install/chapt4_interfaces/share/ament_index/resource_index/rosidl_interfaces/chapt4_interfaces
[0.481s] -- Up-to-date: /home/cat/WorkSpace/Learning/ROS2/Code/chapt4/install/chapt4_interfaces/include/chapt4_interfaces/chapt4_interfaces
[0.481s] -- Up-to-date: /home/cat/WorkSpace/Learning/ROS2/Code/chapt4/install/chapt4_interfaces/include/chapt4_interfaces/chapt4_interfaces/msg
[0.481s] -- Up-to-date: /home/cat/WorkSpace/Learning/ROS2/Code/chapt4/install/chapt4_interfaces/include/chapt4_interfaces/chapt4_interfaces/msg/rosidl_generator_c__visibility_control.h
[0.481s] -- Up-to-date: /home/cat/WorkSpace/Learning/ROS2/Code/chapt4/install/chapt4_interfaces/include/chapt4_interfaces/chapt4_interfaces/srv
[0.481s] -- Up-to-date: /home/cat/WorkSpace/Learning/ROS2/Code/chapt4/install/chapt4_interfaces/include/chapt4_interfaces/chapt4_interfaces/srv/detail
[0.481s] -- Up-to-date: /home/cat/WorkSpace/Learning/ROS2/Code/chapt4/install/chapt4_interfaces/include/chapt4_interfaces/chapt4_interfaces/srv/detail/face_detector__struct.h
[0.481s] -- Up-to-date: /home/cat/WorkSpace/Learning/ROS2/Code/chapt4/install/chapt4_interfaces/include/chapt4_interfaces/chapt4_interfaces/srv/detail/face_detector__type_support.h
[0.481s] -- Up-to-date: /home/cat/WorkSpace/Learning/ROS2/Code/chapt4/install/chapt4_interfaces/include/chapt4_interfaces/chapt4_interfaces/srv/detail/face_detector__functions.c
[0.481s] -- Up-to-date: /home/cat/WorkSpace/Learning/ROS2/Code/chapt4/install/chapt4_interfaces/include/chapt4_interfaces/chapt4_interfaces/srv/detail/face_detector__functions.h
[0.481s] -- Up-to-date: /home/cat/WorkSpace/Learning/ROS2/Code/chapt4/install/chapt4_interfaces/include/chapt4_interfaces/chapt4_interfaces/srv/face_detector.h
[0.481s] -- Up-to-date: /home/cat/WorkSpace/Learning/ROS2/Code/chapt4/install/chapt4_interfaces/share/chapt4_interfaces/environment/library_path.sh
[0.482s] -- Up-to-date: /home/cat/WorkSpace/Learning/ROS2/Code/chapt4/install/chapt4_interfaces/share/chapt4_interfaces/environment/library_path.dsv
[0.482s] -- Up-to-date: /home/cat/WorkSpace/Learning/ROS2/Code/chapt4/install/chapt4_interfaces/lib/libchapt4_interfaces__rosidl_generator_c.so
[0.482s] -- Up-to-date: /home/cat/WorkSpace/Learning/ROS2/Code/chapt4/install/chapt4_interfaces/include/chapt4_interfaces/chapt4_interfaces
[0.482s] -- Up-to-date: /home/cat/WorkSpace/Learning/ROS2/Code/chapt4/install/chapt4_interfaces/include/chapt4_interfaces/chapt4_interfaces/msg
[0.482s] -- Up-to-date: /home/cat/WorkSpace/Learning/ROS2/Code/chapt4/install/chapt4_interfaces/include/chapt4_interfaces/chapt4_interfaces/msg/rosidl_typesupport_fastrtps_c__visibility_control.h
[0.482s] -- Up-to-date: /home/cat/WorkSpace/Learning/ROS2/Code/chapt4/install/chapt4_interfaces/include/chapt4_interfaces/chapt4_interfaces/srv
[0.482s] -- Up-to-date: /home/cat/WorkSpace/Learning/ROS2/Code/chapt4/install/chapt4_interfaces/include/chapt4_interfaces/chapt4_interfaces/srv/detail
[0.482s] -- Up-to-date: /home/cat/WorkSpace/Learning/ROS2/Code/chapt4/install/chapt4_interfaces/include/chapt4_interfaces/chapt4_interfaces/srv/detail/face_detector__rosidl_typesupport_fastrtps_c.h
[0.482s] -- Up-to-date: /home/cat/WorkSpace/Learning/ROS2/Code/chapt4/install/chapt4_interfaces/lib/libchapt4_interfaces__rosidl_typesupport_fastrtps_c.so
[0.482s] -- Up-to-date: /home/cat/WorkSpace/Learning/ROS2/Code/chapt4/install/chapt4_interfaces/include/chapt4_interfaces/chapt4_interfaces
[0.482s] -- Up-to-date: /home/cat/WorkSpace/Learning/ROS2/Code/chapt4/install/chapt4_interfaces/include/chapt4_interfaces/chapt4_interfaces/srv
[0.482s] -- Up-to-date: /home/cat/WorkSpace/Learning/ROS2/Code/chapt4/install/chapt4_interfaces/include/chapt4_interfaces/chapt4_interfaces/srv/detail
[0.482s] -- Up-to-date: /home/cat/WorkSpace/Learning/ROS2/Code/chapt4/install/chapt4_interfaces/include/chapt4_interfaces/chapt4_interfaces/srv/detail/face_detector__traits.hpp
[0.482s] -- Up-to-date: /home/cat/WorkSpace/Learning/ROS2/Code/chapt4/install/chapt4_interfaces/include/chapt4_interfaces/chapt4_interfaces/srv/detail/face_detector__struct.hpp
[0.483s] -- Up-to-date: /home/cat/WorkSpace/Learning/ROS2/Code/chapt4/install/chapt4_interfaces/include/chapt4_interfaces/chapt4_interfaces/srv/detail/face_detector__builder.hpp
[0.483s] -- Up-to-date: /home/cat/WorkSpace/Learning/ROS2/Code/chapt4/install/chapt4_interfaces/include/chapt4_interfaces/chapt4_interfaces/srv/face_detector.hpp
[0.483s] -- Up-to-date: /home/cat/WorkSpace/Learning/ROS2/Code/chapt4/install/chapt4_interfaces/include/chapt4_interfaces/chapt4_interfaces
[0.483s] -- Up-to-date: /home/cat/WorkSpace/Learning/ROS2/Code/chapt4/install/chapt4_interfaces/include/chapt4_interfaces/chapt4_interfaces/msg
[0.483s] -- Up-to-date: /home/cat/WorkSpace/Learning/ROS2/Code/chapt4/install/chapt4_interfaces/include/chapt4_interfaces/chapt4_interfaces/msg/rosidl_typesupport_fastrtps_cpp__visibility_control.h
[0.483s] -- Up-to-date: /home/cat/WorkSpace/Learning/ROS2/Code/chapt4/install/chapt4_interfaces/include/chapt4_interfaces/chapt4_interfaces/srv
[0.483s] -- Up-to-date: /home/cat/WorkSpace/Learning/ROS2/Code/chapt4/install/chapt4_interfaces/include/chapt4_interfaces/chapt4_interfaces/srv/detail
[0.483s] -- Up-to-date: /home/cat/WorkSpace/Learning/ROS2/Code/chapt4/install/chapt4_interfaces/include/chapt4_interfaces/chapt4_interfaces/srv/detail/dds_fastrtps
[0.483s] -- Up-to-date: /home/cat/WorkSpace/Learning/ROS2/Code/chapt4/install/chapt4_interfaces/include/chapt4_interfaces/chapt4_interfaces/srv/detail/face_detector__rosidl_typesupport_fastrtps_cpp.hpp
[0.483s] -- Up-to-date: /home/cat/WorkSpace/Learning/ROS2/Code/chapt4/install/chapt4_interfaces/lib/libchapt4_interfaces__rosidl_typesupport_fastrtps_cpp.so
[0.483s] -- Up-to-date: /home/cat/WorkSpace/Learning/ROS2/Code/chapt4/install/chapt4_interfaces/include/chapt4_interfaces/chapt4_interfaces
[0.484s] -- Up-to-date: /home/cat/WorkSpace/Learning/ROS2/Code/chapt4/install/chapt4_interfaces/include/chapt4_interfaces/chapt4_interfaces/msg
[0.484s] -- Up-to-date: /home/cat/WorkSpace/Learning/ROS2/Code/chapt4/install/chapt4_interfaces/include/chapt4_interfaces/chapt4_interfaces/msg/rosidl_typesupport_introspection_c__visibility_control.h
[0.484s] -- Up-to-date: /home/cat/WorkSpace/Learning/ROS2/Code/chapt4/install/chapt4_interfaces/include/chapt4_interfaces/chapt4_interfaces/srv
[0.484s] -- Up-to-date: /home/cat/WorkSpace/Learning/ROS2/Code/chapt4/install/chapt4_interfaces/include/chapt4_interfaces/chapt4_interfaces/srv/detail
[0.484s] -- Up-to-date: /home/cat/WorkSpace/Learning/ROS2/Code/chapt4/install/chapt4_interfaces/include/chapt4_interfaces/chapt4_interfaces/srv/detail/face_detector__rosidl_typesupport_introspection_c.h
[0.484s] -- Up-to-date: /home/cat/WorkSpace/Learning/ROS2/Code/chapt4/install/chapt4_interfaces/include/chapt4_interfaces/chapt4_interfaces/srv/detail/face_detector__type_support.c
[0.484s] -- Up-to-date: /home/cat/WorkSpace/Learning/ROS2/Code/chapt4/install/chapt4_interfaces/lib/libchapt4_interfaces__rosidl_typesupport_introspection_c.so
[0.485s] -- Up-to-date: /home/cat/WorkSpace/Learning/ROS2/Code/chapt4/install/chapt4_interfaces/lib/libchapt4_interfaces__rosidl_typesupport_c.so
[0.485s] -- Up-to-date: /home/cat/WorkSpace/Learning/ROS2/Code/chapt4/install/chapt4_interfaces/include/chapt4_interfaces/chapt4_interfaces
[0.485s] -- Up-to-date: /home/cat/WorkSpace/Learning/ROS2/Code/chapt4/install/chapt4_interfaces/include/chapt4_interfaces/chapt4_interfaces/srv
[0.485s] -- Up-to-date: /home/cat/WorkSpace/Learning/ROS2/Code/chapt4/install/chapt4_interfaces/include/chapt4_interfaces/chapt4_interfaces/srv/detail
[0.485s] -- Up-to-date: /home/cat/WorkSpace/Learning/ROS2/Code/chapt4/install/chapt4_interfaces/include/chapt4_interfaces/chapt4_interfaces/srv/detail/face_detector__rosidl_typesupport_introspection_cpp.hpp
[0.485s] -- Up-to-date: /home/cat/WorkSpace/Learning/ROS2/Code/chapt4/install/chapt4_interfaces/include/chapt4_interfaces/chapt4_interfaces/srv/detail/face_detector__type_support.cpp
[0.485s] -- Up-to-date: /home/cat/WorkSpace/Learning/ROS2/Code/chapt4/install/chapt4_interfaces/lib/libchapt4_interfaces__rosidl_typesupport_introspection_cpp.so
[0.485s] -- Up-to-date: /home/cat/WorkSpace/Learning/ROS2/Code/chapt4/install/chapt4_interfaces/lib/libchapt4_interfaces__rosidl_typesupport_cpp.so
[0.485s] -- Up-to-date: /home/cat/WorkSpace/Learning/ROS2/Code/chapt4/install/chapt4_interfaces/share/chapt4_interfaces/environment/pythonpath.sh
[0.486s] -- Up-to-date: /home/cat/WorkSpace/Learning/ROS2/Code/chapt4/install/chapt4_interfaces/share/chapt4_interfaces/environment/pythonpath.dsv
[0.486s] -- Up-to-date: /home/cat/WorkSpace/Learning/ROS2/Code/chapt4/install/chapt4_interfaces/local/lib/python3.10/dist-packages/chapt4_interfaces-0.0.0-py3.10.egg-info
[0.486s] -- Installing: /home/cat/WorkSpace/Learning/ROS2/Code/chapt4/install/chapt4_interfaces/local/lib/python3.10/dist-packages/chapt4_interfaces-0.0.0-py3.10.egg-info/PKG-INFO
[0.486s] -- Installing: /home/cat/WorkSpace/Learning/ROS2/Code/chapt4/install/chapt4_interfaces/local/lib/python3.10/dist-packages/chapt4_interfaces-0.0.0-py3.10.egg-info/SOURCES.txt
[0.486s] -- Installing: /home/cat/WorkSpace/Learning/ROS2/Code/chapt4/install/chapt4_interfaces/local/lib/python3.10/dist-packages/chapt4_interfaces-0.0.0-py3.10.egg-info/top_level.txt
[0.486s] -- Installing: /home/cat/WorkSpace/Learning/ROS2/Code/chapt4/install/chapt4_interfaces/local/lib/python3.10/dist-packages/chapt4_interfaces-0.0.0-py3.10.egg-info/dependency_links.txt
[0.487s] -- Up-to-date: /home/cat/WorkSpace/Learning/ROS2/Code/chapt4/install/chapt4_interfaces/local/lib/python3.10/dist-packages/chapt4_interfaces
[0.487s] -- Up-to-date: /home/cat/WorkSpace/Learning/ROS2/Code/chapt4/install/chapt4_interfaces/local/lib/python3.10/dist-packages/chapt4_interfaces/__init__.py
[0.487s] -- Up-to-date: /home/cat/WorkSpace/Learning/ROS2/Code/chapt4/install/chapt4_interfaces/local/lib/python3.10/dist-packages/chapt4_interfaces/_chapt4_interfaces_s.ep.rosidl_typesupport_fastrtps_c.c
[0.487s] -- Up-to-date: /home/cat/WorkSpace/Learning/ROS2/Code/chapt4/install/chapt4_interfaces/local/lib/python3.10/dist-packages/chapt4_interfaces/chapt4_interfaces_s__rosidl_typesupport_c.cpython-310-x86_64-linux-gnu.so
[0.487s] -- Up-to-date: /home/cat/WorkSpace/Learning/ROS2/Code/chapt4/install/chapt4_interfaces/local/lib/python3.10/dist-packages/chapt4_interfaces/srv
[0.487s] -- Up-to-date: /home/cat/WorkSpace/Learning/ROS2/Code/chapt4/install/chapt4_interfaces/local/lib/python3.10/dist-packages/chapt4_interfaces/srv/__init__.py
[0.487s] -- Up-to-date: /home/cat/WorkSpace/Learning/ROS2/Code/chapt4/install/chapt4_interfaces/local/lib/python3.10/dist-packages/chapt4_interfaces/srv/_face_detector_s.c
[0.487s] -- Up-to-date: /home/cat/WorkSpace/Learning/ROS2/Code/chapt4/install/chapt4_interfaces/local/lib/python3.10/dist-packages/chapt4_interfaces/srv/_face_detector.py
[0.487s] -- Up-to-date: /home/cat/WorkSpace/Learning/ROS2/Code/chapt4/install/chapt4_interfaces/local/lib/python3.10/dist-packages/chapt4_interfaces/_chapt4_interfaces_s.ep.rosidl_typesupport_introspection_c.c
[0.487s] -- Up-to-date: /home/cat/WorkSpace/Learning/ROS2/Code/chapt4/install/chapt4_interfaces/local/lib/python3.10/dist-packages/chapt4_interfaces/chapt4_interfaces_s__rosidl_typesupport_fastrtps_c.cpython-310-x86_64-linux-gnu.so
[0.487s] -- Up-to-date: /home/cat/WorkSpace/Learning/ROS2/Code/chapt4/install/chapt4_interfaces/local/lib/python3.10/dist-packages/chapt4_interfaces/chapt4_interfaces_s__rosidl_typesupport_introspection_c.cpython-310-x86_64-linux-gnu.so
[0.487s] -- Up-to-date: /home/cat/WorkSpace/Learning/ROS2/Code/chapt4/install/chapt4_interfaces/local/lib/python3.10/dist-packages/chapt4_interfaces/libchapt4_interfaces__rosidl_generator_py.so
[0.487s] -- Up-to-date: /home/cat/WorkSpace/Learning/ROS2/Code/chapt4/install/chapt4_interfaces/local/lib/python3.10/dist-packages/chapt4_interfaces/_chapt4_interfaces_s.ep.rosidl_typesupport_c.c
[0.515s] Listing '/home/cat/WorkSpace/Learning/ROS2/Code/chapt4/install/chapt4_interfaces/local/lib/python3.10/dist-packages/chapt4_interfaces'...
[0.515s] Listing '/home/cat/WorkSpace/Learning/ROS2/Code/chapt4/install/chapt4_interfaces/local/lib/python3.10/dist-packages/chapt4_interfaces/srv'...
[0.520s] -- Up-to-date: /home/cat/WorkSpace/Learning/ROS2/Code/chapt4/install/chapt4_interfaces/local/lib/python3.10/dist-packages/chapt4_interfaces/chapt4_interfaces_s__rosidl_typesupport_fastrtps_c.cpython-310-x86_64-linux-gnu.so
[0.520s] -- Up-to-date: /home/cat/WorkSpace/Learning/ROS2/Code/chapt4/install/chapt4_interfaces/local/lib/python3.10/dist-packages/chapt4_interfaces/chapt4_interfaces_s__rosidl_typesupport_introspection_c.cpython-310-x86_64-linux-gnu.so
[0.520s] -- Up-to-date: /home/cat/WorkSpace/Learning/ROS2/Code/chapt4/install/chapt4_interfaces/local/lib/python3.10/dist-packages/chapt4_interfaces/chapt4_interfaces_s__rosidl_typesupport_c.cpython-310-x86_64-linux-gnu.so
[0.520s] -- Up-to-date: /home/cat/WorkSpace/Learning/ROS2/Code/chapt4/install/chapt4_interfaces/lib/libchapt4_interfaces__rosidl_generator_py.so
[0.521s] -- Up-to-date: /home/cat/WorkSpace/Learning/ROS2/Code/chapt4/install/chapt4_interfaces/share/chapt4_interfaces/srv/FaceDetector.idl
[0.521s] -- Up-to-date: /home/cat/WorkSpace/Learning/ROS2/Code/chapt4/install/chapt4_interfaces/share/chapt4_interfaces/srv/FaceDetector.srv
[0.521s] -- Up-to-date: /home/cat/WorkSpace/Learning/ROS2/Code/chapt4/install/chapt4_interfaces/share/chapt4_interfaces/srv/FaceDetector_Request.msg
[0.521s] -- Up-to-date: /home/cat/WorkSpace/Learning/ROS2/Code/chapt4/install/chapt4_interfaces/share/chapt4_interfaces/srv/FaceDetector_Response.msg
[0.521s] -- Up-to-date: /home/cat/WorkSpace/Learning/ROS2/Code/chapt4/install/chapt4_interfaces/share/ament_index/resource_index/package_run_dependencies/chapt4_interfaces
[0.521s] -- Up-to-date: /home/cat/WorkSpace/Learning/ROS2/Code/chapt4/install/chapt4_interfaces/share/ament_index/resource_index/parent_prefix_path/chapt4_interfaces
[0.521s] -- Up-to-date: /home/cat/WorkSpace/Learning/ROS2/Code/chapt4/install/chapt4_interfaces/share/chapt4_interfaces/environment/ament_prefix_path.sh
[0.521s] -- Up-to-date: /home/cat/WorkSpace/Learning/ROS2/Code/chapt4/install/chapt4_interfaces/share/chapt4_interfaces/environment/ament_prefix_path.dsv
[0.521s] -- Up-to-date: /home/cat/WorkSpace/Learning/ROS2/Code/chapt4/install/chapt4_interfaces/share/chapt4_interfaces/environment/path.sh
[0.521s] -- Up-to-date: /home/cat/WorkSpace/Learning/ROS2/Code/chapt4/install/chapt4_interfaces/share/chapt4_interfaces/environment/path.dsv
[0.522s] -- Up-to-date: /home/cat/WorkSpace/Learning/ROS2/Code/chapt4/install/chapt4_interfaces/share/chapt4_interfaces/local_setup.bash
[0.522s] -- Up-to-date: /home/cat/WorkSpace/Learning/ROS2/Code/chapt4/install/chapt4_interfaces/share/chapt4_interfaces/local_setup.sh
[0.522s] -- Up-to-date: /home/cat/WorkSpace/Learning/ROS2/Code/chapt4/install/chapt4_interfaces/share/chapt4_interfaces/local_setup.zsh
[0.522s] -- Up-to-date: /home/cat/WorkSpace/Learning/ROS2/Code/chapt4/install/chapt4_interfaces/share/chapt4_interfaces/local_setup.dsv
[0.522s] -- Installing: /home/cat/WorkSpace/Learning/ROS2/Code/chapt4/install/chapt4_interfaces/share/chapt4_interfaces/package.dsv
[0.522s] -- Up-to-date: /home/cat/WorkSpace/Learning/ROS2/Code/chapt4/install/chapt4_interfaces/share/ament_index/resource_index/packages/chapt4_interfaces
[0.522s] -- Up-to-date: /home/cat/WorkSpace/Learning/ROS2/Code/chapt4/install/chapt4_interfaces/share/chapt4_interfaces/cmake/export_chapt4_interfaces__rosidl_generator_cExport.cmake
[0.522s] -- Up-to-date: /home/cat/WorkSpace/Learning/ROS2/Code/chapt4/install/chapt4_interfaces/share/chapt4_interfaces/cmake/export_chapt4_interfaces__rosidl_generator_cExport-noconfig.cmake
[0.522s] -- Up-to-date: /home/cat/WorkSpace/Learning/ROS2/Code/chapt4/install/chapt4_interfaces/share/chapt4_interfaces/cmake/export_chapt4_interfaces__rosidl_typesupport_fastrtps_cExport.cmake
[0.522s] -- Up-to-date: /home/cat/WorkSpace/Learning/ROS2/Code/chapt4/install/chapt4_interfaces/share/chapt4_interfaces/cmake/export_chapt4_interfaces__rosidl_typesupport_fastrtps_cExport-noconfig.cmake
[0.522s] -- Up-to-date: /home/cat/WorkSpace/Learning/ROS2/Code/chapt4/install/chapt4_interfaces/share/chapt4_interfaces/cmake/export_chapt4_interfaces__rosidl_generator_cppExport.cmake
[0.522s] -- Up-to-date: /home/cat/WorkSpace/Learning/ROS2/Code/chapt4/install/chapt4_interfaces/share/chapt4_interfaces/cmake/export_chapt4_interfaces__rosidl_typesupport_fastrtps_cppExport.cmake
[0.522s] -- Up-to-date: /home/cat/WorkSpace/Learning/ROS2/Code/chapt4/install/chapt4_interfaces/share/chapt4_interfaces/cmake/export_chapt4_interfaces__rosidl_typesupport_fastrtps_cppExport-noconfig.cmake
[0.523s] -- Up-to-date: /home/cat/WorkSpace/Learning/ROS2/Code/chapt4/install/chapt4_interfaces/share/chapt4_interfaces/cmake/chapt4_interfaces__rosidl_typesupport_introspection_cExport.cmake
[0.523s] -- Up-to-date: /home/cat/WorkSpace/Learning/ROS2/Code/chapt4/install/chapt4_interfaces/share/chapt4_interfaces/cmake/chapt4_interfaces__rosidl_typesupport_introspection_cExport-noconfig.cmake
[0.523s] -- Up-to-date: /home/cat/WorkSpace/Learning/ROS2/Code/chapt4/install/chapt4_interfaces/share/chapt4_interfaces/cmake/chapt4_interfaces__rosidl_typesupport_cExport.cmake
[0.523s] -- Up-to-date: /home/cat/WorkSpace/Learning/ROS2/Code/chapt4/install/chapt4_interfaces/share/chapt4_interfaces/cmake/chapt4_interfaces__rosidl_typesupport_cExport-noconfig.cmake
[0.523s] -- Up-to-date: /home/cat/WorkSpace/Learning/ROS2/Code/chapt4/install/chapt4_interfaces/share/chapt4_interfaces/cmake/chapt4_interfaces__rosidl_typesupport_introspection_cppExport.cmake
[0.523s] -- Up-to-date: /home/cat/WorkSpace/Learning/ROS2/Code/chapt4/install/chapt4_interfaces/share/chapt4_interfaces/cmake/chapt4_interfaces__rosidl_typesupport_introspection_cppExport-noconfig.cmake
[0.523s] -- Up-to-date: /home/cat/WorkSpace/Learning/ROS2/Code/chapt4/install/chapt4_interfaces/share/chapt4_interfaces/cmake/chapt4_interfaces__rosidl_typesupport_cppExport.cmake
[0.523s] -- Up-to-date: /home/cat/WorkSpace/Learning/ROS2/Code/chapt4/install/chapt4_interfaces/share/chapt4_interfaces/cmake/chapt4_interfaces__rosidl_typesupport_cppExport-noconfig.cmake
[0.523s] -- Up-to-date: /home/cat/WorkSpace/Learning/ROS2/Code/chapt4/install/chapt4_interfaces/share/chapt4_interfaces/cmake/export_chapt4_interfaces__rosidl_generator_pyExport.cmake
[0.523s] -- Up-to-date: /home/cat/WorkSpace/Learning/ROS2/Code/chapt4/install/chapt4_interfaces/share/chapt4_interfaces/cmake/export_chapt4_interfaces__rosidl_generator_pyExport-noconfig.cmake
[0.524s] -- Up-to-date: /home/cat/WorkSpace/Learning/ROS2/Code/chapt4/install/chapt4_interfaces/share/chapt4_interfaces/cmake/rosidl_cmake-extras.cmake
[0.524s] -- Up-to-date: /home/cat/WorkSpace/Learning/ROS2/Code/chapt4/install/chapt4_interfaces/share/chapt4_interfaces/cmake/ament_cmake_export_dependencies-extras.cmake
[0.524s] -- Up-to-date: /home/cat/WorkSpace/Learning/ROS2/Code/chapt4/install/chapt4_interfaces/share/chapt4_interfaces/cmake/ament_cmake_export_include_directories-extras.cmake
[0.524s] -- Up-to-date: /home/cat/WorkSpace/Learning/ROS2/Code/chapt4/install/chapt4_interfaces/share/chapt4_interfaces/cmake/ament_cmake_export_libraries-extras.cmake
[0.524s] -- Up-to-date: /home/cat/WorkSpace/Learning/ROS2/Code/chapt4/install/chapt4_interfaces/share/chapt4_interfaces/cmake/ament_cmake_export_targets-extras.cmake
[0.524s] -- Up-to-date: /home/cat/WorkSpace/Learning/ROS2/Code/chapt4/install/chapt4_interfaces/share/chapt4_interfaces/cmake/rosidl_cmake_export_typesupport_targets-extras.cmake
[0.524s] -- Up-to-date: /home/cat/WorkSpace/Learning/ROS2/Code/chapt4/install/chapt4_interfaces/share/chapt4_interfaces/cmake/rosidl_cmake_export_typesupport_libraries-extras.cmake
[0.524s] -- Up-to-date: /home/cat/WorkSpace/Learning/ROS2/Code/chapt4/install/chapt4_interfaces/share/chapt4_interfaces/cmake/chapt4_interfacesConfig.cmake
[0.524s] -- Up-to-date: /home/cat/WorkSpace/Learning/ROS2/Code/chapt4/install/chapt4_interfaces/share/chapt4_interfaces/cmake/chapt4_interfacesConfig-version.cmake
[0.524s] -- Up-to-date: /home/cat/WorkSpace/Learning/ROS2/Code/chapt4/install/chapt4_interfaces/share/chapt4_interfaces/package.xml
[0.528s] Invoked command in '/home/cat/WorkSpace/Learning/ROS2/Code/chapt4/build/chapt4_interfaces' returned '0': CMAKE_PREFIX_PATH=${CMAKE_PREFIX_PATH}:/home/cat/WorkSpace/Learning/ROS2/Code/chapt4/install/demo_python_service:/opt/ros/humble /usr/bin/cmake --install /home/cat/WorkSpace/Learning/ROS2/Code/chapt4/build/chapt4_interfaces
