[0.417s] DEBUG:colcon:Command line arguments: ['/usr/bin/colcon', 'build']
[0.417s] DEBUG:colcon:Parsed command line arguments: Namespace(log_base=None, log_level=None, verb_name='build', build_base='build', install_base='install', merge_install=False, symlink_install=False, test_result_base=None, continue_on_error=False, executor='parallel', parallel_workers=16, event_handlers=None, ignore_user_meta=False, metas=['./colcon.meta'], base_paths=['.'], packages_ignore=None, packages_ignore_regex=None, paths=None, packages_up_to=None, packages_up_to_regex=None, packages_above=None, packages_above_and_dependencies=None, packages_above_depth=None, packages_select_by_dep=None, packages_skip_by_dep=None, packages_skip_up_to=None, packages_select_build_failed=False, packages_skip_build_finished=False, packages_select_test_failures=False, packages_skip_test_passed=False, packages_select=None, packages_skip=None, packages_select_regex=None, packages_skip_regex=None, packages_start=None, packages_end=None, allow_overriding=[], cmake_args=None, cmake_target=None, cmake_target_skip_unavailable=False, cmake_clean_cache=False, cmake_clean_first=False, cmake_force_configure=False, ament_cmake_args=None, catkin_cmake_args=None, catkin_skip_building_tests=False, verb_parser=<colcon_defaults.argument_parser.defaults.DefaultArgumentsDecorator object at 0x70c9d9c3c970>, verb_extension=<colcon_core.verb.build.BuildVerb object at 0x70c9d9d39570>, main=<bound method BuildVerb.main of <colcon_core.verb.build.BuildVerb object at 0x70c9d9d39570>>)
[0.721s] Level 1:colcon.colcon_core.package_discovery:discover_packages(colcon_meta) check parameters
[0.721s] Level 1:colcon.colcon_core.package_discovery:discover_packages(recursive) check parameters
[0.721s] Level 1:colcon.colcon_core.package_discovery:discover_packages(ignore) check parameters
[0.721s] Level 1:colcon.colcon_core.package_discovery:discover_packages(path) check parameters
[0.721s] Level 1:colcon.colcon_core.package_discovery:discover_packages(colcon_meta) discover
[0.721s] Level 1:colcon.colcon_core.package_discovery:discover_packages(recursive) discover
[0.721s] INFO:colcon.colcon_core.package_discovery:Crawling recursively for packages in '/home/cat/WorkSpace/Learning/ROS2/Code/chapt3/topic_ws'
[0.721s] Level 1:colcon.colcon_core.package_identification:_identify(.) by extensions ['ignore', 'ignore_ament_install']
[0.721s] Level 1:colcon.colcon_core.package_identification:_identify(.) by extension 'ignore'
[0.721s] Level 1:colcon.colcon_core.package_identification:_identify(.) by extension 'ignore_ament_install'
[0.721s] Level 1:colcon.colcon_core.package_identification:_identify(.) by extensions ['colcon_pkg']
[0.721s] Level 1:colcon.colcon_core.package_identification:_identify(.) by extension 'colcon_pkg'
[0.721s] Level 1:colcon.colcon_core.package_identification:_identify(.) by extensions ['colcon_meta']
[0.721s] Level 1:colcon.colcon_core.package_identification:_identify(.) by extension 'colcon_meta'
[0.721s] Level 1:colcon.colcon_core.package_identification:_identify(.) by extensions ['ros']
[0.721s] Level 1:colcon.colcon_core.package_identification:_identify(.) by extension 'ros'
[0.737s] Level 1:colcon.colcon_core.package_identification:_identify(.) by extensions ['cmake', 'python']
[0.738s] Level 1:colcon.colcon_core.package_identification:_identify(.) by extension 'cmake'
[0.738s] Level 1:colcon.colcon_core.package_identification:_identify(.) by extension 'python'
[0.738s] Level 1:colcon.colcon_core.package_identification:_identify(.) by extensions ['python_setup_py']
[0.738s] Level 1:colcon.colcon_core.package_identification:_identify(.) by extension 'python_setup_py'
[0.738s] Level 1:colcon.colcon_core.package_identification:_identify(build) by extensions ['ignore', 'ignore_ament_install']
[0.738s] Level 1:colcon.colcon_core.package_identification:_identify(build) by extension 'ignore'
[0.738s] Level 1:colcon.colcon_core.package_identification:_identify(build) ignored
[0.738s] Level 1:colcon.colcon_core.package_identification:_identify(install) by extensions ['ignore', 'ignore_ament_install']
[0.738s] Level 1:colcon.colcon_core.package_identification:_identify(install) by extension 'ignore'
[0.738s] Level 1:colcon.colcon_core.package_identification:_identify(install) ignored
[0.738s] Level 1:colcon.colcon_core.package_identification:_identify(log) by extensions ['ignore', 'ignore_ament_install']
[0.739s] Level 1:colcon.colcon_core.package_identification:_identify(log) by extension 'ignore'
[0.739s] Level 1:colcon.colcon_core.package_identification:_identify(log) ignored
[0.739s] Level 1:colcon.colcon_core.package_identification:_identify(src) by extensions ['ignore', 'ignore_ament_install']
[0.739s] Level 1:colcon.colcon_core.package_identification:_identify(src) by extension 'ignore'
[0.739s] Level 1:colcon.colcon_core.package_identification:_identify(src) by extension 'ignore_ament_install'
[0.739s] Level 1:colcon.colcon_core.package_identification:_identify(src) by extensions ['colcon_pkg']
[0.739s] Level 1:colcon.colcon_core.package_identification:_identify(src) by extension 'colcon_pkg'
[0.739s] Level 1:colcon.colcon_core.package_identification:_identify(src) by extensions ['colcon_meta']
[0.739s] Level 1:colcon.colcon_core.package_identification:_identify(src) by extension 'colcon_meta'
[0.739s] Level 1:colcon.colcon_core.package_identification:_identify(src) by extensions ['ros']
[0.739s] Level 1:colcon.colcon_core.package_identification:_identify(src) by extension 'ros'
[0.739s] Level 1:colcon.colcon_core.package_identification:_identify(src) by extensions ['cmake', 'python']
[0.739s] Level 1:colcon.colcon_core.package_identification:_identify(src) by extension 'cmake'
[0.739s] Level 1:colcon.colcon_core.package_identification:_identify(src) by extension 'python'
[0.739s] Level 1:colcon.colcon_core.package_identification:_identify(src) by extensions ['python_setup_py']
[0.739s] Level 1:colcon.colcon_core.package_identification:_identify(src) by extension 'python_setup_py'
[0.739s] Level 1:colcon.colcon_core.package_identification:_identify(src/demo_cpp_topic) by extensions ['ignore', 'ignore_ament_install']
[0.739s] Level 1:colcon.colcon_core.package_identification:_identify(src/demo_cpp_topic) by extension 'ignore'
[0.739s] Level 1:colcon.colcon_core.package_identification:_identify(src/demo_cpp_topic) by extension 'ignore_ament_install'
[0.739s] Level 1:colcon.colcon_core.package_identification:_identify(src/demo_cpp_topic) by extensions ['colcon_pkg']
[0.739s] Level 1:colcon.colcon_core.package_identification:_identify(src/demo_cpp_topic) by extension 'colcon_pkg'
[0.739s] Level 1:colcon.colcon_core.package_identification:_identify(src/demo_cpp_topic) by extensions ['colcon_meta']
[0.739s] Level 1:colcon.colcon_core.package_identification:_identify(src/demo_cpp_topic) by extension 'colcon_meta'
[0.739s] Level 1:colcon.colcon_core.package_identification:_identify(src/demo_cpp_topic) by extensions ['ros']
[0.740s] Level 1:colcon.colcon_core.package_identification:_identify(src/demo_cpp_topic) by extension 'ros'
[0.744s] DEBUG:colcon.colcon_core.package_identification:Package 'src/demo_cpp_topic' with type 'ros.ament_cmake' and name 'demo_cpp_topic'
[0.744s] Level 1:colcon.colcon_core.package_identification:_identify(src/demo_python_topic) by extensions ['ignore', 'ignore_ament_install']
[0.744s] Level 1:colcon.colcon_core.package_identification:_identify(src/demo_python_topic) by extension 'ignore'
[0.744s] Level 1:colcon.colcon_core.package_identification:_identify(src/demo_python_topic) by extension 'ignore_ament_install'
[0.744s] Level 1:colcon.colcon_core.package_identification:_identify(src/demo_python_topic) by extensions ['colcon_pkg']
[0.744s] Level 1:colcon.colcon_core.package_identification:_identify(src/demo_python_topic) by extension 'colcon_pkg'
[0.744s] Level 1:colcon.colcon_core.package_identification:_identify(src/demo_python_topic) by extensions ['colcon_meta']
[0.744s] Level 1:colcon.colcon_core.package_identification:_identify(src/demo_python_topic) by extension 'colcon_meta'
[0.745s] Level 1:colcon.colcon_core.package_identification:_identify(src/demo_python_topic) by extensions ['ros']
[0.745s] Level 1:colcon.colcon_core.package_identification:_identify(src/demo_python_topic) by extension 'ros'
[0.746s] DEBUG:colcon.colcon_core.package_identification:Package 'src/demo_python_topic' with type 'ros.ament_python' and name 'demo_python_topic'
[0.746s] Level 1:colcon.colcon_core.package_discovery:discover_packages(recursive) using defaults
[0.746s] Level 1:colcon.colcon_core.package_discovery:discover_packages(ignore) discover
[0.746s] Level 1:colcon.colcon_core.package_discovery:discover_packages(ignore) using defaults
[0.746s] Level 1:colcon.colcon_core.package_discovery:discover_packages(path) discover
[0.746s] Level 1:colcon.colcon_core.package_discovery:discover_packages(path) using defaults
[0.785s] Level 1:colcon.colcon_core.package_discovery:discover_packages(prefix_path) check parameters
[0.785s] Level 1:colcon.colcon_core.package_discovery:discover_packages(prefix_path) discover
[0.792s] DEBUG:colcon.colcon_installed_package_information.package_discovery:Found 315 installed packages in /opt/ros/humble
[0.803s] Level 1:colcon.colcon_core.package_discovery:discover_packages(prefix_path) using defaults
[0.954s] Level 5:colcon.colcon_core.verb:set package 'demo_cpp_topic' build argument 'cmake_args' from command line to 'None'
[0.954s] Level 5:colcon.colcon_core.verb:set package 'demo_cpp_topic' build argument 'cmake_target' from command line to 'None'
[0.954s] Level 5:colcon.colcon_core.verb:set package 'demo_cpp_topic' build argument 'cmake_target_skip_unavailable' from command line to 'False'
[0.954s] Level 5:colcon.colcon_core.verb:set package 'demo_cpp_topic' build argument 'cmake_clean_cache' from command line to 'False'
[0.954s] Level 5:colcon.colcon_core.verb:set package 'demo_cpp_topic' build argument 'cmake_clean_first' from command line to 'False'
[0.954s] Level 5:colcon.colcon_core.verb:set package 'demo_cpp_topic' build argument 'cmake_force_configure' from command line to 'False'
[0.954s] Level 5:colcon.colcon_core.verb:set package 'demo_cpp_topic' build argument 'ament_cmake_args' from command line to 'None'
[0.954s] Level 5:colcon.colcon_core.verb:set package 'demo_cpp_topic' build argument 'catkin_cmake_args' from command line to 'None'
[0.954s] Level 5:colcon.colcon_core.verb:set package 'demo_cpp_topic' build argument 'catkin_skip_building_tests' from command line to 'False'
[0.954s] DEBUG:colcon.colcon_core.verb:Building package 'demo_cpp_topic' with the following arguments: {'ament_cmake_args': None, 'build_base': '/home/cat/WorkSpace/Learning/ROS2/Code/chapt3/topic_ws/build/demo_cpp_topic', 'catkin_cmake_args': None, 'catkin_skip_building_tests': False, 'cmake_args': None, 'cmake_clean_cache': False, 'cmake_clean_first': False, 'cmake_force_configure': False, 'cmake_target': None, 'cmake_target_skip_unavailable': False, 'install_base': '/home/cat/WorkSpace/Learning/ROS2/Code/chapt3/topic_ws/install/demo_cpp_topic', 'merge_install': False, 'path': '/home/cat/WorkSpace/Learning/ROS2/Code/chapt3/topic_ws/src/demo_cpp_topic', 'symlink_install': False, 'test_result_base': None}
[0.955s] Level 5:colcon.colcon_core.verb:set package 'demo_python_topic' build argument 'cmake_args' from command line to 'None'
[0.955s] Level 5:colcon.colcon_core.verb:set package 'demo_python_topic' build argument 'cmake_target' from command line to 'None'
[0.955s] Level 5:colcon.colcon_core.verb:set package 'demo_python_topic' build argument 'cmake_target_skip_unavailable' from command line to 'False'
[0.955s] Level 5:colcon.colcon_core.verb:set package 'demo_python_topic' build argument 'cmake_clean_cache' from command line to 'False'
[0.955s] Level 5:colcon.colcon_core.verb:set package 'demo_python_topic' build argument 'cmake_clean_first' from command line to 'False'
[0.955s] Level 5:colcon.colcon_core.verb:set package 'demo_python_topic' build argument 'cmake_force_configure' from command line to 'False'
[0.955s] Level 5:colcon.colcon_core.verb:set package 'demo_python_topic' build argument 'ament_cmake_args' from command line to 'None'
[0.955s] Level 5:colcon.colcon_core.verb:set package 'demo_python_topic' build argument 'catkin_cmake_args' from command line to 'None'
[0.955s] Level 5:colcon.colcon_core.verb:set package 'demo_python_topic' build argument 'catkin_skip_building_tests' from command line to 'False'
[0.955s] DEBUG:colcon.colcon_core.verb:Building package 'demo_python_topic' with the following arguments: {'ament_cmake_args': None, 'build_base': '/home/cat/WorkSpace/Learning/ROS2/Code/chapt3/topic_ws/build/demo_python_topic', 'catkin_cmake_args': None, 'catkin_skip_building_tests': False, 'cmake_args': None, 'cmake_clean_cache': False, 'cmake_clean_first': False, 'cmake_force_configure': False, 'cmake_target': None, 'cmake_target_skip_unavailable': False, 'install_base': '/home/cat/WorkSpace/Learning/ROS2/Code/chapt3/topic_ws/install/demo_python_topic', 'merge_install': False, 'path': '/home/cat/WorkSpace/Learning/ROS2/Code/chapt3/topic_ws/src/demo_python_topic', 'symlink_install': False, 'test_result_base': None}
[0.955s] INFO:colcon.colcon_core.executor:Executing jobs using 'parallel' executor
[0.956s] DEBUG:colcon.colcon_parallel_executor.executor.parallel:run_until_complete
[0.957s] INFO:colcon.colcon_ros.task.ament_cmake.build:Building ROS package in '/home/cat/WorkSpace/Learning/ROS2/Code/chapt3/topic_ws/src/demo_cpp_topic' with build type 'ament_cmake'
[0.957s] INFO:colcon.colcon_cmake.task.cmake.build:Building CMake package in '/home/cat/WorkSpace/Learning/ROS2/Code/chapt3/topic_ws/src/demo_cpp_topic'
[0.966s] INFO:colcon.colcon_core.plugin_system:Skipping extension 'colcon_core.shell.bat': Not used on non-Windows systems
[0.966s] INFO:colcon.colcon_core.shell:Skip shell extension 'powershell' for command environment: Not usable outside of PowerShell
[0.966s] DEBUG:colcon.colcon_core.shell:Skip shell extension 'dsv' for command environment
[0.970s] INFO:colcon.colcon_ros.task.ament_python.build:Building ROS package in '/home/cat/WorkSpace/Learning/ROS2/Code/chapt3/topic_ws/src/demo_python_topic' with build type 'ament_python'
[0.970s] Level 1:colcon.colcon_core.shell:create_environment_hook('demo_python_topic', 'ament_prefix_path')
[0.971s] INFO:colcon.colcon_core.shell:Creating environment hook '/home/cat/WorkSpace/Learning/ROS2/Code/chapt3/topic_ws/install/demo_python_topic/share/demo_python_topic/hook/ament_prefix_path.ps1'
[0.974s] INFO:colcon.colcon_core.shell:Creating environment descriptor '/home/cat/WorkSpace/Learning/ROS2/Code/chapt3/topic_ws/install/demo_python_topic/share/demo_python_topic/hook/ament_prefix_path.dsv'
[0.975s] INFO:colcon.colcon_core.shell:Creating environment hook '/home/cat/WorkSpace/Learning/ROS2/Code/chapt3/topic_ws/install/demo_python_topic/share/demo_python_topic/hook/ament_prefix_path.sh'
[0.977s] INFO:colcon.colcon_core.shell:Skip shell extension 'powershell' for command environment: Not usable outside of PowerShell
[0.977s] DEBUG:colcon.colcon_core.shell:Skip shell extension 'dsv' for command environment
[0.983s] DEBUG:colcon.colcon_core.event_handler.log_command:Invoking command in '/home/cat/WorkSpace/Learning/ROS2/Code/chapt3/topic_ws/build/demo_cpp_topic': CMAKE_PREFIX_PATH=/opt/ros/humble /usr/bin/cmake /home/cat/WorkSpace/Learning/ROS2/Code/chapt3/topic_ws/src/demo_cpp_topic -DCMAKE_INSTALL_PREFIX=/home/cat/WorkSpace/Learning/ROS2/Code/chapt3/topic_ws/install/demo_cpp_topic
[1.207s] INFO:colcon.colcon_core.task.python.build:Building Python package in '/home/cat/WorkSpace/Learning/ROS2/Code/chapt3/topic_ws/src/demo_python_topic'
[1.208s] INFO:colcon.colcon_core.shell:Skip shell extension 'powershell' for command environment: Not usable outside of PowerShell
[1.208s] DEBUG:colcon.colcon_core.shell:Skip shell extension 'dsv' for command environment
[1.763s] DEBUG:colcon.colcon_core.event_handler.log_command:Invoking command in '/home/cat/WorkSpace/Learning/ROS2/Code/chapt3/topic_ws/src/demo_python_topic': PYTHONPATH=/home/cat/WorkSpace/Learning/ROS2/Code/chapt3/topic_ws/build/demo_python_topic/prefix_override:/usr/lib/python3/dist-packages/colcon_core/task/python/colcon_distutils_commands:/home/cat/WorkSpace/Learning/ROS2/Code/chapt3/topic_ws/install/demo_python_topic/lib/python3.10/site-packages:${PYTHONPATH} /usr/bin/python3 -W ignore:setup.py install is deprecated setup.py egg_info --egg-base ../../build/demo_python_topic build --build-base /home/cat/WorkSpace/Learning/ROS2/Code/chapt3/topic_ws/build/demo_python_topic/build install --record /home/cat/WorkSpace/Learning/ROS2/Code/chapt3/topic_ws/build/demo_python_topic/install.log --single-version-externally-managed install_data
[2.044s] DEBUG:colcon.colcon_core.event_handler.log_command:Invoked command in '/home/cat/WorkSpace/Learning/ROS2/Code/chapt3/topic_ws/src/demo_python_topic' returned '0': PYTHONPATH=/home/cat/WorkSpace/Learning/ROS2/Code/chapt3/topic_ws/build/demo_python_topic/prefix_override:/usr/lib/python3/dist-packages/colcon_core/task/python/colcon_distutils_commands:/home/cat/WorkSpace/Learning/ROS2/Code/chapt3/topic_ws/install/demo_python_topic/lib/python3.10/site-packages:${PYTHONPATH} /usr/bin/python3 -W ignore:setup.py install is deprecated setup.py egg_info --egg-base ../../build/demo_python_topic build --build-base /home/cat/WorkSpace/Learning/ROS2/Code/chapt3/topic_ws/build/demo_python_topic/build install --record /home/cat/WorkSpace/Learning/ROS2/Code/chapt3/topic_ws/build/demo_python_topic/install.log --single-version-externally-managed install_data
[2.054s] Level 1:colcon.colcon_core.environment:checking '/home/cat/WorkSpace/Learning/ROS2/Code/chapt3/topic_ws/install/demo_python_topic' for CMake module files
[2.055s] Level 1:colcon.colcon_core.environment:checking '/home/cat/WorkSpace/Learning/ROS2/Code/chapt3/topic_ws/install/demo_python_topic' for CMake config files
[2.056s] Level 1:colcon.colcon_core.environment:checking '/home/cat/WorkSpace/Learning/ROS2/Code/chapt3/topic_ws/install/demo_python_topic/lib'
[2.056s] Level 1:colcon.colcon_core.environment:checking '/home/cat/WorkSpace/Learning/ROS2/Code/chapt3/topic_ws/install/demo_python_topic/bin'
[2.056s] Level 1:colcon.colcon_core.environment:checking '/home/cat/WorkSpace/Learning/ROS2/Code/chapt3/topic_ws/install/demo_python_topic/lib/pkgconfig/demo_python_topic.pc'
[2.056s] Level 1:colcon.colcon_core.environment:checking '/home/cat/WorkSpace/Learning/ROS2/Code/chapt3/topic_ws/install/demo_python_topic/lib/python3.10/site-packages'
[2.057s] Level 1:colcon.colcon_core.shell:create_environment_hook('demo_python_topic', 'pythonpath')
[2.057s] INFO:colcon.colcon_core.shell:Creating environment hook '/home/cat/WorkSpace/Learning/ROS2/Code/chapt3/topic_ws/install/demo_python_topic/share/demo_python_topic/hook/pythonpath.ps1'
[2.057s] INFO:colcon.colcon_core.shell:Creating environment descriptor '/home/cat/WorkSpace/Learning/ROS2/Code/chapt3/topic_ws/install/demo_python_topic/share/demo_python_topic/hook/pythonpath.dsv'
[2.058s] INFO:colcon.colcon_core.shell:Creating environment hook '/home/cat/WorkSpace/Learning/ROS2/Code/chapt3/topic_ws/install/demo_python_topic/share/demo_python_topic/hook/pythonpath.sh'
[2.058s] Level 1:colcon.colcon_core.environment:checking '/home/cat/WorkSpace/Learning/ROS2/Code/chapt3/topic_ws/install/demo_python_topic/bin'
[2.059s] Level 1:colcon.colcon_core.environment:create_environment_scripts_only(demo_python_topic)
[2.059s] INFO:colcon.colcon_core.shell:Creating package script '/home/cat/WorkSpace/Learning/ROS2/Code/chapt3/topic_ws/install/demo_python_topic/share/demo_python_topic/package.ps1'
[2.060s] INFO:colcon.colcon_core.shell:Creating package descriptor '/home/cat/WorkSpace/Learning/ROS2/Code/chapt3/topic_ws/install/demo_python_topic/share/demo_python_topic/package.dsv'
[2.062s] INFO:colcon.colcon_core.shell:Creating package script '/home/cat/WorkSpace/Learning/ROS2/Code/chapt3/topic_ws/install/demo_python_topic/share/demo_python_topic/package.sh'
[2.063s] INFO:colcon.colcon_core.shell:Creating package script '/home/cat/WorkSpace/Learning/ROS2/Code/chapt3/topic_ws/install/demo_python_topic/share/demo_python_topic/package.bash'
[2.064s] INFO:colcon.colcon_core.shell:Creating package script '/home/cat/WorkSpace/Learning/ROS2/Code/chapt3/topic_ws/install/demo_python_topic/share/demo_python_topic/package.zsh'
[2.066s] Level 1:colcon.colcon_core.environment:create_file_with_runtime_dependencies(/home/cat/WorkSpace/Learning/ROS2/Code/chapt3/topic_ws/install/demo_python_topic/share/colcon-core/packages/demo_python_topic)
[2.691s] DEBUG:colcon.colcon_core.event_handler.log_command:Invoked command in '/home/cat/WorkSpace/Learning/ROS2/Code/chapt3/topic_ws/build/demo_cpp_topic' returned '1': CMAKE_PREFIX_PATH=/opt/ros/humble /usr/bin/cmake /home/cat/WorkSpace/Learning/ROS2/Code/chapt3/topic_ws/src/demo_cpp_topic -DCMAKE_INSTALL_PREFIX=/home/cat/WorkSpace/Learning/ROS2/Code/chapt3/topic_ws/install/demo_cpp_topic
[2.706s] Level 1:colcon.colcon_core.environment:create_environment_scripts_only(demo_cpp_topic)
[2.707s] Level 1:colcon.colcon_core.environment:checking '/home/cat/WorkSpace/Learning/ROS2/Code/chapt3/topic_ws/install/demo_cpp_topic' for CMake module files
[2.707s] Level 1:colcon.colcon_core.environment:checking '/home/cat/WorkSpace/Learning/ROS2/Code/chapt3/topic_ws/install/demo_cpp_topic' for CMake config files
[2.707s] Level 1:colcon.colcon_core.environment:checking '/home/cat/WorkSpace/Learning/ROS2/Code/chapt3/topic_ws/install/demo_cpp_topic/bin'
[2.707s] Level 1:colcon.colcon_core.environment:checking '/home/cat/WorkSpace/Learning/ROS2/Code/chapt3/topic_ws/install/demo_cpp_topic/lib/pkgconfig/demo_cpp_topic.pc'
[2.707s] Level 1:colcon.colcon_core.environment:checking '/home/cat/WorkSpace/Learning/ROS2/Code/chapt3/topic_ws/install/demo_cpp_topic/lib/python3.10/site-packages'
[2.708s] Level 1:colcon.colcon_core.environment:checking '/home/cat/WorkSpace/Learning/ROS2/Code/chapt3/topic_ws/install/demo_cpp_topic/bin'
[2.708s] INFO:colcon.colcon_core.shell:Creating package script '/home/cat/WorkSpace/Learning/ROS2/Code/chapt3/topic_ws/install/demo_cpp_topic/share/demo_cpp_topic/package.ps1'
[2.708s] INFO:colcon.colcon_core.shell:Creating package descriptor '/home/cat/WorkSpace/Learning/ROS2/Code/chapt3/topic_ws/install/demo_cpp_topic/share/demo_cpp_topic/package.dsv'
[2.709s] INFO:colcon.colcon_core.shell:Creating package script '/home/cat/WorkSpace/Learning/ROS2/Code/chapt3/topic_ws/install/demo_cpp_topic/share/demo_cpp_topic/package.sh'
[2.709s] INFO:colcon.colcon_core.shell:Creating package script '/home/cat/WorkSpace/Learning/ROS2/Code/chapt3/topic_ws/install/demo_cpp_topic/share/demo_cpp_topic/package.bash'
[2.709s] INFO:colcon.colcon_core.shell:Creating package script '/home/cat/WorkSpace/Learning/ROS2/Code/chapt3/topic_ws/install/demo_cpp_topic/share/demo_cpp_topic/package.zsh'
[2.710s] Level 1:colcon.colcon_core.environment:create_file_with_runtime_dependencies(/home/cat/WorkSpace/Learning/ROS2/Code/chapt3/topic_ws/install/demo_cpp_topic/share/colcon-core/packages/demo_cpp_topic)
[2.720s] DEBUG:colcon.colcon_parallel_executor.executor.parallel:closing loop
[2.721s] DEBUG:colcon.colcon_parallel_executor.executor.parallel:loop closed
[2.721s] DEBUG:colcon.colcon_parallel_executor.executor.parallel:run_until_complete finished with '1'
[2.721s] DEBUG:colcon.colcon_core.event_reactor:joining thread
[2.740s] INFO:colcon.colcon_core.plugin_system:Skipping extension 'colcon_notification.desktop_notification.terminal_notifier': Not used on non-Darwin systems
[2.740s] INFO:colcon.colcon_core.plugin_system:Skipping extension 'colcon_notification.desktop_notification.win32': Not used on non-Windows systems
[2.740s] INFO:colcon.colcon_notification.desktop_notification:Sending desktop notification using 'notify2'
[2.821s] DEBUG:colcon.colcon_core.event_reactor:joined thread
[2.821s] INFO:colcon.colcon_core.shell:Creating prefix script '/home/cat/WorkSpace/Learning/ROS2/Code/chapt3/topic_ws/install/local_setup.ps1'
[2.823s] INFO:colcon.colcon_core.shell:Creating prefix util module '/home/cat/WorkSpace/Learning/ROS2/Code/chapt3/topic_ws/install/_local_setup_util_ps1.py'
[2.824s] INFO:colcon.colcon_core.shell:Creating prefix chain script '/home/cat/WorkSpace/Learning/ROS2/Code/chapt3/topic_ws/install/setup.ps1'
[2.826s] INFO:colcon.colcon_core.shell:Creating prefix script '/home/cat/WorkSpace/Learning/ROS2/Code/chapt3/topic_ws/install/local_setup.sh'
[2.827s] INFO:colcon.colcon_core.shell:Creating prefix util module '/home/cat/WorkSpace/Learning/ROS2/Code/chapt3/topic_ws/install/_local_setup_util_sh.py'
[2.827s] INFO:colcon.colcon_core.shell:Creating prefix chain script '/home/cat/WorkSpace/Learning/ROS2/Code/chapt3/topic_ws/install/setup.sh'
[2.828s] INFO:colcon.colcon_core.shell:Creating prefix script '/home/cat/WorkSpace/Learning/ROS2/Code/chapt3/topic_ws/install/local_setup.bash'
[2.829s] INFO:colcon.colcon_core.shell:Creating prefix chain script '/home/cat/WorkSpace/Learning/ROS2/Code/chapt3/topic_ws/install/setup.bash'
[2.830s] INFO:colcon.colcon_core.shell:Creating prefix script '/home/cat/WorkSpace/Learning/ROS2/Code/chapt3/topic_ws/install/local_setup.zsh'
[2.832s] INFO:colcon.colcon_core.shell:Creating prefix chain script '/home/cat/WorkSpace/Learning/ROS2/Code/chapt3/topic_ws/install/setup.zsh'
