running egg_info
creating ../../build/demo_python_node/demo_python_node.egg-info
writing ../../build/demo_python_node/demo_python_node.egg-info/PKG-INFO
writing dependency_links to ../../build/demo_python_node/demo_python_node.egg-info/dependency_links.txt
writing entry points to ../../build/demo_python_node/demo_python_node.egg-info/entry_points.txt
writing requirements to ../../build/demo_python_node/demo_python_node.egg-info/requires.txt
writing top-level names to ../../build/demo_python_node/demo_python_node.egg-info/top_level.txt
writing manifest file '../../build/demo_python_node/demo_python_node.egg-info/SOURCES.txt'
reading manifest file '../../build/demo_python_node/demo_python_node.egg-info/SOURCES.txt'
adding license file 'LICENSE'
writing manifest file '../../build/demo_python_node/demo_python_node.egg-info/SOURCES.txt'
running build
running build_py
creating /home/cat/WorkSpace/Code/ROS2/chapt2/chapt2_ws/build/demo_python_node/build
creating /home/cat/WorkSpace/Code/ROS2/chapt2/chapt2_ws/build/demo_python_node/build/lib
creating /home/cat/WorkSpace/Code/ROS2/chapt2/chapt2_ws/build/demo_python_node/build/lib/demo_python_node
copying demo_python_node/__init__.py -> /home/cat/WorkSpace/Code/ROS2/chapt2/chapt2_ws/build/demo_python_node/build/lib/demo_python_node
copying demo_python_node/python_node.py -> /home/cat/WorkSpace/Code/ROS2/chapt2/chapt2_ws/build/demo_python_node/build/lib/demo_python_node
copying demo_python_node/person_node.py -> /home/cat/WorkSpace/Code/ROS2/chapt2/chapt2_ws/build/demo_python_node/build/lib/demo_python_node
running install
running install_lib
creating /home/cat/WorkSpace/Code/ROS2/chapt2/chapt2_ws/install/demo_python_node/lib/python3.10/site-packages/demo_python_node
copying /home/cat/WorkSpace/Code/ROS2/chapt2/chapt2_ws/build/demo_python_node/build/lib/demo_python_node/__init__.py -> /home/cat/WorkSpace/Code/ROS2/chapt2/chapt2_ws/install/demo_python_node/lib/python3.10/site-packages/demo_python_node
copying /home/cat/WorkSpace/Code/ROS2/chapt2/chapt2_ws/build/demo_python_node/build/lib/demo_python_node/python_node.py -> /home/cat/WorkSpace/Code/ROS2/chapt2/chapt2_ws/install/demo_python_node/lib/python3.10/site-packages/demo_python_node
copying /home/cat/WorkSpace/Code/ROS2/chapt2/chapt2_ws/build/demo_python_node/build/lib/demo_python_node/person_node.py -> /home/cat/WorkSpace/Code/ROS2/chapt2/chapt2_ws/install/demo_python_node/lib/python3.10/site-packages/demo_python_node
byte-compiling /home/cat/WorkSpace/Code/ROS2/chapt2/chapt2_ws/install/demo_python_node/lib/python3.10/site-packages/demo_python_node/__init__.py to __init__.cpython-310.pyc
byte-compiling /home/cat/WorkSpace/Code/ROS2/chapt2/chapt2_ws/install/demo_python_node/lib/python3.10/site-packages/demo_python_node/python_node.py to python_node.cpython-310.pyc
byte-compiling /home/cat/WorkSpace/Code/ROS2/chapt2/chapt2_ws/install/demo_python_node/lib/python3.10/site-packages/demo_python_node/person_node.py to person_node.cpython-310.pyc
running install_data
creating /home/cat/WorkSpace/Code/ROS2/chapt2/chapt2_ws/install/demo_python_node/share/ament_index
creating /home/cat/WorkSpace/Code/ROS2/chapt2/chapt2_ws/install/demo_python_node/share/ament_index/resource_index
creating /home/cat/WorkSpace/Code/ROS2/chapt2/chapt2_ws/install/demo_python_node/share/ament_index/resource_index/packages
copying resource/demo_python_node -> /home/cat/WorkSpace/Code/ROS2/chapt2/chapt2_ws/install/demo_python_node/share/ament_index/resource_index/packages
copying package.xml -> /home/cat/WorkSpace/Code/ROS2/chapt2/chapt2_ws/install/demo_python_node/share/demo_python_node
running install_egg_info
Copying ../../build/demo_python_node/demo_python_node.egg-info to /home/cat/WorkSpace/Code/ROS2/chapt2/chapt2_ws/install/demo_python_node/lib/python3.10/site-packages/demo_python_node-0.0.0-py3.10.egg-info
running install_scripts
Installing person_node script to /home/cat/WorkSpace/Code/ROS2/chapt2/chapt2_ws/install/demo_python_node/lib/demo_python_node
Installing python_node script to /home/cat/WorkSpace/Code/ROS2/chapt2/chapt2_ws/install/demo_python_node/lib/demo_python_node
writing list of installed files to '/home/cat/WorkSpace/Code/ROS2/chapt2/chapt2_ws/build/demo_python_node/install.log'
